     1   1416.000      273.083        85.708      -191.387        2.133        0.044        0.024       11.733     -558.063
     2   1416.000       26.227        75.227      -279.661        2.088        0.640        0.266        1.942     -558.063
     3   1261.000       11.156      -484.734       219.198        0.055        0.013        0.011        0.579     -494.363
     4   1262.000       11.418      -484.709       219.170        0.056        0.013        0.011        0.609     -494.774
     5   1263.000       10.926      -484.661       219.149        0.052        0.013        0.011        0.583     -495.185
     6   1264.000       10.171      -484.625       219.107        0.051        0.013        0.011        0.528     -495.596
     7   1275.000       10.710      -484.733       218.921        0.050        0.013        0.011        0.487     -500.117
     8   1276.000       12.314      -484.822       218.920        0.059        0.013        0.011        0.511     -500.528
     9   1277.000       14.001      -484.850       218.914        0.067        0.013        0.011        0.594     -500.939
    10   1278.000       15.132      -484.877       218.895        0.076        0.014        0.011        0.646     -501.350
    11   1279.000       15.819      -484.838       218.809        0.082        0.015        0.012        0.625     -501.761
    12   1280.000       16.254      -484.748       218.695        0.094        0.017        0.013        0.653     -502.172
    13   1281.000       17.158      -484.453       218.521        0.101        0.018        0.014        0.645     -502.583
    14   1282.000       18.683      -484.151       218.352        0.109        0.018        0.014        0.669     -502.994
    15   1283.000       20.494      -483.808       218.181        0.123        0.018        0.014        0.579     -503.405
    16   1284.000       21.748      -483.532       218.044        0.131        0.018        0.014        0.605     -503.816
    17   1285.000       21.983      -483.294       217.932        0.138        0.018        0.014        0.575     -504.227
    18   1286.000       21.070      -483.115       217.857        0.135        0.018        0.014        0.493     -504.638
    19   1287.000       19.384      -482.982       217.724        0.122        0.018        0.014        0.470     -505.048
    20   1288.000       17.565      -482.854       217.570        0.115        0.018        0.014        0.436     -505.459
    21   1289.000       16.682      -482.614       217.366        0.109        0.018        0.014        0.359     -505.870
    22   1290.000       16.728      -482.415       217.174        0.111        0.018        0.015        0.426     -506.281
    23   1291.000       16.630      -482.232       216.998        0.113        0.018        0.015        0.409     -506.692
    24   1292.000       15.602      -482.176       216.930        0.108        0.019        0.015        0.442     -507.103
    25   1293.000       13.300      -482.152       216.875        0.099        0.020        0.016        0.398     -507.514
    26   1294.000       10.843      -482.155       216.862        0.096        0.024        0.019        0.340     -507.925
    27   1296.000       13.194      -577.790       237.406        0.126        0.035        0.023        0.639     -508.747
    28   1297.000       20.037      -577.643       237.257        0.166        0.030        0.020        0.834     -509.158
    29   1298.000       27.409      -577.561       237.148        0.216        0.029        0.018        0.983     -509.569
    30   1299.000       32.978      -577.348       236.965        0.270        0.032        0.019        1.108     -509.980
    31   1300.000       36.478      -576.876       236.730        0.319        0.038        0.021        1.237     -510.391
    32   1300.000       12.568      -531.314       223.619        0.321        0.108        0.057        0.552     -510.391
    33   1301.000       37.549      -576.062       236.461        0.365        0.051        0.023        1.069     -510.802
    34   1301.000       20.423      -531.009       223.457        0.376        0.067        0.041        0.694     -510.802
    35   1302.000       39.530      -574.740       236.134        0.421        0.056        0.025        0.813     -511.213
    36   1302.000       32.194      -531.030       223.343        0.436        0.047        0.030        0.850     -511.213
    37   1303.000       46.663      -531.068       223.283        0.493        0.035        0.023        1.110     -511.624
    38   1303.000       44.293      -573.680       235.888        0.479        0.048        0.025        0.856     -511.624
    39   1303.000       11.035      -578.783       142.794        0.462        0.267        0.125        0.443     -511.624
    40   1304.000       64.563      -531.148       223.238        0.576        0.029        0.020        1.291     -512.035
    41   1304.000       49.133      -573.026       235.669        0.565        0.044        0.027        0.904     -512.035
    42   1304.000       11.963      -577.844       142.440        0.541        0.264        0.135        0.440     -512.035
    43   1305.000       82.068      -531.175       223.254        0.637        0.024        0.017        1.448     -512.446
    44   1305.000       49.408      -572.696       235.485        0.625        0.046        0.030        0.939     -512.446
    45   1305.000       13.705      -579.258       142.543        0.594        0.262        0.142        0.530     -512.446
    46   1306.000       97.151      -531.218       223.293        0.708        0.023        0.016        1.569     -512.857
    47   1306.000       48.022      -572.494       235.258        0.696        0.051        0.034        0.971     -512.857
    48   1306.000       14.546      -578.330       142.224        0.658        0.296        0.148        0.538     -512.857
    49   1306.000       11.038      -521.325       311.610        0.665        0.314        0.194        0.967     -512.857
    50   1307.000      106.345      -531.271       223.308        0.768        0.023        0.016        1.787     -513.268
    51   1307.000       44.720      -572.052       234.979        0.752        0.060        0.042        1.182     -513.268
    52   1307.000       16.030      -578.084       142.322        0.713        0.283        0.152        0.595     -513.268
    53   1307.000       12.209      -522.031       311.844        0.725        0.284        0.190        1.095     -513.268
    54   1308.000      107.284      -531.347       223.316        0.765        0.023        0.016        2.122     -513.679
    55   1308.000       40.649      -571.490       234.559        0.747        0.067        0.047        1.209     -513.679
    56   1308.000       15.074      -576.848       141.755        0.711        0.308        0.159        0.752     -513.679
    57   1308.000       11.317      -522.258       311.701        0.725        0.295        0.199        1.062     -513.679
    58   1309.000      101.076      -531.480       223.384        0.721        0.023        0.016        1.675     -514.090
    59   1309.000       34.461      -570.802       234.200        0.700        0.080        0.055        1.308     -514.090
    60   1309.000       14.075      -577.430       142.123        0.673        0.323        0.174        0.605     -514.090
    61   1309.000       10.746      -521.368       311.820        0.685        0.306        0.204        1.240     -514.090
    62   1309.000        9.604      -540.958       224.810        0.692        0.240        0.268        2.378     -514.090
    63   1310.000       90.927      -531.627       223.402        0.632        0.024        0.016        1.751     -514.501
    64   1310.000       25.092      -570.338       233.921        0.615        0.100        0.069        1.089     -514.501
    65   1310.000       13.411      -577.594       142.041        0.594        0.277        0.166        0.546     -514.501
    66   1310.000       11.342      -522.020       311.941        0.606        0.231        0.169        0.589     -514.501
    67   1310.000       10.699      -541.490       224.977        0.609        0.191        0.207        2.462     -514.501
    68   1311.000       77.374      -531.922       223.513        0.572        0.027        0.017        1.937     -514.912
    69   1311.000       16.079      -569.844       233.712        0.557        0.149        0.100        0.972     -514.912
    70   1311.000       11.801      -550.337       228.234        0.539        0.259        0.176        1.425     -514.912
    71   1311.000       10.071      -521.892       312.297        0.551        0.234        0.181        0.617     -514.912
    72   1312.000       63.868      -532.367       223.620        0.476        0.029        0.018        1.655     -515.323
    73   1312.000       13.567      -549.229       227.532        0.454        0.203        0.118        1.169     -515.323
    74   1313.000       53.316      -533.079       223.657        0.427        0.034        0.020        1.426     -515.734
    75   1313.000       14.548      -547.992       226.986        0.412        0.173        0.095        0.807     -515.734
    76   1314.000       46.458      -533.929       223.664        0.375        0.037        0.021        1.099     -516.145
    77   1314.000       12.473      -548.718       227.124        0.368        0.165        0.089        0.776     -516.145
    78   1315.000       43.187      -534.329       223.376        0.336        0.036        0.022        1.070     -516.556
    79   1316.000       43.870      -533.688       222.679        0.323        0.035        0.023        0.989     -516.967
    80   1317.000       51.596      -532.996       221.949        0.371        0.033        0.023        0.796     -517.378
    81   1318.000       59.160      -532.319       221.406        0.440        0.033        0.023        0.771     -517.788
    82   1319.000       60.808      -532.010       221.141        0.491        0.037        0.024        0.811     -518.199
    83   1319.000       13.543      -512.585       218.626        0.496        0.160        0.088        0.442     -518.199
    84   1320.000       56.751      -531.947       221.055        0.497        0.040        0.025        0.845     -518.610
    85   1320.000       20.873      -512.523       218.538        0.505        0.095        0.057        0.596     -518.610
    86   1321.000       47.245      -531.768       220.927        0.462        0.045        0.027        0.828     -519.021
    87   1321.000       29.168      -512.598       218.459        0.472        0.060        0.038        0.683     -519.021
    88   1322.000       37.215      -512.704       218.341        0.443        0.043        0.028        0.914     -519.432
    89   1322.000       35.070      -531.770       220.873        0.434        0.056        0.033        0.708     -519.432
    90   1323.000       42.376      -512.556       218.169        0.426        0.035        0.025        1.284     -519.843
    91   1323.000       20.422      -531.541       220.661        0.417        0.093        0.054        0.615     -519.843
    92   1323.000       10.919      -495.332       214.200        0.411        0.194        0.104        0.785     -519.843
    93   1324.000       39.971      -511.969       218.027        0.425        0.038        0.027        0.980     -520.254
    94   1324.000       17.886      -494.321       213.886        0.414        0.114        0.062        0.667     -520.254
    95   1324.000       11.962      -530.883       220.415        0.415        0.170        0.094        0.559     -520.254
    96   1324.000       11.274      -504.452       213.669        0.440        0.101        0.104        1.082     -520.254
    97   1325.000       29.456      -511.320       217.668        0.471        0.065        0.043        1.176     -520.665
    98   1325.000       23.841      -492.450       213.801        0.464        0.103        0.049        0.723     -520.665
    99   1325.000       13.440      -503.737       213.816        0.489        0.102        0.105        1.232     -520.665
   100   1326.000       33.501      -491.147       213.864        0.631        0.105        0.047        1.270     -521.076
   101   1326.000       17.259      -513.114       218.163        0.673        0.113        0.084        0.963     -521.076
   102   1326.000       16.991      -504.473       214.638        0.630        0.165        0.118        1.086     -521.076
   103   1327.000       51.605      -490.389       213.894        0.913        0.081        0.044        2.111     -521.487
   104   1327.000       19.379      -502.134       213.840        0.894        0.212        0.161        1.832     -521.487
   105   1327.000       10.628      -514.864       123.750        0.904        0.407        0.234        1.225     -521.487
   106   1328.000       71.816      -489.719       213.841        1.246        0.068        0.043        2.302     -521.898
   107   1328.000       15.457      -501.975       213.072        1.206        0.391        0.250        1.481     -521.898
   108   1328.000       11.625      -456.812       198.659        1.228        0.469        0.280        1.911     -521.898
   109   1328.000       10.412      -580.068        -7.835        1.195        0.613        0.422        2.185     -521.898
   110   1328.000        9.716      -501.012       120.849        1.212        0.562        0.412        1.695     -521.898
   111   1328.000        9.605      -514.631       123.550        1.216        0.634        0.340        1.394     -521.898
   112   1328.000        9.026      -439.191       287.978        1.183        0.870        0.525        1.334     -521.898
   113   1329.000       96.641      -489.230       213.790        1.548        0.054        0.039        3.340     -522.309
   114   1329.000       19.980      -456.608       198.866        1.523        0.305        0.192        2.126     -522.309
   115   1329.000       12.402      -579.786        -8.106        1.465        0.625        0.439        2.837     -522.309
   116   1329.000       10.662      -502.132       120.186        1.462        0.757        0.514        2.411     -522.309
   117   1329.000       10.627      -533.479      -144.080        1.463        0.813        0.458        2.663     -522.309
   118   1329.000       10.287      -462.462      -610.087        1.538        0.648        0.316        1.252     -522.309
   119   1329.000        9.586      -452.067      -547.974        1.469        1.017        0.450        2.430     -522.309
   120   1329.000        9.200      -539.719        36.064        1.445        1.036        0.674        2.149     -522.309
   121   1330.000      109.550      -488.908       213.767        1.692        0.050        0.037        3.293     -522.720
   122   1330.000       25.328      -456.829       199.072        1.659        0.261        0.161        2.230     -522.720
   123   1330.000       13.169      -578.480        -9.645        1.650        0.513        0.317        1.744     -522.720
   124   1330.000       11.177      -462.151      -610.105        1.682        0.617        0.313        1.347     -522.720
   125   1330.000       10.989      -538.973        36.412        1.580        0.886        0.566        2.120     -522.720
   126   1330.000       10.684      -532.789      -143.787        1.594        0.839        0.499        2.174     -522.720
   127   1330.000        9.243      -452.033      -548.235        1.606        1.070        0.487        2.294     -522.720
   128   1330.000        9.030      -583.632        -3.899        1.586        1.296        0.514        3.111     -522.720
   129   1331.000      113.697      -488.709       213.689        1.728        0.047        0.035        3.181     -523.131
   130   1331.000       26.627      -457.425       199.253        1.678        0.257        0.157        2.012     -523.131
   131   1331.000       12.350      -538.415        36.117        1.601        0.819        0.498        2.468     -523.131
   132   1331.000       11.960      -462.176      -610.524        1.692        0.604        0.315        1.360     -523.131
   133   1331.000       11.882      -579.492        -7.864        1.609        0.686        0.577        2.563     -523.131
   134   1331.000       11.807      -532.572      -143.763        1.614        0.818        0.438        2.706     -523.131
   135   1331.000        9.741      -452.126      -548.313        1.630        0.990        0.471        2.419     -523.131
   136   1332.000      109.296      -488.627       213.620        1.613        0.045        0.034        2.754     -523.542
   137   1332.000       25.738      -458.053       199.284        1.547        0.265        0.160        1.912     -523.542
   138   1332.000       11.972      -579.297        -8.097        1.500        0.654        0.508        2.413     -523.542
   139   1332.000       11.741      -538.607        35.882        1.498        0.733        0.475        2.165     -523.542
   140   1332.000       11.240      -461.654      -610.519        1.583        0.586        0.304        1.219     -523.542
   141   1332.000       10.565      -532.255      -144.000        1.504        0.825        0.470        2.487     -523.542
   142   1332.000        8.091      -589.356        -5.292        1.559        0.718        0.580        1.371     -523.542
   143   1333.000       97.945      -488.496       213.499        1.373        0.043        0.033        2.618     -523.953
   144   1333.000       21.928      -459.073       199.441        1.310        0.272        0.169        1.521     -523.953
   145   1333.000       12.616      -501.266       119.713        1.283        0.519        0.381        2.377     -523.953
   146   1333.000       11.811      -538.253        35.969        1.277        0.634        0.392        2.072     -523.953
   147   1333.000       11.494      -436.780       287.228        1.325        0.406        0.367        1.233     -523.953
   148   1333.000       11.223      -578.720        -8.402        1.283        0.585        0.430        2.229     -523.953
   149   1333.000       10.686      -461.451      -610.711        1.337        0.536        0.285        1.243     -523.953
   150   1333.000       10.202      -443.711       291.124        1.308        0.434        0.495        1.774     -523.953
   151   1333.000        7.865      -589.190        -5.414        1.322        0.654        0.514        1.387     -523.953
   152   1334.000       82.147      -488.380       213.350        1.004        0.036        0.028        2.449     -524.364
   153   1334.000       15.793      -460.176       199.666        0.953        0.263        0.181        1.220     -524.364
   154   1334.000       10.815      -501.036       119.438        0.942        0.402        0.306        1.762     -524.364
   155   1335.000       67.080      -488.327       213.249        0.664        0.030        0.023        1.714     -524.775
   156   1335.000        9.575      -461.470       200.227        0.624        0.318        0.229        0.940     -524.775
   157   1336.000       53.549      -488.287       213.138        0.427        0.024        0.018        1.360     -525.186
   158   1336.000       10.291       -71.525        30.618        0.423        0.130        0.103        0.481     -525.186
   159   1337.000       41.777      -488.197       213.076        0.291        0.021        0.016        0.972     -525.597
   160   1337.000       12.547       -71.418        30.632        0.291        0.069        0.055        0.322     -525.597
   161   1338.000       31.581      -488.064       213.011        0.238        0.023        0.017        0.854     -526.008
   162   1338.000       13.532       -71.377        30.643        0.239        0.052        0.041        0.285     -526.008
   163   1339.000       23.005      -487.880       213.018        0.212        0.029        0.021        0.598     -526.419
   164   1339.000       12.528       -71.352        30.590        0.214        0.050        0.040        0.248     -526.419
   165   1340.000       16.051      -487.638       213.005        0.197        0.039        0.028        0.490     -526.830
   166   1340.000       10.312       -71.316        30.521        0.198        0.057        0.046        0.238     -526.830
   167   1341.000       16.350        -0.007        -0.005        0.202        0.036        0.029        0.341     -527.241
   168   1341.000       10.345      -487.551       212.975        0.200        0.063        0.044        0.404     -527.241
   169   1342.000       38.847         0.013         0.008        0.237        0.017        0.014        0.429     -527.652
   170   1343.000       87.777         0.010         0.000        0.306        0.010        0.008        0.599     -528.063
   171   1343.000       10.640      -524.484       214.250        0.303        0.087        0.066        0.349     -528.063
   172   1344.000      172.440        -0.007        -0.020        0.513        0.008        0.007        0.944     -528.474
   173   1344.000       12.601      -524.340       214.137        0.506        0.124        0.093        0.434     -528.474
   174   1345.000      283.822         0.004        -0.017        0.775        0.008        0.006        1.335     -528.885
   175   1345.000       13.465      -524.238       214.079        0.758        0.184        0.137        0.642     -528.885
   176   1346.000      385.359        -0.002        -0.004        1.064        0.008        0.006        1.910     -529.296
   177   1346.000       11.136      -524.163       213.952        1.036        0.324        0.222        0.751     -529.296
   178   1347.000      428.927        -0.013         0.014        1.285        0.008        0.007        2.321     -529.707
   179   1348.000      396.812        -0.012         0.046        1.310        0.009        0.007        2.269     -530.118
   180   1349.000      297.823        -0.019         0.085        1.225        0.012        0.009        2.019     -530.529
   181   1350.000      177.955        -0.005         0.116        1.102        0.017        0.014        1.441     -530.939
   182   1351.000       83.773        -0.027         0.126        0.995        0.035        0.028        1.089     -531.350
   183   1352.000       33.323         0.059         0.054        0.911        0.085        0.066        0.980     -531.761
   184   1353.000       12.682         0.220        -0.176        0.794        0.227        0.161        0.869     -532.172
   185   1357.000       10.139      -604.467       606.409        1.133        0.628        0.453        1.611     -533.816
   186   1358.000       12.168      -603.128       606.354        1.396        0.762        0.465        2.203     -534.227
   187   1358.000       10.023      -508.876      -606.518        1.448        0.845        0.304        1.592     -534.227
   188   1359.000       14.773      -602.276       606.796        1.633        0.676        0.436        2.191     -534.638
   189   1359.000       11.885      -507.564      -606.685        1.697        0.795        0.291        1.910     -534.638
   190   1359.000       11.255      -469.148      -592.228        1.667        0.914        0.359        2.306     -534.638
   191   1359.000       10.420      -445.830      -584.046        1.680        0.991        0.343        1.718     -534.638
   192   1359.000       10.362      -565.858      -530.097        1.625        1.177        0.564        2.884     -534.638
   193   1359.000        9.466      -591.616      -536.474        1.625        1.342        0.651        2.123     -534.638
   194   1359.000        8.177      -589.823       601.440        1.648        1.050        0.741        2.398     -534.638
   195   1360.000       13.265      -506.310      -606.916        1.885        0.808        0.290        2.150     -535.049
   196   1360.000       11.606      -564.139      -530.478        1.817        1.085        0.529        3.045     -535.049
   197   1360.000       11.560      -467.557      -592.281        1.861        0.982        0.375        2.292     -535.049
   198   1360.000       10.567      -445.002      -584.262        1.852        1.215        0.384        1.950     -535.049
   199   1360.000       10.515      -589.961      -536.494        1.803        1.472        0.647        2.611     -535.049
   200   1360.000       10.307       368.371      -594.571        1.841        1.180        0.478        3.567     -535.049
   201   1360.000        9.696      -546.671      -524.683        1.834        1.164        0.566        2.136     -535.049
   202   1361.000       13.201      -504.813      -607.164        1.988        0.855        0.298        2.056     -535.460
   203   1361.000       12.076      -562.404      -530.615        1.913        1.111        0.520        3.029     -535.460
   204   1361.000       11.965      -466.057      -592.357        1.953        1.000        0.399        2.575     -535.460
   205   1361.000       10.623      -444.119      -584.470        1.948        1.268        0.414        1.987     -535.460
   206   1361.000       10.529      -588.500      -536.723        1.901        1.483        0.695        2.615     -535.460
   207   1361.000       10.475       608.713      -545.948        1.930        1.332        0.494        2.843     -535.460
   208   1361.000       10.123      -544.499      -524.806        1.923        1.317        0.550        2.288     -535.460
   209   1361.000       10.001       370.111      -594.747        1.926        1.384        0.552        3.587     -535.460
   210   1362.000       22.919        41.750       -96.333        1.910        0.356        0.246        3.541     -535.871
   211   1362.000       12.918      -503.970      -607.393        1.915        0.871        0.308        2.017     -535.871
   212   1362.000       11.405       610.013      -546.240        1.872        1.137        0.446        2.874     -535.871
   213   1362.000       10.793      -560.625      -530.919        1.845        1.338        0.581        2.951     -535.871
   214   1362.000       10.689      -464.277      -592.435        1.891        1.102        0.434        2.305     -535.871
   215   1362.000        9.913      -443.088      -584.710        1.875        1.490        0.428        2.148     -535.871
   216   1362.000        9.893      -586.846      -536.748        1.839        1.519        0.719        2.627     -535.871
   217   1362.000        9.886      -542.708      -524.843        1.873        1.179        0.548        2.233     -535.871
   218   1363.000       42.342        42.058       -96.522        1.808        0.154        0.117        2.429     -536.282
   219   1363.000       20.311        49.310      -102.733        1.825        0.356        0.211        2.022     -536.282
   220   1363.000       11.092      -587.322       602.338        1.700        1.126        0.873        2.810     -536.282
   221   1363.000       10.869      -598.318       606.295        1.809        0.542        0.502        1.956     -536.282
   222   1363.000       10.501       613.331      -546.484        1.716        1.521        0.485        2.552     -536.282
   223   1363.000       10.440       580.048       466.687        1.716        1.231        0.591        3.710     -536.282
   224   1363.000       10.371      -459.970       531.063        1.769        1.140        0.347        2.326     -536.282
   225   1363.000       10.176       577.655       496.897        1.717        1.303        0.581        3.742     -536.282
   226   1363.000        9.812      -502.648      -607.534        1.759        1.244        0.392        1.888     -536.282
   227   1364.000       67.861        42.040       -96.703        1.721        0.086        0.068        2.790     -536.693
   228   1364.000       27.448        49.116      -102.941        1.741        0.235        0.144        2.252     -536.693
   229   1364.000       10.699      -459.093       530.740        1.673        1.010        0.333        2.230     -536.693
   230   1364.000       10.383      -586.491       603.105        1.610        1.323        0.763        2.447     -536.693
   231   1364.000        9.705      -462.394      -498.643        1.648        1.129        0.474        2.859     -536.693
   232   1364.000        5.650      -598.725       605.925        1.733        0.931        0.877        1.781     -536.693
   233   1365.000       94.252        42.288       -96.890        1.681        0.059        0.048        3.177     -537.104
   234   1365.000       35.682        48.709      -103.164        1.719        0.161        0.105        2.818     -537.104
   235   1365.000        9.953      -457.703       530.391        1.629        0.985        0.383        2.216     -537.104
   236   1366.000      105.939        42.513       -97.176        1.560        0.053        0.049        6.071     -537.515
   237   1366.000       34.095        49.196      -103.538        1.645        0.147        0.100        4.851     -537.515
   238   1367.000      129.367        42.220       -96.951        1.466        0.036        0.027        1.966     -537.926
   239   1367.000       54.263        47.719      -102.581        1.434        0.101        0.068        2.090     -537.926
   240   1367.000       14.033       366.857      -348.602        1.391        0.508        0.305        2.251     -537.926
   241   1368.000      126.430        42.202       -97.207        1.282        0.032        0.025        1.524     -538.337
   242   1368.000       62.944        47.547      -102.481        1.275        0.067        0.051        1.644     -538.337
   243   1368.000       34.117       367.319      -348.896        1.236        0.164        0.102        1.789     -538.337
   244   1368.000        9.529        56.331        -8.663        1.213        0.643        0.440        1.059     -538.337
   245   1369.000      114.622        42.240       -97.462        1.155        0.033        0.025        1.214     -538.748
   246   1369.000       72.138        47.604      -102.381        1.157        0.052        0.040        1.719     -538.748
   247   1369.000       68.163       367.304      -348.927        1.124        0.069        0.046        2.181     -538.748
   248   1370.000       98.502        42.313       -97.757        1.132        0.039        0.029        1.083     -539.159
   249   1370.000       98.437       367.052      -348.975        1.109        0.046        0.031        2.833     -539.159
   250   1370.000       75.163        47.620      -102.373        1.146        0.047        0.037        1.711     -539.159
   251   1371.000      117.068       367.023      -349.091        1.050        0.038        0.025        3.476     -539.570
   252   1371.000       81.249        42.525       -98.029        1.073        0.046        0.032        0.983     -539.570
   253   1371.000       72.915        47.591      -102.400        1.095        0.045        0.035        1.482     -539.570
   254   1372.000      116.514       366.870      -349.239        0.975        0.035        0.024        3.368     -539.981
   255   1372.000       65.797        47.586      -102.450        1.021        0.046        0.035        1.252     -539.981
   256   1372.000       65.463        42.691       -98.275        0.993        0.055        0.038        0.890     -539.981
   257   1373.000       97.514       366.868      -349.444        0.837        0.036        0.025        2.332     -540.392
   258   1373.000       62.407        45.338      -100.446        0.825        0.064        0.050        2.969     -540.392
   259   1373.000       12.764       375.895      -351.946        0.880        0.185        0.173        1.623     -540.392
   260   1374.000       68.175       366.675      -349.621        0.687        0.041        0.029        1.466     -540.803
   261   1374.000       38.383        47.494      -102.524        0.720        0.055        0.042        0.824     -540.803
   262   1374.000       38.331        42.682       -98.519        0.698        0.066        0.046        0.715     -540.803
   263   1374.000       10.872       375.804      -352.319        0.712        0.184        0.172        1.194     -540.803
   264   1375.000       39.452       366.314      -349.798        0.537        0.054        0.040        1.630     -541.214
   265   1375.000       29.512        42.449       -98.631        0.546        0.066        0.048        0.557     -541.214
   266   1375.000       25.103        47.349      -102.627        0.565        0.065        0.050        0.566     -541.214
   267   1376.000       22.446        43.148       -99.792        0.479        0.103        0.074        0.890     -541.625
   268   1376.000       18.576       366.348      -350.179        0.481        0.113        0.084        1.075     -541.625
   269   1377.000       15.295        41.510       -99.448        0.503        0.155        0.107        0.896     -542.036
   270   1378.000        9.970        39.861       -99.198        0.594        0.286        0.185        0.938     -542.447
   271   1380.000       15.452        61.378      -119.307        0.704        0.230        0.145        1.355     -543.269
   272   1381.000       34.703        60.593      -119.639        0.691        0.075        0.054        1.943     -543.679
   273   1382.000       66.997        60.044      -119.942        0.699        0.034        0.026        2.588     -544.090
   274   1382.000       11.375       287.204      -245.307        0.674        0.250        0.195        1.030     -544.090
   275   1383.000      115.494        59.743      -120.138        0.745        0.020        0.015        1.783     -544.501
   276   1383.000       12.731       287.000      -245.502        0.711        0.234        0.189        0.969     -544.501
   277   1383.000       10.827      -423.153       148.349        0.723        0.262        0.178        0.777     -544.501
   278   1383.000        9.933        66.447      -116.330        0.736        0.242        0.253        1.436     -544.501
   279   1384.000      178.093        59.591      -120.259        0.872        0.015        0.011        2.347     -544.912
   280   1384.000       13.955        66.100      -116.352        0.857        0.202        0.214        1.952     -544.912
   281   1384.000       12.707       286.437      -245.788        0.822        0.292        0.237        1.153     -544.912
   282   1384.000        9.988      -423.120       148.353        0.837        0.346        0.233        0.835     -544.912
   283   1385.000      239.887        59.465      -120.373        1.084        0.013        0.010        2.559     -545.323
   284   1385.000       14.705        66.348      -116.804        1.051        0.246        0.270        2.110     -545.323
   285   1385.000       11.508       286.333      -246.230        1.009        0.418        0.357        1.434     -545.323
   286   1385.000        9.732        74.166       -27.484        1.013        0.486        0.378        1.081     -545.323
   287   1386.000      292.640        59.427      -120.487        1.200        0.012        0.010        2.987     -545.734
   288   1386.000       17.100        66.286      -116.936        1.161        0.239        0.259        2.357     -545.734
   289   1386.000        9.712       286.205      -246.590        1.110        0.610        0.470        1.897     -545.734
   290   1386.000        9.095        75.131       -27.725        1.122        0.548        0.456        1.472     -545.734
   291   1387.000      327.966        59.429      -120.637        1.316        0.012        0.009        3.383     -546.145
   292   1387.000       17.885        66.814      -117.430        1.263        0.269        0.270        2.459     -546.145
   293   1387.000       12.569       278.852      -242.016        1.224        0.576        0.309        2.181     -546.145
   294   1387.000       10.265        75.100       -27.722        1.228        0.553        0.441        1.801     -546.145
   295   1388.000      347.082        59.462      -120.834        1.388        0.012        0.009        3.460     -546.556
   296   1388.000       21.465       278.714      -241.448        1.324        0.277        0.164        1.706     -546.556
   297   1388.000       18.063        66.562      -117.416        1.332        0.290        0.293        2.508     -546.556
   298   1388.000       11.887        74.566       -27.729        1.298        0.496        0.399        1.942     -546.556
   299   1389.000      353.222        59.549      -121.060        1.431        0.012        0.010        3.853     -546.967
   300   1389.000       30.224       278.627      -241.238        1.377        0.193        0.116        1.458     -546.967
   301   1389.000       20.960        66.440      -117.518        1.384        0.246        0.250        3.011     -546.967
   302   1390.000      345.384        59.623      -121.337        1.468        0.012        0.010        3.998     -547.378
   303   1390.000       37.657       278.228      -241.198        1.414        0.157        0.097        1.816     -547.378
   304   1390.000       20.140        66.683      -117.953        1.422        0.257        0.271        3.017     -547.378
   305   1390.000       11.813        73.354       -28.026        1.374        0.493        0.469        2.015     -547.378
   306   1391.000      321.534        59.726      -121.608        1.404        0.013        0.011        4.250     -547.789
   307   1391.000       42.236       277.508      -241.172        1.355        0.129        0.085        1.930     -547.789
   308   1391.000       20.681        66.686      -118.040        1.362        0.235        0.245        3.044     -547.789
   309   1392.000      271.580        59.791      -121.843        1.267        0.013        0.011        3.647     -548.200
   310   1392.000       41.775       276.960      -241.251        1.222        0.116        0.080        2.119     -548.200
   311   1392.000       16.876        66.829      -118.382        1.225        0.265        0.284        2.688     -548.200
   312   1392.000       10.912        73.489       -28.102        1.188        0.473        0.419        1.708     -548.200
   313   1393.000      201.772        59.868      -122.047        0.994        0.014        0.012        2.784     -548.611
   314   1393.000       38.022       276.677      -241.509        0.963        0.094        0.071        1.849     -548.611
   315   1393.000       12.293        66.863      -118.729        0.960        0.287        0.316        2.141     -548.611
   316   1394.000      126.887        59.863      -122.286        0.746        0.017        0.015        2.367     -549.022
   317   1394.000       27.898       276.853      -242.187        0.732        0.087        0.071        1.358     -549.022
   318   1395.000       71.029        59.822      -122.488        0.664        0.029        0.024        1.638     -549.433
   319   1395.000       14.760       277.160      -243.100        0.657        0.148        0.120        1.872     -549.433
   320   1396.000       36.292        59.422      -122.596        0.620        0.061        0.047        1.420     -549.844
   321   1396.000       23.966       267.054      -256.072        0.613        0.106        0.070        2.250     -549.844
   322   1397.000       48.195       266.313      -255.836        0.648        0.059        0.037        2.621     -550.255
   323   1397.000       18.125        58.176      -122.694        0.635        0.201        0.104        0.969     -550.255
   324   1398.000       69.656       265.267      -255.605        0.722        0.050        0.030        2.669     -550.666
   325   1398.000       11.796        54.384      -122.396        0.709        0.372        0.192        0.893     -550.666
   326   1399.000       87.522       263.813      -255.482        0.836        0.049        0.027        2.579     -551.077
   327   1399.000       10.146        52.205      -122.386        0.827        0.429        0.271        0.969     -551.077
   328   1400.000      106.395       262.260      -255.380        0.939        0.043        0.025        2.910     -551.488
   329   1400.000       10.272       269.884      -163.129        0.926        0.500        0.286        1.058     -551.488
   330   1400.000       10.231       252.328      -344.468        0.935        0.478        0.259        0.658     -551.488
   331   1400.000       10.172       150.854      -185.471        0.938        0.417        0.291        0.936     -551.488
   332   1400.000        9.443        50.743      -122.483        0.931        0.494        0.311        1.137     -551.488
   333   1401.000      119.270       261.009      -255.386        1.030        0.039        0.024        3.358     -551.899
   334   1401.000       12.881       150.481      -185.498        1.031        0.331        0.244        1.113     -551.899
   335   1401.000       11.716       251.464      -344.399        1.022        0.442        0.246        0.689     -551.899
   336   1401.000       11.081       267.870      -163.008        1.013        0.505        0.277        1.114     -551.899
   337   1402.000      122.005       259.863      -255.407        1.070        0.038        0.024        2.520     -552.310
   338   1402.000       16.916       150.601      -185.627        1.075        0.245        0.186        1.353     -552.310
   339   1402.000       11.247       251.216      -344.291        1.055        0.512        0.259        0.688     -552.310
   340   1402.000       10.176       168.086       -94.814        1.041        0.549        0.390        0.942     -552.310
   341   1402.000        9.929       267.475      -163.017        1.046        0.580        0.341        1.201     -552.310
   342   1402.000        9.847       263.818      -249.822        1.098        0.530        0.509        2.565     -552.310
   343   1402.000        7.061       270.802      -252.670        1.096        0.507        0.454        1.535     -552.310
   344   1403.000      111.885       258.972      -255.450        1.032        0.038        0.025        3.123     -552.721
   345   1403.000       19.829       150.753      -185.828        1.038        0.194        0.149        1.413     -552.721
   346   1403.000       11.036       167.076       -94.500        1.005        0.463        0.328        0.718     -552.721
   347   1403.000       10.939       250.499      -344.257        1.006        0.595        0.251        0.619     -552.721
   348   1404.000       85.507       257.767      -255.487        0.965        0.048        0.030        2.249     -553.132
   349   1404.000       21.635       150.852      -186.075        0.976        0.162        0.124        1.464     -553.132
   350   1404.000       10.684       250.535      -344.399        0.937        0.599        0.247        0.797     -553.132
   351   1404.000       10.582       166.287       -94.240        0.938        0.501        0.302        0.705     -553.132
   352   1404.000        9.180       -45.294      -108.320        0.948        0.500        0.323        1.435     -553.132
   353   1405.000       52.999       256.258      -255.621        0.870        0.073        0.042        1.921     -553.543
   354   1405.000       19.658       150.888      -186.226        0.881        0.158        0.125        1.362     -553.543
   355   1405.000       11.878       246.346      -255.757        0.876        0.234        0.241        1.657     -553.543
   356   1405.000       11.422       -45.384      -108.065        0.862        0.333        0.225        1.425     -553.543
   357   1405.000        9.569       167.018       -94.321        0.851        0.445        0.298        0.706     -553.543
   358   1406.000       25.411       255.076      -255.948        0.832        0.158        0.086        1.901     -553.954
   359   1406.000       14.770       244.246      -256.701        0.851        0.198        0.155        1.385     -553.954
   360   1406.000       14.036       151.668      -186.337        0.836        0.240        0.171        1.396     -553.954
   361   1406.000       12.755       -45.764      -107.708        0.833        0.266        0.199        1.520     -553.954
   362   1407.000       15.408       116.410      -199.749        0.742        0.306        0.187        1.241     -554.365
   363   1407.000       12.358       244.878      -257.329        0.744        0.433        0.156        2.290     -554.365
   364   1407.000       11.460       -46.725      -106.845        0.752        0.293        0.236        1.386     -554.365
   365   1407.000       10.095       152.841      -186.453        0.755        0.352        0.226        1.163     -554.365
   366   1408.000       25.830       116.079      -199.516        0.714        0.144        0.099        1.257     -554.776
   367   1408.000       10.665       255.911      -236.396        0.713        0.370        0.208        1.523     -554.776
   368   1409.000       34.471       116.276      -199.702        0.749        0.099        0.070        1.891     -555.187
   369   1409.000       11.968       254.754      -236.439        0.763        0.297        0.149        1.242     -555.187
   370   1409.000       11.847       175.936      -127.019        0.736        0.367        0.228        0.976     -555.187
   371   1409.000       11.169       245.829      -231.358        0.738        0.452        0.175        1.535     -555.187
   372   1410.000       39.329       116.260      -199.959        0.821        0.091        0.064        2.195     -555.598
   373   1410.000       16.041       174.209      -126.594        0.806        0.282        0.174        0.805     -555.598
   374   1410.000       15.716       247.685      -232.145        0.810        0.279        0.167        1.361     -555.598
   375   1410.000       10.973       161.820      -218.976        0.806        0.415        0.276        1.158     -555.598
   376   1411.000       42.659       115.886      -200.080        0.903        0.089        0.062        2.449     -556.009
   377   1411.000       20.474       173.085      -126.150        0.888        0.220        0.140        1.129     -556.009
   378   1411.000       20.063       246.542      -231.425        0.906        0.191        0.122        1.216     -556.009
   379   1411.000       15.951       161.182      -218.571        0.881        0.318        0.226        1.166     -556.009
   380   1412.000       36.685       115.128      -200.065        0.963        0.114        0.079        2.509     -556.419
   381   1412.000       23.072       170.811      -125.630        0.939        0.275        0.139        0.987     -556.419
   382   1412.000       16.720       245.990      -231.347        0.976        0.232        0.151        1.131     -556.419
   383   1412.000       15.039       159.471      -217.697        0.938        0.366        0.259        1.172     -556.419
   384   1413.000       26.246       167.588      -125.140        0.925        0.229        0.117        1.167     -556.830
   385   1413.000       24.553        90.608      -192.811        0.940        0.209        0.106        1.792     -556.830
   386   1413.000       23.606       115.387      -200.274        0.938        0.196        0.125        2.145     -556.830
   387   1413.000       13.879       157.766      -216.715        0.922        0.384        0.261        1.381     -556.830
   388   1413.000       11.954        88.718      -285.489        0.904        0.807        0.405        1.197     -556.830
   389   1414.000       89.331        88.891      -192.293        1.101        0.062        0.034        3.187     -557.241
   390   1414.000       25.073       165.794      -124.686        1.071        0.302        0.149        1.307     -557.241
   391   1414.000       19.989       115.587      -200.511        1.098        0.224        0.176        1.789     -557.241
   392   1414.000       19.020        77.826      -281.223        1.063        0.433        0.215        1.075     -557.241
   393   1414.000       10.330        16.560      -506.399        1.086        0.607        0.344        2.019     -557.241
   394   1414.000       10.178       -15.870      -497.441        1.065        0.602        0.485        1.286     -557.241
   395   1414.000        9.843       157.361      -217.033        1.057        0.840        0.496        1.683     -557.241
   396   1415.000      192.995        87.258      -191.841        1.663        0.045        0.025        7.662     -557.652
   397   1415.000       27.809        76.733      -280.346        1.624        0.411        0.193        1.623     -557.652
   398   1415.000       23.353       166.959      -124.813        1.626        0.456        0.259        1.808     -557.652
   399   1415.000       12.387        14.373      -505.196        1.630        1.076        0.501        2.544     -557.652
   400   1415.000       11.859       -23.102      -494.427        1.622        0.799        0.540        1.652     -557.652
   401   1415.000       11.752        37.919      -419.686        1.644        0.955        0.445        1.955     -557.652
   402   1415.000       11.324        36.873      -609.369        1.653        1.069        0.423        1.488     -557.652
   403   1415.000       11.011        73.843      -242.807        1.669        1.006        0.417        2.776     -557.652
   404   1415.000       10.909         0.541      -408.327        1.586        1.748        0.981        1.574     -557.652
   405   1416.000       15.887         9.991      -503.614        2.081        1.410        0.563        3.065     -558.063
   406   1416.000       10.667      -510.565      -609.646        2.111        1.633        0.521        2.976     -558.063
   407   1416.000       10.517       -41.765      -580.097        2.077        1.626        0.779        2.663     -558.063
   408   1416.000       10.258       -24.351      -493.769        2.085        1.352        0.804        2.082     -558.063
   409   1416.000       10.227        35.765      -608.985        2.090        2.607        0.905        1.900     -558.063
   410   1417.000      274.699        83.375      -190.723        2.447        0.056        0.028       11.433     -558.474
   411   1417.000       35.892        92.630       -98.075        2.498        0.294        0.197        3.256     -558.474
   412   1417.000       28.789        71.830      -278.818        2.431        0.572        0.253        2.237     -558.474
   413   1417.000       20.639        66.524      -248.805        2.503        0.545        0.320        4.909     -558.474
   414   1417.000       15.400        38.009      -610.112        2.498        0.974        0.421        1.534     -558.474
   415   1417.000       11.449      -511.840      -609.099        2.442        1.647        0.547        2.877     -558.474
   416   1418.000      254.964        79.828      -189.765        2.363        0.063        0.029       10.478     -558.885
   417   1418.000       35.945        89.888       -97.695        2.405        0.311        0.194        2.579     -558.885
   418   1418.000       25.426        67.006      -277.705        2.375        0.514        0.288        2.642     -558.885
   419   1418.000       11.803      -528.035      -612.860        2.335        1.398        0.708        2.360     -558.885
   420   1418.000       10.526      -513.208      -608.318        2.410        1.548        0.558        2.548     -558.885
   421   1418.000       10.433       -41.515      -580.455        2.308        3.128        0.911        2.622     -558.885
   422   1419.000      236.377        75.651      -188.831        2.122        0.060        0.027        9.089     -559.296
   423   1419.000       28.662        87.645       -96.956        2.152        0.366        0.215        2.996     -559.296
   424   1419.000       25.395        62.712      -276.917        2.125        0.511        0.247        2.298     -559.296
   425   1419.000       15.026        -7.710      -410.604        2.114        0.809        0.585        1.546     -559.296
   426   1419.000       14.863        61.675      -247.438        2.089        1.244        0.448        3.984     -559.296
   427   1419.000       12.743        31.708      -331.840        2.114        1.507        0.541        2.284     -559.296
   428   1419.000       10.305      -532.412      -611.473        2.139        1.265        0.592        2.053     -559.296
   429   1419.000       10.118       207.416      -612.794        2.193        1.324        0.519        1.487     -559.296
   430   1420.000      242.053        71.534      -188.126        1.959        0.046        0.022        5.662     -559.707
   431   1420.000       32.355        82.800       -96.050        1.954        0.336        0.174        1.797     -559.707
   432   1420.000       31.026        73.854      -181.813        2.082        0.275        0.128        4.953     -559.707
   433   1420.000       24.763        59.821      -276.410        1.953        0.434        0.229        3.097     -559.707
   434   1420.000       15.929        64.834      -242.152        1.973        0.535        0.382        3.294     -559.707
   435   1420.000       13.964       -10.273      -410.612        1.932        0.820        0.533        1.245     -559.707
   436   1420.000       13.291        55.800      -247.176        1.930        1.315        0.429        2.676     -559.707
   437   1420.000       11.763       204.379      -612.384        1.987        1.034        0.371        2.402     -559.707
   438   1420.000       11.418        23.039      -329.263        1.932        1.214        0.648        2.006     -559.707
   439   1420.000       10.085      -536.542      -610.585        1.968        1.158        0.500        1.884     -559.707
   440   1421.000      254.570        68.886      -187.810        1.787        0.032        0.019        8.596     -560.118
   441   1421.000       28.899        79.403       -95.210        1.769        0.295        0.179        2.029     -560.118
   442   1421.000       23.734        59.086      -276.100        1.775        0.357        0.208        2.211     -560.118
   443   1421.000       11.582       -12.024      -410.724        1.736        0.928        0.564        1.146     -560.118
   444   1421.000       10.732        61.800      -242.977        1.730        1.197        0.492        3.992     -560.118
   445   1421.000        9.625        14.421      -326.004        1.730        1.198        0.729        1.888     -560.118
   446   1422.000      226.161        66.820      -187.706        1.530        0.029        0.018        7.243     -560.529
   447   1422.000       23.333        76.378       -94.932        1.501        0.338        0.187        1.423     -560.529
   448   1422.000       19.578        57.559      -275.821        1.497        0.433        0.218        1.405     -560.529
   449   1422.000       13.074        56.286      -246.776        1.470        0.884        0.352        2.998     -560.529
   450   1422.000        9.919        49.880        -5.995        1.462        1.182        0.549        1.619     -560.529
   451   1422.000        9.895        12.489      -326.207        1.486        0.865        0.530        1.558     -560.529
   452   1423.000      178.973        64.443      -187.520        1.279        0.032        0.019        6.354     -560.940
   453   1423.000       21.322        71.505       -94.500        1.267        0.276        0.174        1.306     -560.940
   454   1423.000       15.109        54.576      -275.358        1.264        0.425        0.235        1.924     -560.940
   455   1423.000       10.875        53.089      -246.860        1.254        0.642        0.341        2.614     -560.940
   456   1424.000      141.637        61.629      -187.416        1.074        0.037        0.021        5.844     -561.351
   457   1424.000       16.892        68.710       -94.407        1.073        0.301        0.179        1.279     -561.351
   458   1424.000       11.930        52.304      -275.218        1.076        0.406        0.255        1.187     -561.351
   459   1425.000      130.179        58.822      -187.440        0.964        0.036        0.019        5.858     -561.762
   460   1425.000       14.536        66.634       -94.347        0.950        0.387        0.183        1.014     -561.762
   461   1425.000       12.637        50.659      -275.265        0.962        0.346        0.222        0.902     -561.762
   462   1426.000      129.709        57.116      -187.508        0.830        0.026        0.016        2.810     -562.173
   463   1426.000       20.172        58.993      -180.885        0.850        0.179        0.083        2.793     -562.173
   464   1426.000       12.712        65.759       -94.253        0.804        0.374        0.178        0.730     -562.173
   465   1426.000        9.842        47.785      -275.119        0.814        0.369        0.242        0.728     -562.173
   466   1427.000      109.644        56.266      -187.503        0.645        0.021        0.014        1.721     -562.584
   467   1427.000       14.484        58.347      -180.879        0.648        0.200        0.092        1.832     -562.584
   468   1428.000       77.120        55.766      -187.467        0.455        0.021        0.014        2.706     -562.995
   469   1429.000       44.916        55.142      -187.409        0.303        0.024        0.016        1.514     -563.406
   470   1430.000       20.778        54.922      -187.393        0.173        0.031        0.020        0.664     -563.817
