       magilla    MFPRT(31DEC13)     745               09-NOV-2015   22:15:34               Page    1
 Row #      Plane     Peak int      X-offset      Y-offset     Err peak    Err X-off    Err Y-off    Resid rms     Velocity
           pixels      Jy/beam           mas           mas      Jy/beam          mas          mas           Jy         km/s
 
*****   MF file version = 1    V255R LINE2 .ICL001. 1   *****
 
     1     86.000       16.575       -52.112       -13.792        0.651        0.081        0.056        1.620     -515.844
     2     86.000       14.838       -54.955       -17.097        0.651        0.091        0.063        1.529     -515.844
     3     87.000       17.073       -54.936       -17.113        0.653        0.079        0.055        1.613     -516.297
     4     87.000       16.798       -52.236       -13.942        0.653        0.080        0.056        1.602     -516.297
     5     92.000       30.328       -14.208       -17.383        0.776        0.053        0.037        1.343     -518.559
     6     92.000       29.381        -8.939       -12.737        0.776        0.054        0.038        1.445     -518.559
     7     93.000       36.040       -13.743       -17.228        0.622        0.036        0.025        1.667     -519.012
     8     93.000       35.871        -8.994       -12.866        0.622        0.036        0.025        1.751     -519.012
     9     94.000       36.990       -13.394       -17.120        0.477        0.027        0.018        1.815     -519.464
    10     94.000       34.354        -8.974       -12.856        0.477        0.029        0.020        1.720     -519.464
    11     95.000       32.790       -12.936       -16.947        0.378        0.024        0.017        1.494     -519.917
    12     95.000       31.983        -8.829       -12.870        0.378        0.024        0.017        1.542     -519.917
    13     96.000       25.326       -12.661       -16.814        0.294        0.024        0.017        1.327     -520.369
    14     96.000       23.868        -8.726       -12.817        0.294        0.025        0.018        1.221     -520.369
    15     97.000       16.780       -12.398       -16.639        0.220        0.027        0.019        0.850     -520.822
    16     97.000       16.104        -8.606       -12.750        0.220        0.028        0.020        0.796     -520.822
    17    105.000       25.817        -4.434        -4.107        0.242        0.019        0.013        1.105     -524.442
    18    105.000       18.998        -0.460        -0.636        0.242        0.026        0.018        1.643     -524.442
    19    106.000       32.045        -0.225        -0.396        0.310        0.020        0.014        1.952     -524.895
    20    106.000       22.990        -4.115        -3.846        0.310        0.028        0.019        1.427     -524.895
