     1      2.000        0.044       458.194      -612.313        0.015        0.996        1.081        0.014     -437.036
     2      2.000        0.037       454.485      -605.495        0.015        1.074        1.166        0.018     -437.036
     3      3.000        0.055      -548.381      -611.925        0.014        0.686        0.745        0.016     -437.452
     4      3.000        0.027      -555.928      -606.911        0.014        1.400        1.520        0.018     -437.452
     5      3.000        0.026      -546.410      -602.134        0.014        1.463        1.589        0.017     -437.452
     6      4.000        0.063      -363.125      -605.917        0.013        0.583        0.633        0.015     -437.867
     7      7.000        0.118       611.004       -11.445        0.014        0.314        0.341        0.013     -439.113
     8      7.000        0.080      -607.561       481.073        0.014        0.465        0.505        0.017     -439.113
     9      7.000        0.032       449.326      -611.178        0.014        1.146        1.244        0.019     -439.113
    10      8.000        0.037       585.357      -573.121        0.014        1.009        1.095        0.016     -439.529
    11      8.000        0.029       193.975      -608.671        0.014        1.298        1.410        0.016     -439.529
    12      9.000        0.075      -383.764      -611.456        0.014        0.575        0.624        0.017     -439.944
    13      9.000        0.047      -384.343      -602.038        0.014        0.838        0.910        0.017     -439.944
    14     10.000        0.102      -606.896      -611.425        0.014        0.378        0.410        0.016     -440.360
    15     10.000        0.051      -500.963      -614.344        0.014        0.753        0.817        0.020     -440.360
    16     10.000        0.039      -610.320      -602.204        0.014        0.986        1.071        0.019     -440.360
    17     10.000        0.038      -504.469      -604.421        0.014        1.022        1.109        0.017     -440.360
    18     11.000        0.024      -240.690      -612.069        0.014        1.573        1.708        0.016     -440.775
    19     12.000        0.029       514.909      -606.127        0.013        1.204        1.307        0.017     -441.191
    20     13.000        0.060       604.896      -607.848        0.014        0.653        0.710        0.023     -441.606
    21     14.000        0.061       298.874      -603.051        0.014        0.637        0.691        0.017     -442.022
    22     14.000        0.033       300.284      -613.097        0.014        1.177        1.278        0.018     -442.022
    23     16.000        0.124      -612.795      -262.123        0.013        0.284        0.308        0.015     -442.852
    24     16.000        0.059      -307.084      -614.295        0.013        0.597        0.649        0.014     -442.852
    25     16.000        0.038      -307.572      -604.452        0.013        0.912        0.990        0.015     -442.852
    26     17.000        0.052        51.625      -612.156        0.013        0.695        0.754        0.013     -443.268
    27     17.000        0.035      -387.012      -613.432        0.013        1.035        1.124        0.013     -443.268
    28     17.000        0.033       302.592      -612.649        0.013        1.087        1.180        0.015     -443.268
    29     18.000        0.050       570.319      -609.107        0.013        0.723        0.785        0.014     -443.683
    30     18.000        0.033      -611.334      -595.203        0.013        1.100        1.194        0.014     -443.683
    31     20.000        0.037       611.297      -433.779        0.012        0.898        0.975        0.018     -444.514
    32     21.000        0.044       220.983      -612.039        0.013        0.838        0.910        0.018     -444.930
    33     22.000        0.080      -295.164        33.265        0.014        0.464        0.504        0.015     -445.345
    34     25.000        0.056       174.516      -614.035        0.016        0.770        0.836        0.020     -446.591
    35     25.000        0.028       168.537      -608.134        0.016        1.530        1.661        0.019     -446.591
    36     27.000        0.040       148.975      -612.064        0.014        0.955        1.037        0.027     -447.422
    37     27.000        0.035       149.906      -602.231        0.014        1.073        1.165        0.023     -447.422
    38     28.000        0.052       408.005      -601.687        0.014        0.723        0.785        0.014     -447.838
    39     28.000        0.030      -396.059      -600.765        0.014        1.240        1.346        0.016     -447.838
    40     29.000        0.037       303.513      -610.733        0.015        1.087        1.180        0.016     -448.253
    41     31.000        0.060      -611.346      -602.847        0.013        0.593        0.644        0.016     -449.084
    42     31.000        0.040      -529.473      -594.073        0.013        0.881        0.957        0.013     -449.084
    43     32.000        0.039      -446.033      -604.632        0.013        0.908        0.986        0.015     -449.500
    44     33.000        0.054      -603.928      -605.490        0.014        0.723        0.785        0.016     -449.915
    45     33.000        0.054      -263.541      -612.432        0.014        0.724        0.786        0.015     -449.915
    46     33.000        0.050      -407.195      -614.184        0.014        0.786        0.854        0.014     -449.915
    47     33.000        0.045      -611.283      -600.786        0.014        0.873        0.948        0.017     -449.915
    48     33.000        0.042      -612.184      -613.102        0.014        0.920        0.999        0.012     -449.915
    49     33.000        0.042      -264.366      -603.118        0.014        0.936        1.016        0.017     -449.915
    50     33.000        0.031      -411.306      -605.819        0.014        1.384        1.503        0.020     -449.915
    51     34.000        0.122      -546.884      -613.740        0.015        0.333        0.361        0.017     -450.330
    52     34.000        0.080       610.073       441.838        0.015        0.508        0.552        0.017     -450.330
    53     35.000        0.054       192.666      -613.750        0.013        0.670        0.728        0.011     -450.746
    54     35.000        0.032       511.701      -607.225        0.013        1.108        1.203        0.015     -450.746
    55     35.000        0.023      -572.054      -558.174        0.013        1.582        1.717        0.012     -450.746
    56     36.000        0.025      -310.140      -609.060        0.013        1.485        1.612        0.012     -451.161
    57     38.000        0.044       444.917      -613.100        0.013        0.806        0.875        0.014     -451.992
    58     39.000        0.066       597.186      -609.668        0.015        0.618        0.671        0.020     -452.408
    59     39.000        0.038      -216.414      -613.698        0.015        1.078        1.171        0.016     -452.408
    60     40.000        0.075       605.896      -403.188        0.014        0.500        0.542        0.018     -452.823
    61     41.000        0.031      -159.203      -609.450        0.013        1.198        1.301        0.016     -453.239
    62     43.000        0.101      -610.743       -95.770        0.014        0.365        0.397        0.012     -454.069
    63     43.000        0.079       609.130       495.723        0.014        0.466        0.506        0.018     -454.069
    64     43.000        0.033       319.471      -610.654        0.014        1.135        1.232        0.016     -454.069
    65     43.000        0.029       210.004      -608.745        0.014        1.281        1.391        0.016     -454.069
    66     44.000        0.056       266.140      -613.744        0.013        0.643        0.698        0.011     -454.485
    67     44.000        0.041      -282.119      -606.457        0.013        0.882        0.958        0.016     -454.485
    68     44.000        0.031      -275.685      -613.333        0.013        1.150        1.248        0.019     -454.485
    69     48.000        0.104      -215.134      -614.327        0.014        0.355        0.385        0.020     -456.147
    70     49.000        0.042       299.649      -608.772        0.013        0.852        0.925        0.017     -456.562
    71     49.000        0.025      -461.558      -612.659        0.013        1.439        1.562        0.017     -456.562
    72     50.000        0.069      -438.509      -611.928        0.015        0.574        0.623        0.022     -456.978
    73     50.000        0.063       149.774      -614.260        0.015        0.635        0.689        0.015     -456.978
    74     50.000        0.047       148.686      -603.847        0.015        0.852        0.925        0.017     -456.978
    75     52.000        0.025       426.288      -612.917        0.014        1.600        1.737        0.015     -457.809
    76     53.000        0.051       551.321      -612.011        0.015        0.811        0.881        0.019     -458.224
    77     55.000        0.054      -343.768      -612.745        0.013        0.681        0.740        0.016     -459.055
    78     56.000        0.078       612.834      -537.030        0.013        0.442        0.479        0.017     -459.470
    79     56.000        0.031       356.876      -518.759        0.013        1.121        1.218        0.014     -459.470
    80     56.000        0.028        52.848      -604.908        0.013        1.219        1.324        0.016     -459.470
    81     57.000        0.084       418.775      -611.168        0.013        0.436        0.474        0.013     -459.886
    82     57.000        0.040       415.533      -602.538        0.013        0.928        1.008        0.013     -459.886
    83     58.000        0.077       164.585      -614.081        0.013        0.466        0.506        0.014     -460.301
    84     58.000        0.067       490.332      -613.862        0.013        0.538        0.585        0.016     -460.301
    85     60.000        0.038       227.943      -612.114        0.014        1.049        1.140        0.015     -461.132
    86     60.000        0.033       223.385      -604.353        0.014        1.192        1.295        0.015     -461.132
    87     61.000        0.066      -520.624      -611.284        0.013        0.529        0.574        0.018     -461.548
    88     64.000        0.058       442.155      -612.372        0.014        0.706        0.766        0.016     -462.794
    89     64.000        0.044      -244.696      -613.962        0.014        0.852        0.925        0.016     -462.794
    90     64.000        0.019       442.401      -601.901        0.014        1.977        2.146        0.016     -462.794
    91     65.000        0.030       373.603      -609.792        0.014        1.260        1.368        0.012     -463.209
    92     66.000        0.055       446.905      -612.204        0.013        0.646        0.701        0.015     -463.625
    93     67.000        0.057       555.500      -613.559        0.014        0.651        0.707        0.017     -464.040
    94     67.000        0.029       551.341      -603.475        0.014        1.424        1.546        0.016     -464.040
    95     68.000        0.264       -72.093       -49.502        0.014        0.165        0.179        0.022     -464.456
    96     68.000        0.157       -67.187       -53.978        0.015        0.254        0.276        0.024     -464.456
    97     68.000        0.096      -183.153       -95.904        0.015        0.416        0.451        0.013     -464.456
    98     68.000        0.094       -80.487       -39.405        0.014        0.460        0.500        0.012     -464.456
    99     68.000        0.094      -243.521      -613.387        0.015        0.424        0.461        0.018     -464.456
   100     68.000        0.060       -79.781       -45.650        0.015        0.662        0.719        0.015     -464.456
   101     68.000        0.039       -91.312      -610.876        0.015        1.030        1.118        0.013     -464.456
   102     68.000        0.028      -247.788      -603.447        0.014        1.545        1.678        0.015     -464.456
   103     69.000        0.355       -73.683       -49.224        0.013        0.109        0.118        0.019     -464.871
   104     69.000        0.118       -76.010       -41.924        0.013        0.301        0.327        0.017     -464.871
   105     69.000        0.036      -373.998      -608.817        0.013        0.986        1.071        0.016     -464.871
   106     70.000        0.036      -321.527      -603.726        0.014        1.167        1.267        0.018     -465.287
   107     70.000        0.029      -317.458      -612.042        0.014        1.303        1.414        0.014     -465.287
   108     71.000        0.433       -72.544       -48.580        0.013        0.092        0.100        0.015     -465.702
   109     71.000        0.153       -67.760       -54.453        0.013        0.240        0.260        0.015     -465.702
   110     71.000        0.046       315.379      -612.202        0.013        0.792        0.860        0.019     -465.702
   111     71.000        0.043       315.792      -602.477        0.013        0.843        0.916        0.017     -465.702
   112     72.000        0.449       -72.511       -48.254        0.014        0.084        0.091        0.018     -466.117
   113     72.000        0.103        28.430         3.273        0.014        0.366        0.397        0.013     -466.117
   114     73.000        0.358       -72.504       -48.118        0.015        0.122        0.133        0.015     -466.533
   115     73.000        0.105       -77.878       -43.447        0.015        0.382        0.414        0.014     -466.533
   116     73.000        0.033       607.870      -610.701        0.015        1.230        1.336        0.018     -466.533
   117     74.000        0.026        50.057      -605.500        0.014        1.496        1.625        0.014     -466.948
   118     75.000        0.164       -71.908       -47.637        0.014        0.242        0.262        0.013     -467.364
   119     76.000        0.491       -26.921       -35.462        0.014        0.077        0.083        0.016     -467.779
   120     76.000        0.107       -38.931       -30.081        0.014        0.351        0.381        0.016     -467.779
   121     76.000        0.040       383.895      -612.768        0.014        0.948        1.030        0.013     -467.779
   122     77.000        1.606       -26.714       -35.425        0.016        0.027        0.030        0.020     -468.195
   123     78.000        3.723       -26.690       -35.247        0.017        0.013        0.014        0.040     -468.610
   124     78.000        0.216       -38.445       -30.355        0.017        0.217        0.235        0.024     -468.610
   125     78.000        0.132      -125.204       -97.655        0.017        0.354        0.385        0.022     -468.610
   126     78.000        0.116      -611.071       610.938        0.017        0.404        0.439        0.017     -468.610
   127     78.000        0.105      -233.536      -613.768        0.017        0.445        0.483        0.021     -468.610
   128     78.000        0.080         5.764      -608.562        0.017        0.586        0.636        0.017     -468.610
   129     78.000        0.073       608.593      -363.973        0.017        0.641        0.696        0.017     -468.610
   130     78.000        0.063       -31.015       -30.553        0.017        0.739        0.802        0.030     -468.610
   131     78.000        0.036      -229.389      -604.529        0.017        1.429        1.552        0.018     -468.610
   132     79.000        6.215       -26.548       -35.116        0.020        0.009        0.009        0.057     -469.026
   133     79.000        0.131      -130.036       -90.066        0.020        0.410        0.445        0.031     -469.026
   134     79.000        0.127      -178.790       -98.196        0.020        0.423        0.460        0.018     -469.026
   135     79.000        0.075        35.807      -111.066        0.020        0.717        0.778        0.019     -469.026
   136     80.000        8.732       -26.435       -35.078        0.023        0.007        0.008        0.097     -469.441
   137     80.000        0.469       -38.801       -30.311        0.023        0.137        0.148        0.042     -469.441
   138     80.000        0.090      -124.756      -136.552        0.023        0.708        0.769        0.023     -469.441
   139     81.000       10.963       -26.402       -35.055        0.032        0.008        0.009        0.126     -469.857
   140     81.000        0.597       -30.942       -43.450        0.032        0.146        0.158        0.101     -469.857
   141     82.000       12.908       -26.387       -35.047        0.038        0.008        0.009        0.197     -470.272
   142     82.000        2.101       -31.981       -43.226        0.038        0.049        0.054        0.078     -470.272
   143     82.000        0.109       106.083      -608.906        0.038        0.953        1.035        0.045     -470.272
   144     82.000        0.064        99.333      -603.396        0.038        1.777        1.929        0.045     -470.272
   145     83.000       14.394       -26.381       -35.123        0.047        0.009        0.010        0.270     -470.687
   146     83.000        4.855       -31.896       -43.458        0.047        0.027        0.029        0.102     -470.687
   147     83.000        0.117       536.104      -614.168        0.047        1.104        1.199        0.048     -470.687
   148     83.000        0.104       535.499      -603.037        0.047        1.246        1.353        0.054     -470.687
   149     83.000        0.044       531.160      -608.239        0.047        3.176        3.449        0.051     -470.687
   150     84.000       15.149       -26.391       -35.147        0.055        0.010        0.011        0.332     -471.103
   151     84.000        8.112       -31.952       -43.729        0.055        0.019        0.020        0.126     -471.103
   152     84.000        0.180       495.125      -613.966        0.055        0.838        0.910        0.045     -471.103
   153     84.000        0.161       483.479      -600.805        0.055        0.937        1.018        0.052     -471.103
   154     84.000        0.129       489.178      -609.023        0.055        1.165        1.265        0.034     -471.103
   155     84.000        0.099       482.707      -610.090        0.055        1.519        1.649        0.041     -471.103
   156     85.000       15.004       -26.404       -35.109        0.060        0.011        0.012        0.319     -471.518
   157     85.000       11.294       -32.005       -43.924        0.060        0.014        0.016        0.151     -471.518
   158     85.000        2.262       -38.643       -30.737        0.060        0.072        0.078        0.157     -471.518
   159     85.000        0.436        25.202      -116.123        0.060        0.375        0.407        0.076     -471.518
   160     85.000        0.431        12.111        24.253        0.060        0.379        0.412        0.111     -471.518
   161     85.000        0.208         6.809        25.966        0.059        0.857        0.931        0.100     -471.518
   162     86.000       13.698       -32.061       -44.118        0.068        0.014        0.015        0.188     -471.934
   163     86.000       13.690       -26.398       -35.089        0.068        0.014        0.015        0.330     -471.934
   164     86.000        2.744       -38.615       -30.794        0.068        0.068        0.074        0.170     -471.934
   165     86.000        0.532      -144.118       -19.238        0.068        0.352        0.383        0.072     -471.934
   166     86.000        0.427        12.335        24.318        0.068        0.439        0.476        0.135     -471.934
   167     86.000        0.214         7.082        25.970        0.068        0.953        1.035        0.114     -471.934
   168     86.000        0.136      -138.703       -23.720        0.068        1.505        1.635        0.087     -471.934
   169     87.000       15.426       -32.120       -44.258        0.066        0.012        0.013        0.205     -472.349
   170     87.000       11.761       -26.320       -34.981        0.066        0.015        0.017        0.302     -472.349
   171     87.000        2.979       -38.745       -31.158        0.066        0.061        0.066        0.172     -472.349
   172     87.000        1.203       -19.815       -48.796        0.066        0.150        0.163        0.097     -472.349
   173     87.000        0.715      -144.005       -20.040        0.066        0.253        0.275        0.078     -472.349
   174     87.000        0.384        12.605        23.992        0.066        0.513        0.558        0.112     -472.349
   175     87.000        0.353         7.486        26.064        0.066        0.513        0.557        0.099     -472.349
   176     88.000       11.096       -32.123       -43.909        0.070        0.017        0.019        0.208     -472.765
   177     88.000        7.908       -26.275       -34.930        0.070        0.024        0.026        0.317     -472.765
   178     88.000        4.339       -32.066       -45.461        0.070        0.048        0.053        0.193     -472.765
   179     88.000        3.094       -38.922       -31.670        0.070        0.062        0.068        0.195     -472.765
   180     88.000        1.736       -20.063       -49.263        0.070        0.111        0.121        0.133     -472.765
   181     88.000        0.527        27.841       -55.750        0.070        0.366        0.397        0.099     -472.765
   182     88.000        0.525         2.705       -30.698        0.070        0.367        0.398        0.086     -472.765
   183     88.000        0.460      -137.063       -57.285        0.070        0.419        0.455        0.070     -472.765
   184     88.000        0.156         7.634       -34.461        0.070        1.351        1.466        0.089     -472.765
   185     89.000       15.645       -32.130       -44.297        0.073        0.013        0.014        0.300     -473.180
   186     89.000        5.215       -26.121       -34.850        0.073        0.038        0.041        0.271     -473.180
   187     89.000        2.206       -38.546       -33.364        0.073        0.090        0.098        0.293     -473.180
   188     89.000        1.161       -20.581       -49.201        0.073        0.172        0.186        0.192     -473.180
   189     90.000       14.284       -32.172       -44.546        0.070        0.013        0.015        0.176     -473.596
   190     90.000        4.090       -14.459       -17.397        0.069        0.051        0.055        0.193     -473.596
   191     90.000        3.318       -25.781       -34.288        0.070        0.058        0.063        0.190     -473.596
   192     90.000        1.945       -37.519       -38.817        0.069        0.107        0.116        0.177     -473.596
   193     90.000        1.347       -14.259        -9.251        0.070        0.142        0.154        0.220     -473.596
   194     90.000        0.335      -144.170       -21.243        0.070        0.572        0.621        0.085     -473.596
   195     91.000       10.887       -32.149       -44.572        0.062        0.016        0.017        0.156     -474.011
   196     91.000        1.673       -36.989       -39.472        0.062        0.111        0.120        0.147     -474.011
   197     91.000        1.667       -25.717       -34.033        0.062        0.102        0.111        0.194     -474.011
   198     91.000        0.822      -107.250       -75.033        0.062        0.207        0.225        0.071     -474.011
   199     92.000        6.000       -32.319       -44.338        0.057        0.028        0.031        0.134     -474.426
   200     92.000        4.712       -13.988       -17.327        0.057        0.036        0.039        0.103     -474.426
   201     92.000        3.390       -15.313        -9.234        0.057        0.046        0.050        0.098     -474.426
   202     92.000        2.920        -8.621       -11.855        0.057        0.054        0.058        0.110     -474.426
   203     92.000        2.426        -7.795       -20.724        0.057        0.065        0.070        0.106     -474.426
   204     92.000        1.458       -38.090       -38.868        0.057        0.108        0.117        0.148     -474.426
   205     92.000        0.852       -22.235        -3.917        0.057        0.184        0.200        0.123     -474.426
   206     92.000        0.822       -20.593       -51.776        0.057        0.191        0.207        0.099     -474.426
   207     92.000        0.682       -32.076       -30.743        0.057        0.230        0.249        0.148     -474.426
   208     92.000        0.558      -106.879       -75.790        0.057        0.306        0.332        0.072     -474.426
   209     92.000        0.529      -109.173       -71.658        0.057        0.296        0.321        0.061     -474.426
   210     93.000        4.067       -14.233       -17.333        0.056        0.038        0.041        0.098     -474.842
   211     93.000        3.984        -8.776       -12.181        0.056        0.039        0.042        0.120     -474.842
   212     93.000        3.977       -15.332        -9.262        0.056        0.039        0.042        0.114     -474.842
   213     93.000        3.750        -8.001       -20.340        0.056        0.041        0.045        0.098     -474.842
   214     93.000        2.227       -32.300       -44.123        0.056        0.075        0.082        0.089     -474.842
   215     93.000        1.598      -107.705       -74.006        0.056        0.096        0.104        0.104     -474.842
   216     93.000        1.226       -20.519       -51.441        0.056        0.125        0.136        0.086     -474.842
   217     93.000        1.122       -37.897       -39.243        0.056        0.137        0.149        0.113     -474.842
   218     93.000        0.858       -22.196        -3.472        0.056        0.179        0.195        0.139     -474.842
   219     93.000        0.198       612.117      -613.895        0.056        0.777        0.844        0.038     -474.842
   220     93.000        0.166       608.933      -606.085        0.056        1.009        1.095        0.060     -474.842
   221     93.000        0.153       603.189      -598.853        0.056        1.005        1.092        0.065     -474.842
   222     94.000        0.897       -20.032       -52.132        0.049        0.149        0.162        0.066     -475.257
   223     94.000        0.826      -108.245       -73.577        0.049        0.177        0.192        0.085     -475.257
   224     94.000        0.762       -37.435       -39.339        0.049        0.176        0.191        0.059     -475.257
   225     94.000        0.547      -110.868       -67.652        0.049        0.245        0.266        0.072     -475.257
   226     94.000        0.440       -20.826       -49.475        0.049        0.332        0.360        0.076     -475.257
   227     94.000        0.435       -32.071       -44.160        0.049        0.308        0.334        0.050     -475.257
   228     94.000        0.128       567.654      -611.210        0.049        1.050        1.140        0.044     -475.257
   229     94.000        0.122       607.634      -602.936        0.049        1.098        1.192        0.059     -475.257
   230     94.000        0.112       611.189      -610.443        0.049        1.194        1.296        0.037     -475.257
   231     95.000        4.392       -14.826       -10.535        0.043        0.027        0.029        0.449     -475.673
   232     95.000        3.755        -8.597       -12.251        0.043        0.034        0.037        0.491     -475.673
   233     95.000        3.644        -9.775       -19.032        0.043        0.032        0.035        0.557     -475.673
   234     95.000        0.730       -19.786       -52.120        0.043        0.161        0.175        0.050     -475.673
   235     95.000        0.348       -21.062       -49.562        0.043        0.369        0.401        0.054     -475.673
   236     96.000        0.559       -20.027       -51.296        0.035        0.172        0.187        0.034     -476.088
   237     97.000        0.089      -612.132      -256.956        0.025        0.774        0.840        0.024     -476.504
   238     97.000        0.066      -450.060      -492.384        0.025        1.140        1.238        0.029     -476.504
   239     97.000        0.057      -368.330      -296.986        0.025        1.212        1.316        0.031     -476.504
   240     97.000        0.055      -456.596      -487.717        0.025        1.251        1.359        0.026     -476.504
   241     97.000        0.051      -601.939      -254.504        0.025        1.473        1.600        0.026     -476.504
   242     98.000        0.148      -109.245       -66.620        0.019        0.377        0.410        0.013     -476.919
   243     98.000        0.140       237.725      -614.141        0.019        0.366        0.397        0.020     -476.919
   244     98.000        0.135       -20.394       -50.775        0.019        0.381        0.414        0.023     -476.919
   245     98.000        0.099      -421.076      -614.123        0.019        0.516        0.560        0.026     -476.919
   246     98.000        0.098       542.813      -434.016        0.019        0.521        0.566        0.018     -476.919
   247     98.000        0.072        89.112        -5.691        0.019        0.716        0.778        0.022     -476.919
   248     98.000        0.064      -108.746       -74.051        0.019        0.806        0.875        0.016     -476.919
   249     98.000        0.041      -426.045      -603.095        0.019        1.359        1.476        0.021     -476.919
   250    100.000        1.043        -4.528        -4.659        0.015        0.040        0.044        0.024     -477.750
   251    100.000        0.370        -8.714       -11.402        0.015        0.114        0.123        0.025     -477.750
   252    100.000        0.271        -3.304       -13.324        0.015        0.169        0.184        0.018     -477.750
   253    101.000        2.160        -4.525        -4.657        0.015        0.020        0.021        0.032     -478.165
   254    101.000        0.186        -7.210       -12.097        0.015        0.228        0.247        0.027     -478.165
   255    102.000        3.409        -4.332        -4.497        0.016        0.013        0.014        0.042     -478.581
   256    102.000        0.092      -560.854       447.030        0.016        0.488        0.530        0.017     -478.581
   257    103.000        4.807        -4.371        -4.418        0.018        0.010        0.011        0.038     -478.996
   258    103.000        0.321        -3.168        10.535        0.018        0.151        0.164        0.017     -478.996
   259    103.000        0.225         9.823         6.899        0.018        0.216        0.234        0.017     -478.996
   260    103.000        0.181        -6.902         4.075        0.018        0.268        0.291        0.031     -478.996
   261    103.000        0.181        -0.097       -11.163        0.018        0.269        0.292        0.037     -478.996
   262    103.000        0.165        -0.270         1.839        0.018        0.293        0.318        0.036     -478.996
   263    103.000        0.158        -7.298        18.477        0.018        0.307        0.333        0.019     -478.996
   264    103.000        0.119        -3.628        26.555        0.018        0.407        0.442        0.015     -478.996
   265    103.000        0.058       568.858      -612.160        0.018        0.842        0.914        0.014     -478.996
   266    103.000        0.044       576.321      -609.060        0.018        1.091        1.185        0.021     -478.996
   267    103.000        0.043       565.874      -603.935        0.018        1.135        1.233        0.014     -478.996
   268    104.000        5.426        -4.335        -4.560        0.021        0.010        0.011        0.063     -479.412
   269    104.000        0.757        -1.489         0.343        0.020        0.081        0.088        0.113     -479.412
   270    104.000        0.510         9.659         7.100        0.021        0.110        0.120        0.038     -479.412
   271    104.000        0.354         0.764       -10.486        0.021        0.158        0.172        0.048     -479.412
   272    104.000        0.207         8.951       -11.211        0.021        0.271        0.295        0.035     -479.412
   273    104.000        0.127         6.202        -2.631        0.021        0.441        0.478        0.039     -479.412
   274    104.000        0.079      -121.494      -285.164        0.020        0.779        0.846        0.019     -479.412
   275    104.000        0.036      -127.059      -280.004        0.021        1.566        1.701        0.020     -479.412
   276    105.000        5.181        -3.859        -4.301        0.025        0.015        0.016        0.107     -479.827
   277    105.000        1.583         0.001         0.430        0.025        0.044        0.047        0.114     -479.827
   278    105.000        0.854         9.648         7.241        0.025        0.081        0.088        0.043     -479.827
   279    105.000        0.806        -3.564         9.804        0.025        0.086        0.093        0.090     -479.827
   280    105.000        0.495        -6.362        17.350        0.025        0.140        0.152        0.056     -479.827
   281    105.000        0.434         4.927        -8.003        0.025        0.160        0.173        0.116     -479.827
   282    105.000        0.371         1.244       -11.396        0.025        0.203        0.221        0.105     -479.827
   283    106.000        4.679        -0.939        -0.414        0.029        0.019        0.020        0.219     -480.243
   284    106.000        2.438        -4.877        -4.076        0.030        0.033        0.036        0.209     -480.243
   285    106.000        1.735         0.855        -8.605        0.030        0.047        0.051        0.111     -480.243
   286    106.000        1.344        -4.380         9.041        0.030        0.060        0.065        0.268     -480.243
   287    106.000        0.669         9.670         7.337        0.030        0.121        0.131        0.051     -480.243
   288    106.000        0.380        10.299       -14.115        0.029        0.232        0.252        0.072     -480.243
   289    106.000        0.301        12.178       -18.133        0.030        0.268        0.291        0.044     -480.243
   290    106.000        0.118      -252.948      -614.261        0.029        0.748        0.812        0.040     -480.243
   291    106.000        0.060      -254.956      -603.205        0.030        1.354        1.471        0.036     -480.243
   292    107.000        0.158       303.087      -609.636        0.033        0.571        0.620        0.027     -480.658
   293    107.000        0.102        19.111      -601.253        0.033        0.882        0.957        0.036     -480.658
   294    107.000        0.088       299.229      -602.339        0.033        1.027        1.116        0.033     -480.658
   295    107.000        0.086        24.021      -609.301        0.033        1.046        1.135        0.039     -480.658
   296    108.000       17.412        -0.446        -0.421        0.040        0.006        0.007        0.184     -481.074
   297    108.000        0.966         0.856        -8.968        0.040        0.124        0.134        0.133     -481.074
   298    108.000        0.670        -5.803         4.705        0.040        0.178        0.194        0.161     -481.074
   299    108.000        0.583         7.273        -8.800        0.040        0.188        0.204        0.114     -481.074
   300    108.000        0.546        -2.874         9.889        0.040        0.201        0.218        0.111     -481.074
   301    109.000       22.824        -0.241        -0.235        0.043        0.005        0.006        0.141     -481.489
   302    109.000        0.770        -4.072         6.551        0.043        0.153        0.167        0.145     -481.489
   303    109.000        0.483         7.572        -8.053        0.043        0.245        0.266        0.088     -481.489
   304    109.000        0.477         1.336        -7.771        0.043        0.247        0.269        0.103     -481.489
   305    110.000       26.709        -0.084        -0.087        0.049        0.005        0.005        0.193     -481.904
   306    110.000        0.585      -104.663       -49.934        0.049        0.231        0.250        0.040     -481.904
   307    110.000        0.562        -3.593         6.611        0.049        0.240        0.260        0.145     -481.904
   308    110.000        0.130       587.454      -605.890        0.049        1.040        1.129        0.061     -481.904
   309    110.000        0.099       595.207      -608.178        0.049        1.364        1.481        0.050     -481.904
   310    111.000       29.692         0.023         0.048        0.058        0.005        0.006        0.262     -482.320
   311    111.000        0.609      -103.754       -50.524        0.058        0.262        0.285        0.057     -482.320
   312    111.000        0.498         3.645        -6.265        0.058        0.321        0.348        0.159     -482.320
   313    111.000        0.147       528.135      -614.092        0.058        1.186        1.288        0.026     -482.320
   314    111.000        0.075       521.978      -610.078        0.058        2.124        2.306        0.039     -482.320
   315    112.000       29.864         0.063         0.120        0.054        0.005        0.005        0.222     -482.735
   316    112.000        0.613      -104.140       -50.808        0.054        0.242        0.263        0.051     -482.735
   317    112.000        0.126       595.238      -607.205        0.054        1.283        1.393        0.061     -482.735
   318    112.000        0.125       533.830      -607.935        0.054        1.188        1.290        0.043     -482.735
   319    112.000        0.118       527.705      -601.387        0.054        1.260        1.369        0.042     -482.735
   320    112.000        0.109       527.324      -612.809        0.054        1.366        1.483        0.033     -482.735
   321    112.000        0.079       600.630      -610.978        0.054        1.869        2.030        0.037     -482.735
   322    113.000       26.097         0.101         0.168        0.046        0.005        0.005        0.136     -483.151
   323    114.000       17.956         0.103         0.199        0.034        0.005        0.006        0.080     -483.566
   324    115.000        8.823         0.060         0.187        0.023        0.007        0.008        0.043     -483.982
   325    115.000        0.090       454.142      -188.422        0.023        0.695        0.754        0.026     -483.982
   326    115.000        0.074      -240.030      -609.278        0.023        0.846        0.919        0.029     -483.982
   327    116.000        2.886         0.115         0.194        0.014        0.014        0.015        0.020     -484.397
   328    116.000        0.055       291.830      -612.473        0.014        0.719        0.781        0.018     -484.397
   329    117.000        0.812         0.149         0.327        0.015        0.049        0.054        0.014     -484.813
   330    117.000        0.057       -89.053      -613.578        0.015        0.702        0.763        0.021     -484.813
   331    117.000        0.039       -94.906      -602.205        0.015        1.028        1.116        0.019     -484.813
   332    117.000        0.038       -86.970      -604.570        0.015        1.065        1.156        0.019     -484.813
   333    118.000        0.294         0.209         1.028        0.014        0.128        0.139        0.015     -485.228
   334    118.000        0.044      -267.302      -606.616        0.014        0.860        0.934        0.020     -485.228
   335    118.000        0.024      -275.588      -604.670        0.014        1.685        1.830        0.018     -485.228
   336    119.000        0.166        -0.427         0.246        0.014        0.234        0.254        0.015     -485.644
   337    119.000        0.042      -579.744      -612.778        0.014        0.932        1.012        0.014     -485.644
   338    120.000        0.065       562.252      -611.835        0.015        0.617        0.670        0.018     -486.059
   339    120.000        0.040       557.444      -603.720        0.015        0.997        1.082        0.016     -486.059
   340    122.000        0.029       -82.682      -613.732        0.013        1.260        1.368        0.013     -486.890
   341    122.000        0.023       290.003      -612.123        0.013        1.554        1.688        0.016     -486.890
   342    122.000        0.018       473.078      -612.592        0.013        2.051        2.227        0.016     -486.890
   343    124.000        0.055        -9.829      -613.841        0.013        0.655        0.711        0.016     -487.721
   344    125.000        0.030      -214.551      -611.337        0.013        1.217        1.322        0.017     -488.136
   345    125.000        0.024       115.965      -610.456        0.013        1.508        1.637        0.015     -488.136
   346    126.000        0.028      -417.396      -591.175        0.013        1.306        1.418        0.016     -488.552
   347    126.000        0.028      -187.647      -587.268        0.013        1.337        1.451        0.013     -488.552
   348    128.000        0.044      -152.597      -551.602        0.013        0.803        0.872        0.012     -489.383
   349    129.000        0.037      -190.151      -605.748        0.013        0.975        1.059        0.017     -489.798
   350    130.000        0.036      -281.908      -607.124        0.013        0.985        1.070        0.015     -490.213
   351    130.000        0.028      -276.094      -609.974        0.013        1.252        1.360        0.014     -490.213
   352    131.000        0.043        51.367      -609.080        0.014        0.877        0.952        0.014     -490.629
   353    131.000        0.038       108.662      -614.185        0.014        0.985        1.070        0.021     -490.629
   354    131.000        0.036       424.943      -608.083        0.014        1.067        1.159        0.013     -490.629
   355    131.000        0.028       -16.758      -604.646        0.014        1.346        1.461        0.017     -490.629
   356    132.000        0.069       386.396      -603.414        0.013        0.511        0.554        0.013     -491.044
   357    132.000        0.043      -519.775      -569.992        0.013        0.814        0.884        0.014     -491.044
   358    132.000        0.028      -417.865      -610.933        0.013        1.285        1.396        0.016     -491.044
   359    132.000        0.023      -515.926      -600.318        0.013        1.550        1.683        0.016     -491.044
   360    134.000        0.044      -539.611      -604.745        0.014        0.840        0.912        0.015     -491.875
   361    134.000        0.030       157.805      -609.887        0.014        1.255        1.362        0.017     -491.875
   362    134.000        0.027       528.410      -586.142        0.014        1.366        1.484        0.014     -491.875
   363    135.000        0.085       609.741       525.267        0.013        0.417        0.453        0.017     -492.291
   364    138.000        0.037       -13.781      -609.444        0.014        1.016        1.103        0.016     -493.537
   365    141.000        0.049      -261.680      -607.829        0.014        0.759        0.824        0.014     -494.783
   366    142.000        0.044       -80.748      -605.851        0.013        0.806        0.875        0.016     -495.199
   367    144.000        0.083       -47.147      -612.808        0.015        0.495        0.537        0.019     -496.030
   368    144.000        0.061      -112.772      -611.986        0.015        0.671        0.729        0.014     -496.030
   369    148.000        0.034       607.804      -583.696        0.013        1.036        1.125        0.014     -497.692
   370    149.000        0.092       613.006      -525.148        0.013        0.382        0.415        0.019     -498.107
   371    149.000        0.064       403.461      -609.925        0.013        0.548        0.595        0.016     -498.107
   372    149.000        0.021       567.392      -613.653        0.013        1.664        1.807        0.016     -498.107
   373    150.000        0.068      -271.691      -611.010        0.014        0.578        0.628        0.020     -498.522
   374    151.000        0.031       207.330      -553.388        0.014        1.195        1.298        0.017     -498.938
   375    153.000        0.024      -575.523      -608.517        0.014        1.539        1.671        0.014     -499.769
   376    153.000        0.021        58.858      -604.102        0.014        1.824        1.980        0.015     -499.769
   377    154.000        0.037       607.598      -608.756        0.013        0.987        1.072        0.013     -500.184
   378    154.000        0.025      -201.055      -596.262        0.013        1.456        1.581        0.016     -500.184
   379    155.000        0.034       387.234      -613.539        0.015        1.216        1.321        0.011     -500.600
   380    156.000        0.043       187.089      -613.877        0.013        0.863        0.937        0.014     -501.015
   381    156.000        0.031      -600.967      -610.639        0.013        1.181        1.283        0.014     -501.015
   382    157.000        0.058      -456.751      -613.332        0.013        0.617        0.670        0.017     -501.431
   383    157.000        0.045       -21.007      -613.249        0.013        0.789        0.857        0.015     -501.431
   384    157.000        0.037       213.873      -594.217        0.013        0.963        1.045        0.014     -501.431
   385    157.000        0.025      -452.983      -603.836        0.013        1.419        1.541        0.014     -501.431
   386    160.000        0.071      -465.505      -611.843        0.014        0.539        0.585        0.016     -502.677
   387    161.000        0.078      -514.135      -455.886        0.013        0.453        0.492        0.013     -503.092
   388    161.000        0.029       418.719      -609.319        0.013        1.209        1.312        0.013     -503.092
   389    163.000        0.063      -532.362      -613.557        0.014        0.614        0.667        0.013     -503.923
   390    163.000        0.039       288.086      -600.192        0.014        0.978        1.062        0.017     -503.923
   391    164.000        0.052      -442.271      -588.795        0.013        0.680        0.738        0.017     -504.339
   392    164.000        0.031      -428.348      -593.346        0.013        1.135        1.232        0.018     -504.339
   393    164.000        0.029        26.023      -434.578        0.013        1.230        1.335        0.014     -504.339
   394    164.000        0.026      -454.055      -606.453        0.013        1.392        1.511        0.013     -504.339
   395    165.000        0.094      -611.359      -609.878        0.014        0.408        0.443        0.011     -504.754
   396    165.000        0.045      -613.159      -601.933        0.014        0.860        0.934        0.010     -504.754
   397    165.000        0.035      -604.643      -608.646        0.014        1.099        1.193        0.013     -504.754
   398    166.000        0.076      -613.266        -0.542        0.014        0.501        0.544        0.017     -505.170
   399    166.000        0.041      -218.538      -597.454        0.014        0.929        1.009        0.017     -505.170
   400    166.000        0.027       197.462      -605.371        0.014        1.411        1.532        0.016     -505.170
   401    167.000        0.044      -341.496      -613.007        0.013        0.816        0.886        0.014     -505.585
   402    168.000        0.029      -584.020      -602.642        0.013        1.280        1.389        0.016     -506.000
   403    170.000        0.026      -544.686      -603.852        0.014        1.433        1.556        0.017     -506.831
   404    173.000        0.038      -515.181      -594.539        0.014        0.974        1.057        0.013     -508.078
   405    173.000        0.032       539.067      -610.050        0.014        1.160        1.260        0.018     -508.078
   406    174.000        0.033       -49.112      -613.064        0.015        1.239        1.346        0.014     -508.493
   407    175.000        0.081      -116.884      -614.365        0.014        0.484        0.526        0.013     -508.909
   408    175.000        0.054      -197.303      -605.582        0.014        0.728        0.790        0.015     -508.909
   409    175.000        0.046      -209.667      -606.722        0.014        0.848        0.921        0.014     -508.909
   410    175.000        0.038      -203.499      -612.984        0.014        1.029        1.117        0.015     -508.909
   411    176.000        0.075       607.857       -62.317        0.014        0.512        0.556        0.019     -509.324
   412    176.000        0.047       -32.202      -611.699        0.014        0.817        0.888        0.012     -509.324
   413    176.000        0.044       199.555      -614.217        0.014        0.877        0.952        0.018     -509.324
   414    177.000        0.076       584.278      -614.138        0.014        0.508        0.552        0.013     -509.740
   415    177.000        0.072       598.690       604.720        0.014        0.535        0.581        0.021     -509.740
   416    177.000        0.043       579.247      -606.749        0.014        0.888        0.964        0.015     -509.740
   417    177.000        0.031       605.207       600.602        0.014        1.353        1.470        0.020     -509.740
   418    178.000        0.050        27.086      -613.538        0.014        0.795        0.863        0.016     -510.155
   419    178.000        0.048       402.479      -607.231        0.014        0.816        0.886        0.014     -510.155
   420    179.000        0.056       -49.585      -612.788        0.013        0.650        0.706        0.014     -510.570
   421    179.000        0.048       336.695      -613.377        0.013        0.762        0.828        0.015     -510.570
   422    179.000        0.027       335.346      -604.600        0.013        1.367        1.484        0.014     -510.570
   423    180.000        0.049      -433.039      -609.352        0.014        0.770        0.836        0.017     -510.986
   424    181.000        0.041       363.180      -610.561        0.014        0.944        1.025        0.016     -511.401
   425    181.000        0.035      -238.056      -612.204        0.014        1.110        1.205        0.017     -511.401
   426    183.000        0.082      -614.294      -197.473        0.013        0.443        0.481        0.012     -512.232
   427    183.000        0.030      -606.353      -593.757        0.013        1.224        1.329        0.016     -512.232
   428    183.000        0.021      -604.080      -199.036        0.013        1.855        2.015        0.015     -512.232
   429    184.000        0.031       292.735      -607.285        0.014        1.238        1.345        0.019     -512.648
   430    185.000        0.037      -323.754      -607.279        0.013        0.991        1.076        0.016     -513.063
   431    187.000        0.040      -250.200      -612.344        0.013        0.894        0.970        0.017     -513.894
   432    189.000        0.088      -477.297       612.129        0.014        0.424        0.460        0.015     -514.725
   433    191.000        0.028      -240.223      -612.502        0.013        1.267        1.376        0.016     -515.556
   434    192.000        0.060      -162.480      -612.911        0.013        0.611        0.663        0.016     -515.971
   435    192.000        0.045      -167.894      -605.041        0.013        0.804        0.874        0.013     -515.971
   436    192.000        0.029        -6.526      -606.162        0.013        1.269        1.377        0.016     -515.971
   437    193.000        0.446       128.083      -492.922        0.014        0.084        0.092        0.020     -516.387
   438    193.000        0.124        -3.718      -376.055        0.014        0.303        0.329        0.015     -516.387
   439    194.000        0.859       127.439      -492.782        0.014        0.043        0.047        0.023     -516.802
   440    194.000        0.221        -4.805      -374.890        0.014        0.169        0.184        0.010     -516.802
   441    195.000        1.247       127.606      -492.739        0.014        0.031        0.034        0.027     -517.218
   442    195.000        0.291        -4.464      -374.896        0.014        0.135        0.146        0.014     -517.218
   443    195.000        0.036       390.578      -603.456        0.014        1.098        1.192        0.017     -517.218
   444    196.000        1.819       127.181      -492.436        0.015        0.022        0.024        0.039     -517.633
   445    196.000        0.361        -4.337      -374.876        0.015        0.111        0.120        0.013     -517.633
   446    196.000        0.088      -606.622       431.504        0.015        0.453        0.492        0.019     -517.633
   447    197.000        2.210       126.985      -492.244        0.015        0.019        0.020        0.042     -518.048
   448    197.000        0.145        -4.788      -375.129        0.015        0.284        0.308        0.017     -518.048
   449    197.000        0.119       221.851      -433.536        0.015        0.345        0.375        0.018     -518.048
   450    197.000        0.056       387.947      -613.228        0.015        0.737        0.800        0.011     -518.048
   451    197.000        0.039       381.378      -607.738        0.015        1.064        1.156        0.013     -518.048
   452    198.000        2.508       126.803      -492.022        0.016        0.017        0.019        0.041     -518.464
   453    198.000        0.121        26.979      -547.798        0.016        0.354        0.384        0.013     -518.464
   454    199.000        2.459       126.811      -491.874        0.015        0.017        0.018        0.060     -518.879
   455    199.000        0.107        28.693      -549.353        0.015        0.390        0.424        0.019     -518.879
   456    199.000        0.048       273.708      -612.571        0.015        0.865        0.939        0.016     -518.879
   457    200.000        1.890       126.636      -491.546        0.016        0.023        0.025        0.048     -519.295
   458    200.000        0.171       133.630      -498.012        0.016        0.255        0.277        0.030     -519.295
   459    200.000        0.157       230.479      -440.250        0.016        0.277        0.301        0.014     -519.295
   460    200.000        0.137       133.278      -490.631        0.016        0.320        0.347        0.039     -519.295
   461    200.000        0.117        32.815      -552.754        0.016        0.374        0.406        0.028     -519.295
   462    200.000        0.081       546.797       562.998        0.016        0.590        0.640        0.022     -519.295
   463    200.000        0.060       540.687       566.757        0.016        0.725        0.787        0.022     -519.295
   464    201.000        1.257       126.447      -491.324        0.016        0.038        0.042        0.031     -519.710
   465    201.000        0.437       132.427      -490.562        0.016        0.101        0.110        0.030     -519.710
   466    201.000        0.110        27.658      -542.789        0.016        0.436        0.473        0.017     -519.710
   467    201.000        0.079        28.145      -550.218        0.016        0.555        0.602        0.018     -519.710
   468    201.000        0.034      -452.502      -609.460        0.016        1.298        1.409        0.014     -519.710
   469    202.000        0.722       126.734      -491.432        0.014        0.060        0.065        0.032     -520.126
   470    202.000        0.637       132.252      -490.688        0.015        0.062        0.068        0.031     -520.126
   471    203.000        0.835       132.031      -490.861        0.014        0.052        0.057        0.034     -520.541
   472    203.000        0.328       126.014      -491.542        0.015        0.122        0.132        0.036     -520.541
   473    203.000        0.139        27.180      -543.155        0.015        0.286        0.311        0.014     -520.541
   474    204.000        0.895       131.714      -490.133        0.014        0.047        0.052        0.030     -520.957
   475    204.000        0.238       124.714      -488.117        0.014        0.163        0.177        0.034     -520.957
   476    205.000        0.729       132.566      -490.085        0.015        0.064        0.069        0.022     -521.372
   477    205.000        0.158       127.630      -489.277        0.016        0.270        0.294        0.025     -521.372
   478    205.000        0.109       136.030      -499.145        0.016        0.391        0.424        0.017     -521.372
   479    205.000        0.069       116.300      -600.848        0.016        0.620        0.673        0.021     -521.372
   480    205.000        0.049       119.673      -611.947        0.016        0.864        0.938        0.019     -521.372
   481    205.000        0.049       112.524      -609.364        0.016        0.878        0.954        0.013     -521.372
   482    206.000        0.632       132.303      -490.037        0.014        0.060        0.065        0.028     -521.787
   483    206.000        0.076      -599.613        12.177        0.014        0.496        0.538        0.018     -521.787
   484    208.000        0.040      -147.143      -612.148        0.014        0.968        1.051        0.017     -522.618
   485    210.000        0.100       131.213      -488.837        0.013        0.361        0.392        0.012     -523.449
   486    210.000        0.039      -200.795      -605.085        0.013        0.919        0.998        0.016     -523.449
   487    213.000        0.068      -607.488      -608.261        0.014        0.550        0.597        0.021     -524.696
   488    213.000        0.034      -439.557      -612.760        0.014        1.085        1.178        0.012     -524.696
   489    214.000        0.083      -612.503      -565.466        0.012        0.404        0.439        0.016     -525.111
   490    214.000        0.036      -523.735      -606.472        0.012        0.925        1.004        0.013     -525.111
   491    214.000        0.023       541.943      -510.277        0.012        1.471        1.598        0.014     -525.111
   492    215.000        0.033       410.651      -612.996        0.014        1.165        1.265        0.012     -525.527
   493    216.000        0.060      -192.489      -610.269        0.014        0.637        0.692        0.015     -525.942
   494    216.000        0.033       -96.872      -609.081        0.014        1.153        1.252        0.013     -525.942
   495    217.000        0.109        20.315      -613.700        0.014        0.345        0.374        0.022     -526.357
   496    217.000        0.089       -47.803      -604.484        0.014        0.423        0.460        0.018     -526.357
   497    220.000        0.057        75.712      -611.729        0.014        0.686        0.745        0.014     -527.604
   498    222.000        0.035       592.237      -571.364        0.014        1.075        1.167        0.014     -528.435
   499    222.000        0.027       432.542      -557.239        0.014        1.374        1.492        0.015     -528.435
   500    223.000        0.033       594.982      -610.616        0.013        1.064        1.155        0.017     -528.850
   501    224.000        0.093      -495.629      -612.281        0.014        0.415        0.450        0.015     -529.266
   502    224.000        0.037      -499.747      -604.109        0.014        1.041        1.130        0.015     -529.266
   503    225.000        0.100      -313.251       610.162        0.013        0.355        0.385        0.019     -529.681
   504    225.000        0.030       578.792      -593.743        0.013        1.182        1.284        0.018     -529.681
   505    228.000        0.088       -92.300      -612.911        0.013        0.408        0.443        0.011     -530.927
   506    228.000        0.044       -56.555      -612.254        0.013        0.824        0.895        0.017     -530.927
   507    228.000        0.029       -62.947      -608.342        0.013        1.246        1.353        0.016     -530.927
   508    228.000        0.023       181.371      -585.121        0.013        1.575        1.710        0.017     -530.927
   509    230.000        0.056       613.237      -613.629        0.012        0.596        0.647        0.016     -531.758
   510    230.000        0.048      -612.200      -545.500        0.012        0.690        0.749        0.016     -531.758
   511    230.000        0.038       312.733      -527.889        0.012        0.888        0.964        0.012     -531.758
   512    231.000        0.062      -609.391       319.249        0.013        0.572        0.621        0.019     -532.174
   513    232.000        0.040      -607.087      -611.479        0.013        0.901        0.978        0.017     -532.589
   514    232.000        0.037       610.640      -602.363        0.013        0.994        1.080        0.017     -532.589
   515    232.000        0.036       610.154      -609.508        0.013        1.025        1.113        0.017     -532.589
   516    233.000        0.048      -279.032      -607.153        0.013        0.752        0.816        0.015     -533.005
   517    234.000        0.039       548.990      -613.810        0.014        0.974        1.057        0.019     -533.420
   518    234.000        0.037      -454.602      -611.574        0.014        1.037        1.126        0.014     -533.420
   519    234.000        0.028      -580.832      -612.245        0.014        1.373        1.491        0.021     -533.420
   520    234.000        0.025       546.551      -604.984        0.014        1.528        1.660        0.016     -533.420
   521    235.000        0.047      -450.327      -605.615        0.014        0.844        0.916        0.018     -533.835
   522    235.000        0.043       595.060      -613.687        0.014        0.911        0.989        0.019     -533.835
   523    235.000        0.034       590.635      -604.066        0.014        1.245        1.352        0.016     -533.835
   524    236.000        0.054       580.368      -614.108        0.014        0.692        0.752        0.027     -534.251
   525    237.000        0.040      -285.639      -613.366        0.013        0.858        0.931        0.019     -534.666
   526    237.000        0.019      -276.037      -609.024        0.013        1.980        2.150        0.012     -534.666
   527    238.000        0.055         6.835      -614.057        0.014        0.685        0.744        0.015     -535.082
   528    238.000        0.038         1.402      -602.991        0.014        0.991        1.076        0.014     -535.082
   529    238.000        0.031        16.185      -609.258        0.014        1.240        1.347        0.015     -535.082
   530    238.000        0.029         8.835      -605.351        0.014        1.293        1.404        0.013     -535.082
   531    241.000        0.043       163.713      -611.717        0.013        0.849        0.922        0.014     -536.328
   532    242.000        0.063       371.166      -611.833        0.014        0.602        0.654        0.017     -536.744
   533    242.000        0.037      -484.205      -613.667        0.014        1.013        1.100        0.017     -536.744
   534    244.000        0.090      -612.893      -578.307        0.013        0.394        0.428        0.013     -537.575
   535    244.000        0.087       610.754        -1.120        0.013        0.409        0.444        0.014     -537.575
   536    244.000        0.037      -165.827      -612.740        0.013        0.965        1.048        0.013     -537.575
   537    246.000        0.055       414.692      -611.128        0.014        0.753        0.817        0.020     -538.405
   538    246.000        0.032       408.367      -606.418        0.014        1.167        1.267        0.015     -538.405
   539    246.000        0.032      -568.584      -602.635        0.014        1.203        1.306        0.016     -538.405
   540    248.000        0.098       -68.616      -170.353        0.012        0.343        0.373        0.013     -539.236
   541    248.000        0.044       330.510      -612.219        0.012        0.764        0.829        0.015     -539.236
   542    249.000        0.110       -69.056      -170.923        0.013        0.335        0.364        0.015     -539.652
   543    250.000        0.124       -69.531      -170.077        0.013        0.291        0.316        0.013     -540.067
   544    250.000        0.056      -248.228      -607.453        0.013        0.647        0.703        0.018     -540.067
   545    250.000        0.016       398.990      -604.353        0.013        2.309        2.507        0.016     -540.067
   546    251.000        0.104       -68.901      -170.633        0.014        0.363        0.394        0.015     -540.483
   547    251.000        0.046       602.293      -606.110        0.014        0.904        0.981        0.019     -540.483
   548    251.000        0.025       609.178      -609.242        0.014        1.541        1.673        0.019     -540.483
   549    253.000        0.035      -579.132      -613.135        0.014        1.101        1.195        0.016     -541.314
   550    254.000        0.080      -612.944       -78.232        0.015        0.510        0.554        0.017     -541.729
   551    254.000        0.048        68.027      -601.292        0.015        0.851        0.924        0.017     -541.729
   552    254.000        0.033        65.402      -611.558        0.015        1.216        1.321        0.016     -541.729
   553    256.000        0.091      -597.254      -600.093        0.013        0.398        0.432        0.018     -542.560
   554    256.000        0.047       -32.204      -612.143        0.013        0.773        0.839        0.013     -542.560
   555    256.000        0.033       475.866      -538.411        0.013        1.108        1.203        0.016     -542.560
   556    258.000        0.044      -461.647      -613.819        0.013        0.829        0.900        0.015     -543.391
   557    258.000        0.035       165.068      -593.798        0.013        1.050        1.140        0.017     -543.391
   558    259.000        0.110       613.020       295.577        0.015        0.368        0.400        0.013     -543.806
   559    259.000        0.074      -516.035       610.837        0.015        0.548        0.596        0.021     -543.806
   560    260.000        0.076       605.350       -57.206        0.015        0.533        0.579        0.018     -544.222
   561    260.000        0.025      -163.351      -606.975        0.015        1.624        1.764        0.013     -544.222
   562    261.000        0.057       139.019      -609.487        0.013        0.636        0.691        0.016     -544.637
   563    261.000        0.053       281.627      -610.708        0.013        0.686        0.745        0.016     -544.637
   564    263.000        0.061      -346.058      -612.925        0.015        0.673        0.731        0.011     -545.468
   565    263.000        0.036      -100.168      -604.021        0.015        1.133        1.231        0.016     -545.468
   566    263.000        0.032      -100.766      -613.101        0.015        1.293        1.403        0.020     -545.468
   567    264.000        0.063        44.727      -578.042        0.013        0.569        0.618        0.014     -545.883
   568    264.000        0.029      -217.957      -610.572        0.013        1.233        1.339        0.013     -545.883
   569    266.000        0.046       459.234      -613.121        0.014        0.825        0.896        0.017     -546.714
   570    266.000        0.046       512.801      -608.845        0.014        0.827        0.897        0.020     -546.714
   571    266.000        0.034       451.059      -608.472        0.014        1.099        1.193        0.015     -546.714
   572    267.000        0.039      -100.476      -612.024        0.013        0.878        0.953        0.016     -547.130
   573    267.000        0.034       186.415      -611.076        0.013        1.007        1.093        0.016     -547.130
   574    268.000        0.042      -458.969      -612.831        0.013        0.879        0.954        0.014     -547.545
   575    268.000        0.034      -490.820      -614.149        0.013        1.086        1.180        0.016     -547.545
   576    268.000        0.028      -583.339      -608.884        0.013        1.300        1.411        0.014     -547.545
   577    268.000        0.019       454.038      -609.400        0.013        1.958        2.126        0.013     -547.545
   578    270.000        0.026      -293.819      -609.100        0.014        1.481        1.608        0.014     -548.376
   579    271.000        0.098       612.205       425.694        0.013        0.358        0.388        0.017     -548.792
   580    272.000        0.041      -348.231      -610.861        0.015        0.970        1.054        0.015     -549.207
   581    273.000        0.053       611.467      -612.122        0.014        0.707        0.767        0.014     -549.622
   582    274.000        0.041      -221.746      -609.729        0.014        0.957        1.040        0.016     -550.038
   583    274.000        0.019      -263.197      -612.541        0.014        2.038        2.213        0.018     -550.038
   584    275.000        0.035      -334.929      -608.546        0.013        1.022        1.110        0.019     -550.453
   585    275.000        0.032       -70.966      -611.856        0.013        1.145        1.243        0.015     -550.453
   586    277.000        0.043       543.006      -570.463        0.012        0.794        0.862        0.014     -551.284
   587    277.000        0.039       612.213      -590.692        0.012        0.866        0.940        0.016     -551.284
   588    277.000        0.022       185.671      -609.422        0.012        1.576        1.712        0.014     -551.284
   589    278.000        0.048      -600.459      -612.399        0.013        0.740        0.804        0.021     -551.700
