       magilla    MFPRT(31DEC13)     745               12-AUG-2015   13:10:40               Page    1
 Row #      Plane     Peak int      X-offset      Y-offset     Err peak    Err X-off    Err Y-off    Resid rms     Velocity
           pixels      Jy/beam           mas           mas      Jy/beam          mas          mas           Jy         km/s
 
*****   MF file version = 1    V255S LINE2 .ICL001. 1   *****
 
     1   1273.000       11.293      -484.889       218.515        0.020        0.005        0.005        0.032     -456.920
     2   1274.000       12.630      -484.951       218.531        0.022        0.005        0.005        0.034     -457.298
     3   1275.000       13.814      -485.002       218.533        0.022        0.005        0.004        0.034     -457.675
     4   1276.000       14.706      -485.050       218.552        0.026        0.005        0.005        0.036     -458.053
     5   1277.000       15.368      -485.089       218.538        0.026        0.005        0.005        0.029     -458.431
     6   1278.000       15.827      -485.117       218.522        0.025        0.005        0.004        0.026     -458.808
     7   1279.000       15.982      -485.074       218.489        0.028        0.005        0.005        0.027     -459.186
     8   1280.000       15.518      -484.967       218.406        0.029        0.006        0.005        0.038     -459.564
     9   1281.000       14.714      -484.761       218.281        0.034        0.007        0.007        0.044     -459.941
    10   1282.000       13.525      -484.585       218.115        0.044        0.010        0.009        0.052     -460.319
    11   1283.000       12.485      -484.299       217.932        0.061        0.015        0.013        0.127     -460.697
    12   1284.000       12.274      -483.866       217.705        0.078        0.020        0.018        0.216     -461.074
    13   1285.000       13.106      -483.517       217.445        0.056        0.013        0.012        0.148     -461.452
    14   1286.000       14.193      -483.279       217.268        0.055        0.012        0.011        0.127     -461.830
    15   1287.000       15.020      -483.105       217.136        0.054        0.011        0.010        0.125     -462.207
    16   1288.000       15.141      -482.978       217.003        0.060        0.012        0.011        0.095     -462.585
    17   1289.000       14.783      -482.936       216.889        0.057        0.011        0.010        0.087     -462.962
    18   1290.000       13.294      -482.914       216.869        0.062        0.014        0.012        0.085     -463.340
    19   1291.000       10.886      -482.852       216.791        0.081        0.022        0.020        0.092     -463.718
    20   1295.000       10.643      -577.924       237.403        0.093        0.029        0.025        0.126     -465.228
    21   1296.000       17.325      -577.912       237.395        0.101        0.019        0.017        0.247     -465.606
    22   1297.000       24.418      -577.915       237.309        0.133        0.018        0.015        0.290     -465.984
    23   1298.000       29.875      -577.924       237.225        0.162        0.018        0.016        0.477     -466.361
    24   1299.000       32.465      -577.976       237.146        0.209        0.022        0.018        0.711     -466.739
    25   1300.000       30.852      -577.740       236.962        0.282        0.031        0.026        0.818     -467.117
    26   1301.000       26.624      -577.438       236.887        0.356        0.047        0.038        0.980     -467.494
    27   1302.000       20.784      -576.560       236.591        0.393        0.070        0.056        0.683     -467.872
    28   1302.000       10.336      -519.208       210.553        0.376        0.179        0.178        1.014     -467.872
    29   1303.000       19.177      -574.919       236.223        0.482        0.097        0.079        1.205     -468.250
    30   1303.000       14.108      -518.993       210.532        0.469        0.146        0.149        0.605     -468.250
    31   1303.000       13.346      -530.716       221.930        0.487        0.129        0.106        1.779     -468.250
    32   1304.000       26.701      -530.542       221.809        0.512        0.071        0.061        1.186     -468.627
    33   1304.000       16.414      -573.918       236.046        0.511        0.120        0.100        1.667     -468.627
    34   1304.000       11.398      -519.417       210.748        0.507        0.169        0.166        0.711     -468.627
    35   1304.000       10.249      -539.609       218.143        0.510        0.195        0.176        1.084     -468.627
    36   1304.000        6.128      -524.279       215.401        0.523        0.197        0.186        0.971     -468.627
    37   1305.000       42.187      -530.519       222.014        0.603        0.051        0.045        1.385     -469.005
    38   1305.000       14.845      -573.798       235.991        0.597        0.160        0.137        1.656     -469.005
    39   1305.000       12.105      -539.415       218.297        0.602        0.191        0.168        1.160     -469.005
    40   1305.000       11.440      -519.638       210.820        0.594        0.205        0.182        0.888     -469.005
    41   1305.000       10.327      -470.105       283.805        0.612        0.201        0.174        0.779     -469.005
    42   1305.000        8.773      -524.140       215.434        0.613        0.171        0.152        1.138     -469.005
    43   1306.000       53.687      -530.638       222.128        0.658        0.042        0.039        1.859     -469.383
    44   1306.000       14.301      -523.033       213.969        0.662        0.154        0.140        2.568     -469.383
    45   1306.000       13.008      -538.994       218.046        0.657        0.191        0.174        1.459     -469.383
    46   1306.000       12.462      -573.656       235.873        0.646        0.215        0.183        1.975     -469.383
    47   1306.000       10.763      -469.993       283.641        0.666        0.211        0.183        0.552     -469.383
    48   1306.000       10.257      -481.809       216.518        0.668        0.166        0.143        0.928     -469.383
    49   1307.000       64.910      -530.679       222.218        0.709        0.038        0.036        1.966     -469.760
    50   1307.000       17.616      -524.165       214.724        0.722        0.118        0.105        1.828     -469.760
    51   1307.000       15.626      -538.577       217.726        0.715        0.168        0.154        1.616     -469.760
    52   1307.000       13.636      -469.264       283.184        0.720        0.177        0.157        0.628     -469.760
    53   1307.000       12.184      -481.728       216.631        0.722        0.152        0.127        1.023     -469.760
       magilla    MFPRT(31DEC13)     745               12-AUG-2015   13:10:40               Page    2
 Row #      Plane     Peak int      X-offset      Y-offset     Err peak    Err X-off    Err Y-off    Resid rms     Velocity
           pixels      Jy/beam           mas           mas      Jy/beam          mas          mas           Jy         km/s
 
    54   1307.000        9.630      -574.511       236.661        0.680        0.372        0.321        2.016     -469.760
    55   1308.000       66.534      -530.806       222.189        0.791        0.042        0.040        2.323     -470.138
    56   1308.000       18.705      -523.780       214.148        0.811        0.139        0.122        2.246     -470.138
    57   1308.000       18.703      -538.464       217.678        0.810        0.151        0.141        1.948     -470.138
    58   1308.000       10.565      -468.889       283.114        0.811        0.249        0.224        0.716     -470.138
    59   1309.000       63.642      -530.892       222.202        0.711        0.039        0.037        2.267     -470.516
    60   1309.000       18.344      -523.814       213.965        0.724        0.134        0.111        2.127     -470.516
    61   1309.000       17.333      -538.387       217.589        0.723        0.152        0.141        2.029     -470.516
    62   1309.000       12.311      -563.998       238.465        0.692        0.266        0.220        1.452     -470.516
    63   1310.000       60.721      -531.253       222.271        0.579        0.034        0.031        2.030     -470.893
    64   1310.000       16.292      -524.138       214.073        0.594        0.118        0.098        1.778     -470.893
    65   1310.000       14.120      -538.140       217.572        0.594        0.143        0.139        2.067     -470.893
    66   1310.000       14.016      -563.403       237.968        0.567        0.185        0.151        1.409     -470.893
    67   1311.000       57.726      -531.717       222.520        0.577        0.038        0.033        2.372     -471.271
    68   1311.000       13.661      -524.496       213.846        0.591        0.156        0.115        1.557     -471.271
    69   1311.000       13.564      -545.594       226.003        0.563        0.210        0.154        1.643     -471.271
    70   1311.000       10.726      -563.724       238.948        0.571        0.231        0.205        1.106     -471.271
    71   1312.000       51.900      -532.459       222.831        0.431        0.034        0.026        2.268     -471.649
    72   1312.000       15.478      -545.936       225.848        0.423        0.133        0.093        1.164     -471.649
    73   1313.000       47.663      -533.535       223.184        0.319        0.030        0.021        1.366     -472.026
    74   1313.000       15.257      -544.880       225.461        0.323        0.076        0.073        1.112     -472.026
    75   1314.000       48.791      -534.340       223.229        0.272        0.025        0.018        1.119     -472.404
    76   1314.000       12.649      -544.698       224.965        0.282        0.068        0.078        0.861     -472.404
    77   1315.000       53.900      -533.913       222.702        0.216        0.017        0.014        1.670     -472.782
    78   1316.000       63.111      -532.925       221.800        0.193        0.013        0.011        1.067     -473.159
    79   1317.000       78.685      -532.233       221.145        0.221        0.012        0.010        0.811     -473.537
    80   1318.000       90.050      -531.883       220.846        0.303        0.013        0.011        0.881     -473.914
    81   1319.000       90.235      -531.588       220.675        0.421        0.018        0.015        1.404     -474.292
    82   1319.000        9.094      -512.172       216.961        0.409        0.203        0.169        1.263     -474.292
    83   1320.000       82.819      -531.382       220.567        0.457        0.021        0.018        1.870     -474.670
    84   1320.000       16.477      -511.393       217.622        0.453        0.102        0.091        1.650     -474.670
    85   1321.000       63.647      -531.035       220.474        0.494        0.029        0.025        1.005     -475.047
    86   1321.000       21.949      -511.062       217.745        0.498        0.077        0.071        1.570     -475.047
    87   1321.000       10.111      -529.798       228.733        0.507        0.184        0.128        0.946     -475.047
    88   1322.000       40.243      -530.702       220.488        0.555        0.054        0.046        1.112     -475.425
    89   1322.000       28.607      -511.141       217.873        0.568        0.065        0.060        1.513     -475.425
    90   1322.000       10.719      -529.422       228.626        0.572        0.214        0.136        1.064     -475.425
    91   1323.000       34.882      -511.482       217.735        0.624        0.061        0.056        2.160     -475.803
    92   1323.000       22.059      -529.318       219.802        0.616        0.106        0.092        1.999     -475.803
    93   1323.000       10.897      -492.756       211.783        0.588        0.322        0.294        1.250     -475.803
    94   1323.000        6.459      -485.013       206.133        0.624        0.380        0.295        1.217     -475.803
    95   1324.000       30.154      -511.616       217.774        0.624        0.074        0.067        2.779     -476.180
    96   1324.000       14.857      -494.039       213.476        0.601        0.217        0.135        1.557     -476.180
    97   1324.000       14.850      -486.462       206.022        0.620        0.171        0.123        1.604     -476.180
    98   1325.000       21.803      -511.088       217.796        0.639        0.113        0.099        2.411     -476.558
    99   1325.000       18.104      -491.068       213.784        0.635        0.160        0.109        0.761     -476.558
   100   1325.000       15.877      -485.674       206.736        0.625        0.181        0.151        1.635     -476.558
   101   1325.000       10.934      -500.014       218.550        0.657        0.197        0.179        1.693     -476.558
   102   1326.000       42.924      -489.658       214.119        0.756        0.073        0.055        1.792     -476.936
   103   1326.000       17.457      -500.755       219.186        0.752        0.149        0.171        1.396     -476.936
   104   1326.000       16.718      -511.691       217.751        0.774        0.151        0.149        1.307     -476.936
   105   1326.000       12.634      -375.820       250.428        0.742        0.280        0.227        0.847     -476.936
   106   1326.000       12.446      -614.211       176.686        0.727        0.320        0.258        2.151     -476.936
   107   1327.000       70.939      -489.000       214.263        0.907        0.047        0.039        2.195     -477.313
   108   1327.000       14.742      -613.029       177.335        0.870        0.317        0.223        1.946     -477.313
       magilla    MFPRT(31DEC13)     745               12-AUG-2015   13:10:40               Page    3
 Row #      Plane     Peak int      X-offset      Y-offset     Err peak    Err X-off    Err Y-off    Resid rms     Velocity
           pixels      Jy/beam           mas           mas      Jy/beam          mas          mas           Jy         km/s
 
   109   1327.000       12.544      -378.085       252.737        0.864        0.414        0.357        0.874     -477.313
   110   1327.000       12.227      -500.158       219.652        0.882        0.269        0.308        1.867     -477.313
   111   1327.000       12.121      -614.116       207.551        0.881        0.350        0.312        0.919     -477.313
   112   1328.000       89.389      -488.772       214.407        1.059        0.044        0.038        2.616     -477.691
   113   1328.000       15.096      -496.924       221.096        1.046        0.294        0.243        1.950     -477.691
   114   1328.000       13.641      -380.329       255.730        1.011        0.418        0.383        1.062     -477.691
   115   1328.000       11.674      -612.367       177.457        1.018        0.486        0.309        2.236     -477.691
   116   1329.000      109.677      -488.618       214.393        1.201        0.038        0.035        2.051     -478.069
   117   1329.000       17.919      -381.900       257.626        1.168        0.286        0.255        1.112     -478.069
   118   1329.000       15.321      -494.828       222.104        1.194        0.325        0.235        1.896     -478.069
   119   1329.000       13.686      -476.622       209.327        1.168        0.345        0.309        2.060     -478.069
   120   1329.000        7.998      -611.253       177.013        1.147        0.848        0.560        2.088     -478.069
   121   1330.000      115.588      -488.448       214.328        1.335        0.041        0.038        2.645     -478.446
   122   1330.000       21.605      -381.386       257.912        1.319        0.250        0.217        1.239     -478.446
   123   1330.000       18.122      -475.885       209.335        1.302        0.296        0.267        2.712     -478.446
   124   1330.000       17.140      -493.879       222.802        1.336        0.330        0.210        2.311     -478.446
   125   1330.000       14.916      -613.087       206.938        1.355        0.326        0.309        1.588     -478.446
   126   1331.000      114.887      -488.069       214.137        1.343        0.041        0.037        3.000     -478.824
   127   1331.000       18.364      -380.822       257.291        1.312        0.327        0.278        1.302     -478.824
   128   1331.000       18.282      -475.581       209.673        1.314        0.310        0.239        2.658     -478.824
   129   1331.000       11.536       614.028       429.942        1.363        0.531        0.305        1.491     -478.824
   130   1331.000        9.934      -491.792       222.719        1.328        0.749        0.302        2.093     -478.824
   131   1332.000      102.720      -487.607       213.968        1.231        0.044        0.039        4.067     -479.202
   132   1332.000       15.515      -379.846       256.622        1.213        0.355        0.321        1.270     -479.202
   133   1332.000       15.186      -475.829       209.350        1.196        0.393        0.273        2.910     -479.202
   134   1332.000       13.053      -612.772       206.504        1.231        0.427        0.329        1.549     -479.202
   135   1332.000        9.077      -465.147       200.996        1.224        0.601        0.413        1.851     -479.202
   136   1333.000       87.210      -487.363       213.751        0.913        0.039        0.034        3.989     -479.579
   137   1333.000       13.410      -378.746       255.909        0.907        0.277        0.257        1.089     -479.579
   138   1333.000       11.695      -465.515       202.085        0.880        0.464        0.371        1.155     -479.579
   139   1333.000       10.016      -612.015       206.306        0.938        0.342        0.292        1.051     -479.579
   140   1333.000        9.139      -477.141       210.754        0.891        0.473        0.335        2.932     -479.579
   141   1334.000       72.030      -487.482       213.380        0.666        0.035        0.030        2.994     -479.957
   142   1334.000       10.079      -464.774       201.248        0.646        0.386        0.290        1.317     -479.957
   143   1334.000        9.763      -377.674       254.900        0.664        0.259        0.253        0.867     -479.957
   144   1335.000       58.082      -487.738       213.209        0.434        0.027        0.023        1.971     -480.335
   145   1336.000       44.316      -487.921       212.948        0.230        0.018        0.016        1.087     -480.712
   146   1337.000       32.674      -488.097       212.995        0.156        0.016        0.014        0.532     -481.090
   147   1337.000       11.089       -71.527        30.827        0.157        0.041        0.037        0.136     -481.090
   148   1338.000       22.407      -488.322       212.994        0.126        0.019        0.017        0.256     -481.468
   149   1338.000       11.499       -71.425        30.820        0.127        0.033        0.030        0.114     -481.468
   150   1339.000       13.564      -488.605       213.063        0.127        0.031        0.028        0.267     -481.845
   151   1339.000       10.356       -71.389        30.809        0.128        0.036        0.034        0.137     -481.845
   152   1341.000       19.318         0.099        -0.085        0.130        0.020        0.019        0.176     -482.601
   153   1342.000       45.892         0.075        -0.091        0.164        0.011        0.010        0.410     -482.978
   154   1343.000      103.196         0.034        -0.073        0.215        0.006        0.006        0.506     -483.356
   155   1343.000       10.741      -524.262       213.710        0.215        0.057        0.050        0.399     -483.356
   156   1344.000      197.673         0.004        -0.062        0.302        0.005        0.004        0.469     -483.733
   157   1344.000       11.753      -524.056       213.654        0.302        0.069        0.060        0.467     -483.733
   158   1345.000      310.786         0.001        -0.043        0.456        0.004        0.004        0.676     -484.111
   159   1346.000      398.346        -0.006        -0.025        0.598        0.004        0.004        0.938     -484.489
   160   1347.000      428.878         0.006        -0.005        0.662        0.005        0.004        0.884     -484.866
   161   1348.000      379.788         0.004         0.023        0.653        0.005        0.005        0.866     -485.244
   162   1349.000      270.097        -0.003         0.064        0.473        0.005        0.005        0.671     -485.622
   163   1350.000      151.379         0.002         0.104        0.357        0.007        0.007        0.488     -485.999
       magilla    MFPRT(31DEC13)     745               12-AUG-2015   13:10:40               Page    4
 Row #      Plane     Peak int      X-offset      Y-offset     Err peak    Err X-off    Err Y-off    Resid rms     Velocity
           pixels      Jy/beam           mas           mas      Jy/beam          mas          mas           Jy         km/s
 
   164   1351.000       65.753        -0.012         0.148        0.321        0.014        0.014        0.361     -486.377
   165   1352.000       23.598        -0.011         0.267        0.338        0.043        0.041        0.379     -486.755
   166   1357.000       14.160      -590.181       122.425        0.646        0.199        0.231        0.709     -488.643
   167   1358.000       19.312      -589.893       123.371        0.761        0.156        0.191        0.752     -489.021
   168   1359.000       22.949      -589.288       123.407        0.864        0.149        0.182        0.846     -489.398
   169   1360.000       21.643      -588.615       123.223        0.885        0.163        0.201        0.899     -489.776
   170   1361.000       20.430      -588.703       124.288        0.811        0.166        0.187        0.889     -490.154
   171   1361.000       12.610      -136.110      -105.785        0.835        0.233        0.242        0.650     -490.154
   172   1362.000       18.312        42.648       -96.642        0.836        0.153        0.138        1.519     -490.531
   173   1362.000       15.935      -590.269       126.570        0.799        0.198        0.209        0.937     -490.531
   174   1362.000       11.074      -137.588      -104.371        0.804        0.310        0.280        0.774     -490.531
   175   1363.000       42.095        42.776       -96.873        0.799        0.065        0.060        1.385     -490.909
   176   1363.000       11.349        50.175      -104.423        0.807        0.228        0.188        1.531     -490.909
   177   1363.000       10.199      -137.892      -104.633        0.771        0.330        0.288        0.658     -490.909
   178   1364.000       70.497        42.803       -97.053        0.767        0.037        0.036        2.245     -491.287
   179   1364.000       22.572        49.628      -104.480        0.778        0.100        0.086        2.248     -491.287
   180   1365.000       99.310        43.016       -97.367        0.735        0.027        0.026        3.682     -491.664
   181   1365.000       25.975        49.872      -104.851        0.752        0.080        0.069        3.231     -491.664
   182   1365.000       11.254      -611.993       204.358        0.711        0.284        0.252        1.058     -491.664
   183   1366.000      119.672        43.103       -97.688        0.715        0.023        0.023        6.787     -492.042
   184   1366.000       12.396      -611.944       204.611        0.699        0.229        0.236        0.825     -492.042
   185   1367.000      128.313        43.253       -98.077        0.626        0.019        0.019        6.169     -492.420
   186   1367.000       12.419       281.486      -229.025        0.634        0.174        0.180        0.683     -492.420
   187   1367.000       11.283       367.630      -349.501        0.627        0.231        0.186        0.828     -492.420
   188   1368.000      130.117        43.362       -98.433        0.627        0.019        0.019        5.182     -492.797
   189   1368.000       32.943       367.669      -349.366        0.636        0.072        0.061        0.811     -492.797
   190   1368.000       17.486       284.551      -232.197        0.635        0.122        0.127        0.599     -492.797
   191   1368.000       11.876       127.752      -217.186        0.620        0.214        0.224        0.421     -492.797
   192   1368.000       10.896        84.006      -223.285        0.624        0.222        0.236        0.617     -492.797
   193   1369.000      118.642        43.505       -98.798        0.640        0.022        0.021        4.033     -493.175
   194   1369.000       65.097       367.303      -349.322        0.651        0.038        0.032        1.252     -493.175
   195   1369.000       23.393       283.856      -231.626        0.645        0.101        0.103        0.755     -493.175
   196   1369.000       17.820       126.468      -216.055        0.647        0.126        0.132        0.567     -493.175
   197   1369.000       11.844       327.166      -225.407        0.622        0.280        0.304        0.728     -493.175
   198   1370.000      106.712        43.850       -99.249        0.628        0.024        0.023        2.677     -493.552
   199   1370.000       94.819       367.293      -349.444        0.638        0.026        0.021        1.805     -493.552
   200   1370.000       27.744       284.679      -232.660        0.628        0.087        0.089        0.855     -493.552
   201   1370.000       16.740       127.009      -216.787        0.627        0.138        0.153        0.525     -493.552
   202   1371.000      112.030       367.244      -349.681        0.613        0.021        0.017        2.069     -493.930
   203   1371.000       89.149        44.238       -99.743        0.604        0.029        0.027        2.039     -493.930
   204   1371.000       22.849       285.478      -233.782        0.605        0.102        0.104        1.034     -493.930
   205   1371.000       20.670       127.691      -217.802        0.610        0.104        0.108        0.801     -493.930
   206   1371.000       12.286       328.492      -227.066        0.584        0.285        0.324        0.877     -493.930
   207   1372.000      112.480       367.320      -349.866        0.498        0.017        0.014        2.000     -494.308
   208   1372.000       79.040        44.598      -100.166        0.491        0.026        0.024        1.417     -494.308
   209   1372.000       18.037       286.361      -234.854        0.497        0.095        0.099        0.543     -494.308
   210   1372.000       15.980       128.617      -218.783        0.493        0.117        0.115        0.608     -494.308
   211   1372.000       10.662        83.952      -223.960        0.494        0.173        0.183        0.620     -494.308
   212   1373.000       90.944       367.110      -350.071        0.434        0.019        0.015        1.782     -494.685
   213   1373.000       63.347        44.714      -100.399        0.430        0.028        0.026        1.067     -494.685
   214   1373.000       16.144       128.679      -219.079        0.436        0.092        0.092        0.578     -494.685
   215   1373.000       14.118       286.095      -234.897        0.433        0.109        0.110        0.503     -494.685
   216   1374.000       59.509       366.725      -350.167        0.399        0.026        0.022        1.491     -495.063
   217   1374.000       47.834        44.539      -100.432        0.396        0.034        0.032        0.823     -495.063
   218   1374.000       12.685       128.317      -219.948        0.400        0.109        0.111        0.346     -495.063
       magilla    MFPRT(31DEC13)     745               12-AUG-2015   13:10:40               Page    5
 Row #      Plane     Peak int      X-offset      Y-offset     Err peak    Err X-off    Err Y-off    Resid rms     Velocity
           pixels      Jy/beam           mas           mas      Jy/beam          mas          mas           Jy         km/s
 
   219   1374.000       11.149       285.794      -235.206        0.400        0.122        0.128        0.498     -495.063
   220   1375.000       36.740        44.262      -100.443        0.378        0.042        0.039        0.661     -495.441
   221   1375.000       35.196       366.072      -350.474        0.379        0.042        0.036        1.087     -495.441
   222   1376.000       24.187        44.101      -100.678        0.357        0.062        0.058        0.867     -495.818
   223   1376.000       16.957       365.142      -351.005        0.357        0.080        0.075        0.795     -495.818
   224   1377.000       15.401        44.516      -101.533        0.327        0.098        0.092        1.036     -496.196
   225   1378.000       13.862        55.263      -114.331        0.360        0.106        0.111        1.599     -496.574
   226   1379.000       20.431        56.800      -116.344        0.407        0.084        0.082        1.064     -496.951
   227   1380.000       29.106        58.105      -118.046        0.471        0.071        0.066        1.051     -497.329
   228   1380.000       11.680       291.577      -246.605        0.468        0.165        0.175        0.491     -497.329
   229   1381.000       50.808        58.886      -119.291        0.392        0.029        0.027        1.874     -497.707
   230   1381.000       14.047       291.187      -247.047        0.384        0.108        0.119        0.477     -497.707
   231   1382.000       85.461        59.194      -120.005        0.345        0.014        0.013        2.460     -498.084
   232   1382.000       14.492       291.205      -247.551        0.332        0.098        0.106        0.510     -498.084
   233   1383.000      141.956        59.149      -120.330        0.288        0.007        0.006        2.431     -498.462
   234   1383.000       16.643       290.885      -247.483        0.278        0.063        0.069        0.518     -498.462
   235   1384.000      208.627        59.078      -120.510        0.421        0.006        0.006        2.147     -498.840
   236   1384.000       12.800       292.349      -248.723        0.399        0.139        0.136        0.736     -498.840
   237   1385.000      272.786        59.049      -120.639        0.527        0.006        0.006        2.080     -499.217
   238   1385.000       14.634       292.924      -249.724        0.505        0.125        0.144        0.810     -499.217
   239   1386.000      321.618        59.009      -120.746        0.498        0.005        0.005        2.831     -499.595
   240   1386.000       12.225       294.580      -251.352        0.483        0.132        0.145        0.711     -499.595
   241   1387.000      349.304        59.035      -120.899        0.553        0.005        0.005        1.592     -499.973
   242   1387.000       11.974        52.280      -115.304        0.553        0.103        0.109        1.360     -499.973
   243   1387.000       11.397       215.466      -136.240        0.553        0.144        0.149        0.549     -499.973
   244   1387.000        9.918       252.161      -125.013        0.549        0.174        0.171        0.451     -499.973
   245   1387.000        9.651       246.979      -118.792        0.545        0.198        0.178        0.420     -499.973
   246   1388.000      361.353        59.026      -121.084        0.648        0.006        0.005        1.839     -500.350
   247   1388.000       13.608       291.451      -248.291        0.617        0.198        0.171        1.152     -500.350
   248   1388.000       12.155       251.302      -123.645        0.618        0.209        0.222        1.047     -500.350
   249   1388.000       12.080       215.452      -136.048        0.645        0.162        0.169        0.548     -500.350
   250   1388.000       11.641        52.324      -115.493        0.648        0.127        0.138        1.509     -500.350
   251   1389.000      351.765        59.077      -121.332        0.598        0.005        0.005        3.594     -500.728
   252   1389.000       13.133       250.410      -123.336        0.570        0.182        0.195        0.892     -500.728
   253   1389.000       12.107       296.798      -252.299        0.587        0.159        0.161        1.171     -500.728
   254   1389.000       11.559       281.849      -243.068        0.575        0.245        0.183        1.211     -500.728
   255   1389.000       10.145       215.345      -136.995        0.587        0.184        0.204        0.570     -500.728
   256   1389.000        9.604        10.756      -127.039        0.582        0.263        0.264        0.861     -500.728
   257   1390.000      328.306        59.165      -121.623        0.616        0.006        0.006        3.701     -501.106
   258   1390.000       16.054       296.890      -252.173        0.604        0.133        0.120        1.153     -501.106
   259   1390.000       14.048       279.588      -242.222        0.607        0.173        0.141        0.885     -501.106
   260   1390.000       12.565       287.143      -246.737        0.602        0.130        0.198        0.980     -501.106
   261   1390.000       11.993       215.118      -136.452        0.608        0.157        0.167        0.638     -501.106
   262   1390.000       10.397       250.128      -123.411        0.582        0.266        0.290        0.756     -501.106
   263   1390.000        6.256       243.362      -117.171        0.616        0.213        0.236        0.756     -501.106
   264   1391.000      289.778        59.202      -121.893        0.639        0.007        0.007        4.218     -501.483
   265   1391.000       19.629       295.443      -251.770        0.612        0.143        0.106        1.201     -501.483
   266   1391.000       17.444       280.077      -242.990        0.621        0.160        0.126        1.171     -501.483
   267   1391.000       17.368       250.987      -124.555        0.630        0.120        0.125        1.025     -501.483
   268   1392.000      236.442        59.246      -122.137        0.565        0.008        0.007        4.212     -501.861
   269   1392.000       22.992       278.855      -242.649        0.563        0.090        0.075        1.206     -501.861
   270   1392.000       15.704       290.772      -248.165        0.544        0.135        0.127        1.009     -501.861
   271   1392.000       15.671       250.976      -124.520        0.566        0.110        0.110        0.710     -501.861
   272   1393.000      168.173        59.288      -122.430        0.469        0.009        0.008        3.348     -502.239
   273   1393.000       22.426       278.794      -243.275        0.462        0.080        0.067        1.209     -502.239
       magilla    MFPRT(31DEC13)     745               12-AUG-2015   13:10:40               Page    6
 Row #      Plane     Peak int      X-offset      Y-offset     Err peak    Err X-off    Err Y-off    Resid rms     Velocity
           pixels      Jy/beam           mas           mas      Jy/beam          mas          mas           Jy         km/s
 
   274   1393.000       12.800       291.468      -249.161        0.451        0.142        0.130        1.068     -502.239
   275   1394.000      102.670        59.105      -122.668        0.403        0.014        0.012        2.430     -502.616
   276   1394.000       14.922       279.061      -243.690        0.394        0.117        0.092        1.284     -502.616
   277   1395.000       56.041        59.251      -123.076        0.542        0.033        0.029        1.323     -502.994
   278   1395.000       11.473       277.287      -243.090        0.542        0.163        0.142        0.808     -502.994
   279   1395.000       11.373       268.254      -257.402        0.531        0.176        0.160        1.068     -502.994
   280   1396.000       23.382       267.702      -257.253        0.589        0.091        0.081        1.495     -503.372
   281   1396.000       20.417        59.443      -123.467        0.585        0.120        0.091        1.016     -503.372
   282   1397.000       36.616       266.536      -256.549        0.514        0.060        0.044        1.453     -503.749
   283   1397.000       12.290       257.104      -251.964        0.531        0.113        0.140        1.298     -503.749
   284   1398.000       52.226       264.551      -256.290        0.441        0.044        0.029        1.529     -504.127
   285   1398.000       11.513       256.743      -248.615        0.452        0.120        0.148        1.923     -504.127
   286   1399.000       71.062       262.310      -255.914        0.443        0.032        0.022        2.700     -504.504
   287   1400.000       89.021       260.360      -255.457        0.449        0.023        0.018        1.972     -504.882
   288   1400.000       11.969       254.578      -246.667        0.462        0.168        0.095        1.545     -504.882
   289   1401.000       98.665       258.918      -255.211        0.499        0.021        0.019        2.502     -505.260
   290   1401.000       17.798       252.757      -246.101        0.504        0.129        0.076        1.712     -505.260
   291   1401.000       10.797       491.773      -379.494        0.503        0.167        0.168        0.574     -505.260
   292   1402.000       97.765       258.559      -255.572        0.631        0.025        0.022        1.845     -505.637
   293   1402.000       23.263       249.928      -245.796        0.625        0.103        0.094        1.375     -505.637
   294   1403.000       84.517       258.230      -255.897        0.566        0.026        0.021        1.693     -506.015
   295   1403.000       23.841       248.713      -246.061        0.554        0.081        0.101        2.070     -506.015
   296   1403.000       11.480       150.223      -186.426        0.579        0.164        0.141        0.673     -506.015
   297   1404.000       51.890       257.700      -256.053        0.510        0.036        0.030        1.529     -506.393
   298   1404.000       15.475       241.752      -238.769        0.500        0.134        0.114        1.415     -506.393
   299   1404.000       15.275       248.366      -247.381        0.509        0.113        0.109        0.824     -506.393
   300   1404.000       14.709       150.532      -186.774        0.519        0.121        0.105        0.714     -506.393
   301   1405.000       23.490       256.686      -256.272        0.508        0.074        0.069        1.709     -506.770
   302   1405.000       19.194       241.083      -238.437        0.500        0.104        0.092        1.783     -506.770
   303   1405.000       14.652       150.683      -187.016        0.517        0.115        0.096        0.520     -506.770
   304   1406.000       12.390       235.061      -227.693        0.872        0.258        0.245        1.308     -507.148
   305   1406.000        9.882       151.505      -187.416        0.893        0.313        0.264        0.781     -507.148
   306   1407.000       22.655       117.395      -200.309        0.582        0.099        0.083        0.354     -507.526
   307   1408.000       31.827       116.830      -200.397        0.450        0.057        0.047        0.518     -507.903
   308   1409.000       39.281       115.736      -200.131        0.692        0.068        0.057        0.826     -508.281
   309   1410.000       42.340       115.412      -200.306        0.928        0.086        0.071        1.613     -508.659
   310   1411.000       37.429       114.485      -199.998        0.860        0.095        0.081        1.891     -509.036
   311   1412.000       21.288       114.000      -200.055        0.645        0.139        0.120        1.641     -509.414
   312   1412.000       16.211        93.501      -188.700        0.648        0.172        0.139        0.701     -509.414
   313   1413.000       31.589        85.879      -186.448        0.740        0.129        0.120        1.487     -509.792
   314   1413.000       18.033       158.389      -225.424        0.759        0.201        0.158        1.481     -509.792
   315   1413.000       13.456       280.301      -189.312        0.760        0.253        0.225        0.796     -509.792
   316   1413.000       11.199       172.986      -230.690        0.759        0.315        0.255        1.193     -509.792
   317   1413.000       11.138        74.529      -177.556        0.795        0.251        0.208        0.987     -509.792
   318   1413.000        9.662       121.003      -208.096        0.774        0.309        0.275        1.121     -509.792
   319   1414.000      119.961        86.845      -191.690        0.908        0.034        0.028        2.156     -510.169
   320   1414.000       21.396       279.524      -190.949        0.895        0.194        0.197        0.881     -510.169
   321   1414.000       13.795       164.739      -227.937        0.876        0.463        0.285        1.681     -510.169
   322   1414.000       13.150        77.464      -178.706        0.904        0.372        0.219        1.503     -510.169
   323   1414.000       12.383        85.742      -183.797        0.950        0.369        0.170        2.308     -510.169
   324   1414.000       10.303         1.759      -210.067        0.886        0.523        0.443        0.859     -510.169
   325   1415.000      243.848        85.928      -192.027        0.919        0.018        0.013        3.493     -510.547
   326   1415.000       30.955       278.047      -191.351        0.921        0.115        0.118        0.662     -510.547
   327   1415.000       16.746         2.793      -213.377        0.936        0.213        0.192        0.813     -510.547
   328   1415.000       13.535        78.917      -181.070        0.923        0.339        0.280        2.258     -510.547
       magilla    MFPRT(31DEC13)     745               12-AUG-2015   13:10:40               Page    7
 Row #      Plane     Peak int      X-offset      Y-offset     Err peak    Err X-off    Err Y-off    Resid rms     Velocity
           pixels      Jy/beam           mas           mas      Jy/beam          mas          mas           Jy         km/s
 
   329   1416.000      330.777        84.433      -191.761        1.121        0.018        0.011        5.920     -510.925
   330   1416.000       39.627       279.033      -193.806        1.141        0.102        0.106        1.237     -510.925
   331   1416.000       21.610         1.934      -213.646        1.153        0.198        0.172        1.497     -510.925
   332   1416.000       20.483       243.147      -209.323        1.158        0.195        0.183        0.813     -510.925
   333   1416.000       13.372       121.691      -180.062        1.158        0.321        0.279        1.640     -510.925
   334   1417.000      340.874        81.804      -191.138        1.128        0.020        0.011        4.706     -511.302
   335   1417.000       41.906       276.849      -193.770        1.153        0.102        0.100        1.193     -511.302
   336   1417.000       30.738       242.858      -210.261        1.172        0.132        0.124        1.020     -511.302
   337   1417.000       27.875        -0.327      -213.408        1.160        0.164        0.142        1.215     -511.302
   338   1417.000       12.135       120.937      -180.791        1.155        0.366        0.336        1.628     -511.302
   339   1417.000        9.645        47.730       -73.062        1.139        0.489        0.436        1.259     -511.302
   340   1418.000      301.569        78.326      -190.308        0.950        0.020        0.010        3.618     -511.680
   341   1418.000       35.232       238.989      -208.466        0.997        0.095        0.087        1.118     -511.680
   342   1418.000       31.200       273.553      -192.492        0.985        0.112        0.107        1.103     -511.680
   343   1418.000       21.405        -2.802      -213.048        0.990        0.182        0.146        0.868     -511.680
   344   1418.000       14.236       -80.295      -173.151        0.997        0.238        0.217        0.768     -511.680
   345   1418.000       11.637        45.012       -71.778        0.988        0.336        0.250        0.950     -511.680
   346   1419.000      273.361        74.208      -189.428        0.835        0.019        0.010        2.282     -512.058
   347   1419.000       31.901       235.325      -207.375        0.873        0.090        0.088        1.174     -512.058
   348   1419.000       21.314       270.363      -191.884        0.868        0.144        0.136        1.280     -512.058
   349   1419.000       15.546       -84.431      -171.423        0.874        0.190        0.172        0.957     -512.058
   350   1419.000       13.511        43.387       -71.508        0.872        0.238        0.182        1.325     -512.058
   351   1419.000       11.389        -4.426      -212.849        0.875        0.305        0.229        1.185     -512.058
   352   1420.000      272.369        70.347      -188.720        0.668        0.014        0.008        5.698     -512.435
   353   1420.000       27.207       232.014      -206.760        0.691        0.086        0.085        0.724     -512.435
   354   1420.000       16.408       266.533      -191.143        0.687        0.151        0.145        0.650     -512.435
   355   1420.000       10.846       -90.445      -169.651        0.686        0.218        0.214        0.635     -512.435
   356   1420.000       10.173       -10.378      -211.159        0.695        0.266        0.205        0.567     -512.435
   357   1421.000      271.730        67.723      -188.407        0.624        0.011        0.007        4.666     -512.813
   358   1421.000       19.899       228.849      -206.750        0.633        0.112        0.107        0.678     -512.813
   359   1421.000       11.851       263.310      -190.704        0.643        0.184        0.169        0.531     -512.813
   360   1421.000       11.660       -93.601      -169.111        0.629        0.187        0.190        0.582     -512.813
   361   1422.000      230.100        65.692      -188.244        0.499        0.009        0.006        1.067     -513.191
   362   1422.000       17.709       226.401      -206.967        0.507        0.099        0.089        0.618     -513.191
   363   1423.000      173.737        63.290      -188.083        0.403        0.011        0.007        3.067     -513.568
   364   1423.000       12.254       222.141      -205.654        0.409        0.122        0.111        0.567     -513.568
   365   1423.000       10.523        48.846      -177.831        0.419        0.130        0.106        1.635     -513.568
   366   1424.000      134.186        59.834      -187.981        0.380        0.016        0.008        2.139     -513.946
   367   1424.000       13.192       220.670      -205.793        0.391        0.102        0.102        0.532     -513.946
   368   1425.000      144.472        57.139      -187.993        0.282        0.009        0.006        2.930     -514.324
   369   1426.000      135.713        56.114      -188.013        0.240        0.007        0.005        1.401     -514.701
   370   1427.000      107.146        55.536      -187.992        0.166        0.006        0.005        0.446     -515.079
   371   1428.000       68.815        55.115      -187.957        0.133        0.007        0.006        0.431     -515.456
   372   1429.000       34.456        54.618      -188.001        0.116        0.012        0.010        0.697     -515.834
   373   1430.000       11.441        53.587      -188.114        0.081        0.030        0.024        0.816     -516.212
