       magilla    MFPRT(31DEC13)     745               12-AUG-2015   13:10:40               Page    1
 Row #      Plane     Peak int      X-offset      Y-offset     Err peak    Err X-off    Err Y-off    Resid rms     Velocity
           pixels      Jy/beam           mas           mas      Jy/beam          mas          mas           Jy         km/s
 
*****   MF file version = 1    V255T LINE2 .ICL001. 1   *****
 
     1   1273.000       10.966      -484.805       218.551        0.037        0.010        0.008        0.055     -456.920
     2   1274.000       12.143      -484.825       218.556        0.043        0.011        0.008        0.052     -457.298
     3   1275.000       12.980      -484.850       218.553        0.048        0.011        0.009        0.048     -457.675
     4   1276.000       13.878      -484.881       218.527        0.039        0.008        0.007        0.046     -458.053
     5   1277.000       14.886      -484.895       218.515        0.043        0.008        0.007        0.050     -458.431
     6   1278.000       15.436      -484.894       218.500        0.041        0.008        0.006        0.045     -458.808
     7   1279.000       15.580      -484.866       218.458        0.046        0.009        0.007        0.050     -459.186
     8   1280.000       15.543      -484.763       218.410        0.047        0.009        0.007        0.068     -459.564
     9   1281.000       14.913      -484.570       218.346        0.056        0.011        0.009        0.074     -459.941
    10   1282.000       14.036      -484.407       218.248        0.066        0.014        0.011        0.065     -460.319
    11   1283.000       12.959      -484.164       218.135        0.064        0.015        0.012        0.067     -460.697
    12   1284.000       12.467      -483.902       217.992        0.076        0.018        0.014        0.077     -461.074
    13   1285.000       12.266      -483.627       217.829        0.073        0.018        0.014        0.095     -461.452
    14   1286.000       12.545      -483.401       217.631        0.076        0.018        0.014        0.128     -461.830
    15   1287.000       13.474      -483.152       217.403        0.077        0.017        0.013        0.112     -462.207
    16   1288.000       14.045      -482.972       217.296        0.101        0.021        0.017        0.117     -462.585
    17   1289.000       14.162      -482.915       217.160        0.094        0.020        0.016        0.118     -462.962
    18   1290.000       12.661      -482.856       217.109        0.085        0.020        0.016        0.119     -463.340
    19   1291.000       10.044      -482.814       217.075        0.088        0.026        0.021        0.086     -463.718
    20   1295.000       10.899      -578.199       237.207        0.107        0.034        0.024        0.143     -465.228
    21   1296.000       17.387      -578.036       237.164        0.131        0.026        0.018        0.181     -465.606
    22   1297.000       24.255      -577.990       237.027        0.157        0.022        0.016        0.276     -465.984
    23   1298.000       30.230      -578.046       236.863        0.224        0.026        0.018        0.389     -466.361
    24   1299.000       33.765      -578.074       236.640        0.274        0.029        0.019        0.416     -466.739
    25   1300.000       34.341      -577.915       236.408        0.313        0.034        0.022        0.533     -467.117
    26   1301.000       29.979      -577.583       236.032        0.366        0.052        0.030        0.639     -467.494
    27   1301.000       11.203      -490.939       133.112        0.367        0.130        0.084        0.211     -467.494
    28   1302.000       25.767      -576.436       235.651        0.436        0.088        0.042        0.742     -467.872
    29   1302.000       14.052      -491.032       133.016        0.444        0.126        0.082        0.459     -467.872
    30   1302.000       11.773      -530.047       224.499        0.429        0.202        0.110        1.808     -467.872
    31   1303.000       23.524      -530.690       223.723        0.617        0.106        0.075        2.262     -468.250
    32   1303.000       20.522      -574.427       235.127        0.623        0.133        0.069        0.849     -468.250
    33   1303.000       13.601      -491.045       132.549        0.625        0.180        0.115        0.621     -468.250
    34   1304.000       42.962      -530.660       223.473        0.582        0.048        0.035        2.439     -468.627
    35   1304.000       25.889      -572.900       234.930        0.588        0.080        0.053        0.669     -468.627
    36   1304.000       11.547      -584.884       234.718        0.592        0.174        0.114        0.466     -468.627
    37   1305.000       64.816      -530.646       223.261        0.589        0.030        0.023        2.066     -469.005
    38   1305.000       28.746      -572.426       234.769        0.592        0.066        0.049        0.547     -469.005
    39   1305.000       12.451      -482.317       216.343        0.592        0.136        0.104        0.621     -469.005
    40   1305.000       11.003      -584.892       234.627        0.592        0.179        0.124        0.458     -469.005
    41   1306.000       86.498      -530.813       223.236        0.654        0.024        0.019        2.417     -469.383
    42   1306.000       32.819      -572.195       234.521        0.653        0.064        0.050        0.766     -469.383
    43   1306.000       13.441      -482.246       216.466        0.655        0.135        0.106        0.587     -469.383
    44   1307.000       97.978      -530.730       223.145        0.695        0.022        0.017        1.966     -469.760
    45   1307.000       33.166      -571.779       234.120        0.691        0.068        0.053        0.792     -469.760
    46   1307.000       16.746      -482.374       216.307        0.695        0.110        0.086        0.538     -469.760
    47   1308.000      105.316      -530.787       223.146        0.624        0.019        0.014        1.904     -470.138
    48   1308.000       31.571      -571.365       233.736        0.620        0.065        0.050        0.593     -470.138
    49   1308.000       17.748      -482.301       216.321        0.624        0.100        0.080        0.821     -470.138
    50   1308.000       10.040      -550.015       229.224        0.587        0.292        0.192        1.072     -470.138
    51   1309.000      101.694      -530.987       223.177        0.605        0.019        0.015        1.697     -470.516
    52   1309.000       28.711      -570.705       233.323        0.593        0.074        0.057        0.861     -470.516
    53   1309.000       15.909      -482.290       216.306        0.605        0.102        0.082        0.589     -470.516
       magilla    MFPRT(31DEC13)     745               12-AUG-2015   13:10:40               Page    2
 Row #      Plane     Peak int      X-offset      Y-offset     Err peak    Err X-off    Err Y-off    Resid rms     Velocity
           pixels      Jy/beam           mas           mas      Jy/beam          mas          mas           Jy         km/s
 
    54   1309.000        9.654      -546.679       228.054        0.562        0.362        0.188        0.788     -470.516
    55   1310.000       95.910      -531.035       223.107        0.607        0.020        0.015        1.269     -470.893
    56   1310.000       23.804      -570.605       233.303        0.596        0.089        0.069        0.664     -470.893
    57   1310.000       12.530      -547.840       228.010        0.564        0.290        0.147        0.606     -470.893
    58   1310.000       12.246      -482.370       216.098        0.607        0.140        0.105        0.577     -470.893
    59   1311.000       82.537      -531.283       223.184        0.523        0.021        0.016        1.315     -471.271
    60   1311.000       14.829      -569.287       232.627        0.506        0.144        0.101        0.756     -471.271
    61   1311.000       11.771      -546.629       227.820        0.489        0.272        0.120        0.729     -471.271
    62   1312.000       70.620      -531.625       223.202        0.368        0.018        0.013        2.778     -471.649
    63   1312.000       12.106      -546.737       227.572        0.339        0.329        0.095        0.637     -471.649
    64   1313.000       58.128      -532.251       223.236        0.391        0.027        0.017        1.446     -472.026
    65   1313.000       12.474      -545.382       226.887        0.375        0.184        0.085        0.420     -472.026
    66   1314.000       54.490      -533.123       223.177        0.332        0.027        0.017        0.946     -472.404
    67   1314.000       11.122      -545.438       226.613        0.331        0.128        0.083        0.416     -472.404
    68   1315.000       55.125      -533.303       222.717        0.309        0.025        0.016        0.923     -472.782
    69   1316.000       62.478      -532.620       221.872        0.356        0.025        0.018        1.105     -473.159
    70   1317.000       75.508      -532.016       221.159        0.386        0.022        0.016        1.426     -473.537
    71   1318.000       89.443      -531.603       220.722        0.509        0.023        0.017        1.524     -473.914
    72   1319.000       95.363      -531.493       220.577        0.642        0.027        0.019        1.457     -474.292
    73   1319.000       18.835      -510.309       218.026        0.660        0.110        0.083        0.285     -474.292
    74   1320.000       88.436      -531.384       220.477        0.729        0.032        0.023        1.163     -474.670
    75   1320.000       29.922      -510.385       217.936        0.746        0.080        0.061        0.498     -474.670
    76   1321.000       73.087      -531.229       220.360        0.822        0.043        0.031        1.021     -475.047
    77   1321.000       38.324      -510.614       217.832        0.836        0.073        0.054        0.590     -475.047
    78   1321.000       10.577      -493.040       214.546        0.806        0.347        0.203        0.565     -475.047
    79   1322.000       53.319      -531.183       220.320        0.772        0.055        0.040        0.673     -475.425
    80   1322.000       46.458      -510.796       217.677        0.782        0.058        0.042        0.521     -475.425
    81   1322.000       16.600      -492.939       214.348        0.751        0.232        0.119        0.790     -475.425
    82   1323.000       48.136      -510.888       217.503        0.880        0.064        0.046        0.526     -475.803
    83   1323.000       31.568      -530.946       220.229        0.871        0.104        0.075        0.523     -475.803
    84   1323.000       26.447      -492.884       214.102        0.857        0.145        0.083        0.853     -475.803
    85   1324.000       44.463      -510.924       217.387        0.834        0.067        0.048        0.673     -476.180
    86   1324.000       36.697      -492.537       213.945        0.812        0.105        0.056        0.962     -476.180
    87   1324.000       16.095      -530.569       220.113        0.828        0.195        0.141        0.529     -476.180
    88   1325.000       50.210      -491.287       214.002        0.803        0.083        0.040        0.947     -476.558
    89   1325.000       34.789      -510.885       217.278        0.822        0.091        0.065        0.777     -476.558
    90   1326.000       68.033      -490.415       214.119        0.716        0.051        0.027        1.556     -476.936
    91   1326.000       20.744      -510.508       217.159        0.721        0.148        0.106        0.859     -476.936
    92   1327.000       93.083      -489.637       214.174        0.835        0.037        0.022        2.141     -477.313
    93   1327.000       11.329      -500.311       216.604        0.823        0.252        0.263        2.226     -477.313
    94   1328.000      119.815      -489.089       214.221        1.314        0.039        0.027        2.724     -477.691
    95   1328.000       12.846      -498.531       217.215        1.336        0.271        0.301        2.506     -477.691
    96   1328.000       10.929      -585.162       319.512        1.256        0.608        0.405        2.449     -477.691
    97   1328.000       10.421      -398.853       111.179        1.249        0.562        0.489        1.856     -477.691
    98   1328.000        9.883      -606.052       150.378        1.236        0.827        0.403        1.431     -477.691
    99   1328.000        9.785      -595.838       144.813        1.336        0.505        0.287        1.270     -477.691
   100   1329.000      136.374      -488.803       214.059        1.543        0.037        0.028        2.724     -478.069
   101   1329.000       15.451      -397.416       108.656        1.426        0.486        0.521        1.809     -478.069
   102   1329.000       10.449      -585.287       318.303        1.473        0.754        0.557        1.392     -478.069
   103   1329.000        9.880      -410.930       110.675        1.470        0.580        0.569        1.831     -478.069
   104   1330.000      142.495      -488.642       213.940        1.875        0.042        0.033        3.152     -478.446
   105   1330.000       20.237      -395.332       106.907        1.742        0.429        0.441        2.010     -478.446
   106   1330.000       12.167      -314.635       179.446        1.834        0.614        0.372        1.176     -478.446
   107   1330.000       10.622      -298.566       264.738        1.810        0.887        0.382        1.900     -478.446
   108   1330.000       10.139      -409.869       109.842        1.752        0.828        0.781        1.855     -478.446
       magilla    MFPRT(31DEC13)     745               12-AUG-2015   13:10:40               Page    3
 Row #      Plane     Peak int      X-offset      Y-offset     Err peak    Err X-off    Err Y-off    Resid rms     Velocity
           pixels      Jy/beam           mas           mas      Jy/beam          mas          mas           Jy         km/s
 
   109   1330.000        9.383      -452.256       171.837        1.735        1.097        0.799        2.150     -478.446
   110   1330.000        8.767      -600.125       176.971        1.791        1.060        0.681        2.829     -478.446
   111   1330.000        8.630      -449.393      -122.167        1.743        1.218        0.724        1.606     -478.446
   112   1330.000        7.779      -559.784       134.809        1.728        1.252        1.119        2.515     -478.446
   113   1331.000      128.594      -488.479       213.985        1.749        0.044        0.034        2.685     -478.824
   114   1331.000       18.460      -396.134       109.021        1.661        0.353        0.398        2.015     -478.824
   115   1331.000       14.613      -600.945       178.065        1.661        0.572        0.366        2.071     -478.824
   116   1331.000       13.778      -313.928       178.846        1.758        0.386        0.283        1.172     -478.824
   117   1331.000       10.694       611.970       209.809        1.758        0.665        0.307        1.502     -478.824
   118   1331.000       10.562      -529.657       313.578        1.668        0.715        0.528        1.970     -478.824
   119   1331.000       10.512      -608.794       149.235        1.652        1.032        0.423        1.889     -478.824
   120   1331.000        9.208      -549.812       284.670        1.666        0.886        0.569        2.020     -478.824
   121   1331.000        8.115      -561.980       140.509        1.613        1.454        0.788        1.944     -478.824
   122   1332.000      109.650      -488.447       213.837        1.551        0.046        0.036        3.199     -479.202
   123   1332.000       15.103      -395.469       108.169        1.468        0.419        0.466        1.713     -479.202
   124   1332.000       14.416      -313.791       178.716        1.561        0.343        0.251        1.271     -479.202
   125   1332.000       11.832      -558.123       137.444        1.510        0.382        0.457        1.626     -479.202
   126   1332.000       11.298      -598.230       177.137        1.483        0.669        0.461        1.693     -479.202
   127   1332.000       11.257       611.832       209.768        1.561        0.417        0.245        1.166     -479.202
   128   1332.000       10.239      -564.365       141.367        1.561        0.398        0.330        2.014     -479.202
   129   1332.000       10.062      -607.172       149.593        1.454        1.154        0.407        1.785     -479.202
   130   1332.000        8.952      -549.670       284.733        1.482        0.815        0.522        2.053     -479.202
   131   1332.000        5.617      -603.666       177.781        1.493        1.311        1.612        2.487     -479.202
   132   1333.000       85.198      -488.299       213.650        1.218        0.046        0.036        2.888     -479.579
   133   1333.000       12.405      -313.526       178.913        1.214        0.329        0.246        0.805     -479.579
   134   1333.000       10.954      -394.960       108.198        1.157        0.470        0.480        1.487     -479.579
   135   1333.000       10.091      -460.038       198.521        1.178        0.443        0.360        1.911     -479.579
   136   1333.000       10.070      -557.842       137.020        1.190        0.378        0.392        1.420     -479.579
   137   1333.000        9.783      -599.936       178.072        1.191        0.503        0.346        1.618     -479.579
   138   1334.000       67.839      -488.299       213.448        0.926        0.044        0.033        2.023     -479.957
   139   1335.000       53.219      -488.389       213.279        0.618        0.037        0.029        1.679     -480.335
   140   1336.000       40.414      -488.433       213.175        0.392        0.031        0.024        0.777     -480.712
   141   1337.000       29.645      -488.378       213.073        0.272        0.029        0.022        0.384     -481.090
   142   1337.000       10.202       -71.462        30.921        0.272        0.075        0.056        0.263     -481.090
   143   1338.000       20.136      -488.332       212.964        0.198        0.031        0.024        0.281     -481.468
   144   1338.000       10.803       -71.377        30.953        0.198        0.051        0.039        0.264     -481.468
   145   1339.000       12.841      -488.290       212.892        0.261        0.064        0.048        0.181     -481.845
   146   1339.000       10.299       -71.386        30.939        0.261        0.073        0.056        0.323     -481.845
   147   1341.000       20.673        -0.065        -0.153        0.230        0.033        0.027        0.295     -482.601
   148   1342.000       49.718        -0.013        -0.106        0.180        0.010        0.009        0.222     -482.978
   149   1342.000       13.014      -524.218       213.982        0.180        0.040        0.032        0.190     -482.978
   150   1343.000      110.792        -0.007        -0.099        0.285        0.007        0.006        0.363     -483.356
   151   1343.000       15.039      -524.057       213.872        0.285        0.055        0.043        0.254     -483.356
   152   1344.000      209.831        -0.002        -0.083        0.558        0.008        0.006        0.703     -483.733
   153   1344.000       15.356      -523.836       213.770        0.558        0.102        0.079        0.372     -483.733
   154   1345.000      330.107        -0.006        -0.066        0.779        0.007        0.006        0.972     -484.111
   155   1345.000       12.766      -523.627       213.776        0.779        0.178        0.137        0.793     -484.111
   156   1346.000      428.393        -0.008        -0.031        1.028        0.007        0.006        1.421     -484.489
   157   1347.000      461.440        -0.015        -0.007        1.066        0.007        0.005        1.234     -484.866
   158   1347.000       10.550        72.633        18.394        1.066        0.276        0.224        0.679     -484.866
   159   1348.000      408.142        -0.015         0.015        1.074        0.008        0.006        1.218     -485.244
   160   1349.000      288.101        -0.023         0.039        0.722        0.007        0.006        0.810     -485.622
   161   1350.000      160.391        -0.024         0.067        0.499        0.009        0.007        0.632     -485.999
   162   1351.000       72.144        -0.007         0.105        0.399        0.016        0.013        0.406     -486.377
   163   1352.000       27.458         0.022         0.139        0.440        0.048        0.038        0.364     -486.755
       magilla    MFPRT(31DEC13)     745               12-AUG-2015   13:10:40               Page    4
 Row #      Plane     Peak int      X-offset      Y-offset     Err peak    Err X-off    Err Y-off    Resid rms     Velocity
           pixels      Jy/beam           mas           mas      Jy/beam          mas          mas           Jy         km/s
 
   164   1357.000       11.925      -576.935       125.404        1.305        0.608        0.387        0.860     -488.643
   165   1358.000       16.593      -575.629       125.407        1.666        0.518        0.360        1.160     -489.021
   166   1359.000       21.156      -574.248       125.076        1.638        0.421        0.277        0.863     -489.398
   167   1359.000       10.889      -468.954       267.849        1.704        0.789        0.325        1.287     -489.398
   168   1359.000       10.838      -609.350       480.886        1.594        1.587        0.536        3.426     -489.398
   169   1359.000       10.629      -209.713       290.840        1.725        0.663        0.365        1.440     -489.398
   170   1360.000       25.524      -573.380       125.061        1.752        0.356        0.243        0.978     -489.776
   171   1360.000       16.645      -613.532       452.472        1.710        0.942        0.358        3.289     -489.776
   172   1360.000       11.174      -606.681       480.851        1.711        1.366        0.534        3.777     -489.776
   173   1360.000       10.315      -468.084       267.658        1.818        0.941        0.343        1.530     -489.776
   174   1360.000        9.940      -208.372       290.571        1.834        0.757        0.425        1.485     -489.776
   175   1361.000       29.618      -571.987       125.002        1.772        0.281        0.206        1.075     -490.154
   176   1361.000       15.487      -612.349       452.358        1.727        0.898        0.386        2.861     -490.154
   177   1361.000       11.211      -466.613       267.672        1.820        0.857        0.335        1.776     -490.154
   178   1361.000       10.073      -207.074       290.464        1.848        0.719        0.431        1.637     -490.154
   179   1362.000       27.370      -570.121       124.863        1.801        0.323        0.233        1.059     -490.531
   180   1362.000       22.759        42.503       -96.298        1.920        0.266        0.212        2.047     -490.531
   181   1362.000       13.190      -612.420       452.628        1.764        1.071        0.449        2.407     -490.531
   182   1363.000       47.837        42.641       -96.739        1.534        0.103        0.086        1.544     -490.909
   183   1363.000       26.936      -569.452       125.379        1.451        0.243        0.199        1.054     -490.909
   184   1363.000       14.528        48.522      -103.306        1.547        0.328        0.222        1.492     -490.909
   185   1364.000       77.704        42.617       -96.891        1.429        0.058        0.049        1.977     -491.287
   186   1364.000       24.657      -568.947       125.782        1.351        0.233        0.208        1.131     -491.287
   187   1364.000       22.530        48.499      -103.582        1.438        0.193        0.131        1.861     -491.287
   188   1365.000      108.024        42.627       -97.065        1.431        0.042        0.036        2.677     -491.664
   189   1365.000       29.031        48.479      -103.804        1.445        0.151        0.102        2.501     -491.664
   190   1365.000       17.296      -569.202       126.159        1.351        0.368        0.299        1.077     -491.664
   191   1366.000      121.174        42.717       -97.356        1.496        0.041        0.036        4.264     -492.042
   192   1366.000       29.972        48.607      -104.130        1.523        0.151        0.102        3.531     -492.042
   193   1366.000       11.465       -12.225       -33.527        1.492        0.407        0.411        0.733     -492.042
   194   1367.000      119.854        43.057       -97.826        1.003        0.031        0.029        7.854     -492.420
   195   1368.000      108.710        43.321       -98.298        0.862        0.032        0.030        7.087     -492.797
   196   1368.000       23.057       366.700      -349.121        0.881        0.142        0.103        1.135     -492.797
   197   1369.000       91.148        43.717       -98.912        0.883        0.042        0.039        5.619     -493.175
   198   1369.000       52.543       366.717      -349.124        0.912        0.062        0.047        1.276     -493.175
   199   1369.000       15.472       235.953      -156.568        0.888        0.223        0.193        0.663     -493.175
   200   1369.000       13.872        85.857      -194.542        0.899        0.229        0.201        0.793     -493.175
   201   1370.000       81.012       366.690      -349.282        0.989        0.044        0.033        1.653     -493.552
   202   1370.000       79.743        44.550       -99.840        0.954        0.055        0.052        4.352     -493.552
   203   1370.000       11.040       236.395      -156.784        0.965        0.320        0.297        0.800     -493.552
   204   1370.000       10.786       326.452      -256.250        0.964        0.352        0.291        0.954     -493.552
   205   1371.000       91.611       366.853      -349.515        0.922        0.037        0.028        1.529     -493.930
   206   1371.000       57.591        47.382      -102.775        0.940        0.052        0.042        0.755     -493.930
   207   1371.000       55.569        42.754       -98.216        0.943        0.052        0.039        0.723     -493.930
   208   1371.000       12.226       236.314      -156.624        0.912        0.266        0.226        0.683     -493.930
   209   1371.000       11.232       326.735      -256.140        0.918        0.283        0.237        0.660     -493.930
   210   1372.000       86.281       366.946      -349.816        0.813        0.036        0.026        1.401     -494.308
   211   1372.000       56.885        45.543      -100.960        0.795        0.062        0.054        2.124     -494.308
   212   1372.000       15.348       326.908      -256.556        0.812        0.185        0.151        0.606     -494.308
   213   1372.000       10.180       236.627      -157.116        0.808        0.283        0.235        0.594     -494.308
   214   1373.000       68.988       366.885      -349.924        0.663        0.036        0.027        1.096     -494.685
   215   1373.000       48.659        45.870      -101.377        0.651        0.056        0.049        1.564     -494.685
   216   1374.000       46.480       366.414      -349.862        0.532        0.042        0.032        0.978     -495.063
   217   1374.000       34.945        45.742      -101.414        0.524        0.063        0.055        1.304     -495.063
   218   1375.000       24.613       365.713      -349.965        0.364        0.058        0.043        0.873     -495.441
       magilla    MFPRT(31DEC13)     745               12-AUG-2015   13:10:40               Page    5
 Row #      Plane     Peak int      X-offset      Y-offset     Err peak    Err X-off    Err Y-off    Resid rms     Velocity
           pixels      Jy/beam           mas           mas      Jy/beam          mas          mas           Jy         km/s
 
   219   1375.000       20.950        47.055      -102.958        0.378        0.056        0.046        0.681     -495.441
   220   1375.000       17.859        42.552       -98.627        0.378        0.062        0.046        0.568     -495.441
   221   1376.000       16.790        44.173      -100.563        0.334        0.087        0.076        0.995     -495.818
   222   1376.000       10.253       364.261      -349.771        0.327        0.152        0.118        0.841     -495.818
   223   1377.000       12.063        43.109       -99.812        0.340        0.107        0.090        1.009     -496.196
   224   1379.000       13.693        59.580      -120.124        0.349        0.093        0.086        0.647     -496.951
   225   1380.000       27.343        59.658      -120.171        0.392        0.047        0.040        0.464     -497.329
   226   1381.000       49.778        59.581      -120.308        0.390        0.025        0.021        0.679     -497.707
   227   1382.000       86.120        59.465      -120.531        0.446        0.016        0.013        0.597     -498.084
   228   1383.000      139.155        59.337      -120.676        0.512        0.011        0.009        0.553     -498.462
   229   1384.000      200.665        59.262      -120.791        0.750        0.011        0.009        0.778     -498.840
   230   1385.000      261.020        59.195      -120.893        0.797        0.009        0.007        0.962     -499.217
   231   1385.000       10.896       128.403       -45.480        0.787        0.238        0.195        0.554     -499.217
   232   1385.000        9.541       156.664       -77.387        0.779        0.269        0.245        0.603     -499.217
   233   1386.000      311.574        59.196      -121.016        0.845        0.008        0.007        1.294     -499.595
   234   1386.000       10.035       180.928         5.056        0.825        0.294        0.242        0.703     -499.595
   235   1387.000      342.920        59.194      -121.150        0.987        0.009        0.007        1.407     -499.973
   236   1387.000       11.949       181.137         4.765        0.973        0.276        0.229        0.835     -499.973
   237   1388.000      355.976        59.246      -121.359        1.351        0.011        0.009        1.669     -500.350
   238   1388.000       12.368       180.120         5.509        1.299        0.425        0.326        1.165     -500.350
   239   1389.000      348.179        59.318      -121.619        1.031        0.009        0.007        1.600     -500.728
   240   1390.000      327.204        59.424      -121.921        1.052        0.010        0.008        1.573     -501.106
   241   1390.000       13.764       180.108         5.320        1.022        0.267        0.223        0.871     -501.106
   242   1390.000       13.064       278.364      -241.702        1.052        0.228        0.138        1.167     -501.106
   243   1390.000       11.876       154.162       -75.817        1.052        0.254        0.238        0.804     -501.106
   244   1391.000      294.575        59.511      -122.211        1.091        0.011        0.009        1.352     -501.483
   245   1391.000       16.713       277.718      -241.898        1.091        0.188        0.137        1.248     -501.483
   246   1391.000       10.889       154.260       -76.127        1.091        0.297        0.285        0.812     -501.483
   247   1391.000       10.521       179.457         5.749        1.064        0.366        0.282        0.785     -501.483
   248   1392.000      240.060        59.607      -122.465        0.913        0.011        0.009        1.022     -501.861
   249   1392.000       19.981       277.320      -242.150        0.913        0.135        0.111        1.149     -501.861
   250   1393.000      171.101        59.681      -122.704        0.718        0.012        0.010        0.917     -502.239
   251   1393.000       18.958       276.915      -242.401        0.718        0.110        0.097        0.842     -502.239
   252   1394.000       99.406        59.623      -122.931        0.553        0.017        0.014        1.004     -502.616
   253   1394.000       12.806       277.347      -243.279        0.549        0.135        0.117        0.773     -502.616
   254   1395.000       47.151        59.276      -123.147        0.359        0.025        0.018        1.190     -502.994
   255   1395.000       11.071       268.517      -257.063        0.354        0.108        0.085        0.849     -502.994
   256   1396.000       30.784       267.666      -256.951        0.322        0.036        0.027        1.087     -503.372
   257   1396.000       16.623        57.947      -123.443        0.316        0.090        0.046        0.781     -503.372
   258   1397.000       55.403       266.290      -256.783        0.362        0.025        0.017        0.906     -503.749
   259   1398.000       71.598       264.820      -256.783        0.453        0.028        0.017        0.963     -504.127
   260   1399.000       83.640       262.886      -256.688        0.520        0.028        0.017        0.869     -504.504
   261   1400.000      104.965       261.263      -256.570        0.671        0.026        0.017        0.952     -504.882
   262   1400.000       10.878       202.446      -189.308        0.663        0.247        0.190        0.549     -504.882
   263   1401.000      118.265       260.145      -256.514        0.674        0.022        0.015        0.673     -505.260
   264   1401.000       14.059       200.962      -189.095        0.668        0.182        0.137        0.510     -505.260
   265   1402.000      117.653       259.330      -256.521        0.769        0.024        0.018        0.774     -505.637
   266   1402.000       14.848       200.618      -189.277        0.759        0.196        0.151        0.670     -505.637
   267   1402.000       10.218       150.398      -186.268        0.783        0.257        0.194        0.470     -505.637
   268   1402.000       10.180       170.980      -156.680        0.776        0.258        0.201        0.491     -505.637
   269   1403.000      108.322       258.564      -256.416        0.701        0.023        0.017        0.658     -506.015
   270   1403.000       16.849       150.468      -186.521        0.707        0.141        0.110        0.476     -506.015
   271   1403.000       12.870       171.132      -157.247        0.703        0.188        0.145        0.351     -506.015
   272   1404.000       81.248       257.953      -256.423        0.560        0.025        0.018        0.853     -506.393
   273   1404.000       20.023       150.362      -186.696        0.570        0.090        0.072        0.477     -506.393
       magilla    MFPRT(31DEC13)     745               12-AUG-2015   13:10:40               Page    6
 Row #      Plane     Peak int      X-offset      Y-offset     Err peak    Err X-off    Err Y-off    Resid rms     Velocity
           pixels      Jy/beam           mas           mas      Jy/beam          mas          mas           Jy         km/s
 
   274   1404.000       13.189       171.798      -158.252        0.563        0.150        0.111        0.360     -506.393
   275   1405.000       47.869       257.513      -256.642        0.491        0.037        0.028        1.225     -506.770
   276   1405.000       18.746       150.046      -186.841        0.503        0.085        0.067        0.468     -506.770
   277   1405.000       12.452       172.581      -158.873        0.502        0.132        0.098        0.340     -506.770
   278   1406.000       18.852       256.611      -256.476        0.428        0.077        0.057        1.086     -507.148
   279   1406.000       11.820       150.290      -187.185        0.431        0.105        0.082        0.445     -507.148
   280   1406.000       10.677       173.244      -159.548        0.428        0.135        0.105        0.472     -507.148
   281   1408.000       10.093       132.570      -211.187        0.510        0.222        0.176        0.828     -507.903
   282   1409.000       19.185       115.646      -201.152        0.638        0.121        0.095        1.278     -508.281
   283   1409.000       15.843       132.694      -211.591        0.622        0.182        0.137        0.747     -508.281
   284   1410.000       29.697       115.544      -201.337        0.778        0.093        0.073        1.540     -508.659
   285   1410.000       18.975       133.427      -211.898        0.764        0.161        0.128        1.090     -508.659
   286   1411.000       28.735       115.038      -201.292        1.012        0.126        0.098        1.029     -509.036
   287   1411.000       12.866       133.354      -211.635        1.004        0.310        0.232        0.875     -509.036
   288   1411.000       11.451       105.785      -204.486        0.975        0.492        0.426        1.034     -509.036
   289   1411.000        9.759       144.481      -208.122        0.988        0.428        0.372        1.560     -509.036
   290   1412.000       21.892       114.734      -201.435        1.069        0.213        0.147        1.624     -509.414
   291   1412.000       21.227       104.247      -203.540        1.080        0.210        0.184        1.475     -509.414
   292   1412.000       19.655       144.742      -209.268        1.060        0.265        0.188        1.414     -509.414
   293   1413.000       24.695        88.312      -193.239        0.961        0.134        0.098        0.741     -509.792
   294   1413.000       21.081        98.101      -199.855        0.896        0.320        0.146        1.381     -509.792
   295   1413.000       14.466       142.614      -206.581        0.883        0.491        0.430        1.622     -509.792
   296   1413.000       13.675       116.585      -201.151        0.951        0.258        0.189        1.665     -509.792
   297   1413.000       11.546       183.797      -301.233        0.920        0.315        0.273        1.118     -509.792
   298   1414.000      121.543        88.087      -193.613        0.865        0.030        0.022        2.431     -510.169
   299   1414.000       15.252        16.382      -272.514        0.876        0.204        0.168        0.614     -510.169
   300   1414.000       14.030       177.224      -296.076        0.847        0.299        0.212        1.009     -510.169
   301   1414.000       12.969        53.047      -102.414        0.839        0.345        0.249        0.724     -510.169
   302   1414.000       12.521       138.814      -203.001        0.838        0.400        0.244        1.260     -510.169
   303   1414.000        9.895        79.202      -134.173        0.858        0.402        0.254        1.083     -510.169
   304   1415.000      244.458        86.412      -192.845        0.991        0.018        0.012        3.502     -510.547
   305   1415.000       24.815        14.927      -271.856        1.001        0.155        0.119        0.695     -510.547
   306   1415.000       20.017       174.164      -294.514        0.985        0.213        0.155        0.878     -510.547
   307   1415.000       16.761        50.230      -100.791        0.973        0.256        0.218        0.711     -510.547
   308   1415.000       11.426        77.300      -133.223        0.999        0.384        0.214        1.132     -510.547
   309   1415.000       10.488       140.416      -203.528        0.959        0.525        0.338        1.313     -510.547
   310   1416.000      300.549        84.890      -192.342        1.303        0.022        0.012        5.363     -510.925
   311   1416.000       32.854        12.923      -271.075        1.316        0.172        0.115        1.218     -510.925
   312   1416.000       27.946       170.809      -292.780        1.318        0.174        0.150        0.940     -510.925
   313   1416.000       19.888        47.358       -98.944        1.307        0.238        0.234        0.865     -510.925
   314   1416.000       17.120        74.484      -189.442        1.366        0.187        0.173        2.108     -510.925
   315   1416.000       16.849        22.356      -124.438        1.331        0.276        0.223        0.928     -510.925
   316   1416.000       14.352       117.539      -285.608        1.306        0.379        0.286        1.237     -510.925
   317   1416.000        9.222       139.760      -202.494        1.292        0.603        0.478        1.542     -510.925
   318   1417.000      275.531        82.291      -191.616        1.357        0.030        0.015        5.061     -511.302
   319   1417.000       36.624       169.010      -292.226        1.398        0.136        0.116        0.996     -511.302
   320   1417.000       30.351         9.496      -269.579        1.378        0.212        0.135        1.463     -511.302
   321   1417.000       25.558       114.604      -284.404        1.388        0.214        0.162        1.232     -511.302
   322   1417.000       22.404        19.941      -123.200        1.397        0.230        0.178        1.144     -511.302
   323   1417.000       20.821        -7.168       -90.614        1.416        0.231        0.183        1.091     -511.302
   324   1417.000       16.498        45.294       -98.005        1.369        0.330        0.300        1.392     -511.302
   325   1418.000      183.861        74.099      -189.326        1.655        0.038        0.023        1.322     -511.680
   326   1418.000      171.767        82.174      -191.799        1.644        0.044        0.026        1.146     -511.680
   327   1418.000       37.926         6.444      -268.481        1.649        0.183        0.124        1.215     -511.680
   328   1418.000       29.084       112.762      -284.206        1.652        0.220        0.161        1.020     -511.680
       magilla    MFPRT(31DEC13)     745               12-AUG-2015   13:10:40               Page    7
 Row #      Plane     Peak int      X-offset      Y-offset     Err peak    Err X-off    Err Y-off    Resid rms     Velocity
           pixels      Jy/beam           mas           mas      Jy/beam          mas          mas           Jy         km/s
 
   329   1418.000       28.616       165.215      -291.142        1.672        0.195        0.165        1.042     -511.680
   330   1418.000       25.411        -9.369       -90.434        1.679        0.227        0.174        0.833     -511.680
   331   1418.000       22.349        16.169      -122.501        1.634        0.296        0.230        0.985     -511.680
   332   1418.000       12.884        42.984       -97.200        1.634        0.475        0.413        1.214     -511.680
   333   1419.000      239.533        73.166      -189.386        1.461        0.037        0.017        3.380     -512.058
   334   1419.000       33.577         4.545      -268.338        1.488        0.198        0.126        1.543     -512.058
   335   1419.000       33.202       110.760      -284.010        1.497        0.178        0.125        1.059     -512.058
   336   1419.000       30.470        12.724      -121.663        1.508        0.177        0.139        0.988     -512.058
   337   1419.000       22.390       175.179      -612.735        1.502        0.274        0.173        1.149     -512.058
   338   1419.000       14.854       163.328      -291.333        1.503        0.366        0.294        0.870     -512.058
   339   1419.000       10.226       137.135      -258.895        1.509        0.562        0.388        0.946     -512.058
   340   1419.000        9.484        40.594       -96.857        1.462        0.655        0.537        1.530     -512.058
   341   1420.000      263.061        69.466      -188.756        1.501        0.030        0.015        4.198     -512.435
   342   1420.000       23.990       107.841      -283.608        1.499        0.306        0.175        1.000     -512.435
   343   1420.000       23.511         1.016      -267.970        1.513        0.287        0.176        1.107     -512.435
   344   1420.000       23.007        10.713      -121.532        1.532        0.239        0.184        0.690     -512.435
   345   1420.000       11.889       -16.631       -88.579        1.548        0.450        0.343        0.826     -512.435
   346   1420.000       11.451       159.196      -290.659        1.540        0.458        0.372        0.737     -512.435
   347   1421.000      266.256        67.162      -188.554        1.345        0.023        0.013        2.594     -512.813
   348   1421.000       20.018        -2.813      -267.422        1.348        0.280        0.183        0.929     -512.813
   349   1421.000       16.208       168.223      -612.829        1.353        0.381        0.189        0.863     -512.813
   350   1421.000       15.490       103.118      -282.722        1.310        0.481        0.250        0.743     -512.813
   351   1421.000       14.693         8.025      -121.504        1.336        0.386        0.255        0.916     -512.813
   352   1422.000      222.338        65.320      -188.466        1.112        0.022        0.012        1.432     -513.191
   353   1422.000       22.397        -4.999      -267.780        1.108        0.205        0.135        0.744     -513.191
   354   1422.000       18.414         3.208      -121.292        1.094        0.277        0.170        0.874     -513.191
   355   1422.000       16.734        98.022      -282.020        1.070        0.417        0.198        1.047     -513.191
   356   1422.000       15.996       165.125      -612.766        1.104        0.328        0.171        0.924     -513.191
   357   1423.000      157.246        62.869      -188.425        0.926        0.030        0.014        2.936     -513.568
   358   1423.000       16.565        95.409      -281.728        0.906        0.349        0.157        0.724     -513.568
   359   1423.000       13.698         0.445      -121.010        0.929        0.289        0.198        0.536     -513.568
   360   1423.000       12.510        -7.582      -267.584        0.926        0.360        0.200        0.764     -513.568
   361   1423.000       11.639       164.029      -612.690        0.942        0.341        0.194        0.714     -513.568
   362   1424.000      131.557        59.218      -188.324        0.750        0.033        0.014        1.897     -513.946
   363   1424.000       10.951        94.215      -281.705        0.736        0.501        0.205        0.730     -513.946
   364   1424.000       10.657        -9.551      -267.173        0.756        0.343        0.200        0.972     -513.946
   365   1424.000        9.904         0.451      -121.451        0.754        0.339        0.237        0.808     -513.946
   366   1425.000      140.994        56.721      -188.297        0.597        0.019        0.010        2.006     -514.324
   367   1425.000       10.398       -11.318      -267.459        0.598        0.240        0.150        0.621     -514.324
   368   1426.000      132.928        55.767      -188.259        0.526        0.015        0.010        0.688     -514.701
   369   1427.000      105.968        55.295      -188.198        0.412        0.014        0.009        0.376     -515.079
   370   1428.000       68.753        54.917      -188.165        0.277        0.015        0.010        0.279     -515.456
   371   1429.000       35.540        54.591      -188.135        0.163        0.017        0.011        0.209     -515.834
   372   1430.000       13.307        54.426      -188.253        0.094        0.027        0.017        0.133     -516.212
   373   1430.000       11.031        40.682      -187.841        0.096        0.028        0.020        0.093     -516.212
