       magilla    MFPRT(31DEC13)     745               09-NOV-2015   22:15:34               Page    1
 Row #      Plane     Peak int      X-offset      Y-offset     Err peak    Err X-off    Err Y-off    Resid rms     Velocity
           pixels      Jy/beam           mas           mas      Jy/beam          mas          mas           Jy         km/s
 
*****   MF file version = 1    V255T LINE2 .ICL001. 1   *****
 
     1      1.000        0.102       612.008      -612.081        0.014        0.485        0.361        0.013     -436.621
     2      2.000        0.059      -596.765      -612.556        0.013        0.767        0.572        0.013     -437.036
     3      2.000        0.039      -589.328      -605.870        0.013        1.165        0.868        0.015     -437.036
     4      3.000        0.031      -206.475      -609.151        0.013        1.409        1.049        0.017     -437.452
     5      5.000        0.057       102.744      -605.187        0.013        0.752        0.560        0.016     -438.282
     6      7.000        0.023       367.925      -602.471        0.013        1.941        1.446        0.014     -439.113
     7      9.000        0.045       299.164      -614.094        0.012        0.951        0.708        0.015     -439.944
     8      9.000        0.041       294.813      -607.028        0.012        1.050        0.782        0.010     -439.944
     9      9.000        0.035      -613.062      -509.902        0.012        1.204        0.896        0.011     -439.944
    10      9.000        0.033      -486.251      -494.076        0.012        1.281        0.954        0.016     -439.944
    11      9.000        0.031       437.706      -555.861        0.012        1.381        1.029        0.016     -439.944
    12      9.000        0.028       163.871      -558.205        0.012        1.517        1.129        0.013     -439.944
    13     10.000        0.046       406.570      -352.411        0.012        0.863        0.643        0.013     -440.360
    14     10.000        0.039      -492.985      -485.649        0.012        1.032        0.769        0.014     -440.360
    15     12.000        0.030       -45.916      -574.561        0.014        1.542        1.149        0.016     -441.191
    16     12.000        0.029       246.208      -602.479        0.014        1.605        1.195        0.015     -441.191
    17     13.000        0.029      -385.669      -507.431        0.012        1.466        1.092        0.016     -441.606
    18     13.000        0.024       -39.793      -535.392        0.012        1.753        1.305        0.014     -441.606
    19     14.000        0.036      -612.220      -537.016        0.012        1.157        0.862        0.015     -442.022
    20     14.000        0.028       530.675      -578.413        0.012        1.492        1.111        0.016     -442.022
    21     15.000        0.039      -518.673      -574.185        0.013        1.179        0.878        0.012     -442.437
    22     15.000        0.032       -78.348      -610.712        0.013        1.463        1.090        0.016     -442.437
    23     15.000        0.026      -404.567      -611.710        0.013        1.787        1.331        0.019     -442.437
    24     16.000        0.033       -37.153      -575.782        0.013        1.346        1.003        0.017     -442.852
    25     17.000        0.092       605.429      -612.137        0.013        0.489        0.364        0.013     -443.268
    26     17.000        0.035      -528.724      -612.422        0.013        1.281        0.954        0.016     -443.268
    27     18.000        0.038      -327.277      -610.460        0.012        1.063        0.792        0.018     -443.683
    28     18.000        0.029       316.403      -317.444        0.012        1.379        1.027        0.015     -443.683
    29     19.000        0.028      -414.056      -528.576        0.013        1.522        1.134        0.016     -444.099
    30     20.000        0.047       522.100      -572.606        0.013        0.934        0.695        0.014     -444.514
    31     20.000        0.037      -555.141      -613.238        0.013        1.180        0.879        0.015     -444.514
    32     20.000        0.035       491.079      -612.360        0.013        1.242        0.925        0.015     -444.514
    33     20.000        0.034      -608.020      -569.065        0.013        1.267        0.944        0.015     -444.514
    34     22.000        0.035      -130.445      -545.134        0.013        1.268        0.944        0.016     -445.345
    35     24.000        0.050       583.477      -612.181        0.013        0.896        0.667        0.015     -446.176
    36     24.000        0.041      -432.420      -536.768        0.013        1.109        0.826        0.015     -446.176
    37     24.000        0.028      -405.726      -596.888        0.013        1.615        1.202        0.015     -446.176
    38     25.000        0.059        -2.096      -611.566        0.013        0.735        0.548        0.012     -446.591
    39     25.000        0.037      -477.208      -540.408        0.013        1.176        0.875        0.017     -446.591
    40     25.000        0.033       210.956      -494.386        0.013        1.331        0.991        0.014     -446.591
    41     26.000        0.025       167.961      -608.867        0.013        1.768        1.317        0.014     -447.007
    42     27.000        0.048       -38.253      -516.714        0.013        0.920        0.685        0.016     -447.422
    43     27.000        0.029       112.493      -553.137        0.013        1.522        1.133        0.015     -447.422
    44     27.000        0.027      -605.171      -384.574        0.013        1.635        1.218        0.019     -447.422
    45     28.000        0.038       519.404      -606.302        0.012        1.122        0.835        0.014     -447.838
    46     28.000        0.037      -612.380      -332.585        0.012        1.155        0.860        0.017     -447.838
    47     28.000        0.026       574.214      -453.206        0.012        1.607        1.197        0.016     -447.838
    48     29.000        0.036      -566.769      -571.375        0.013        1.204        0.897        0.017     -448.253
    49     29.000        0.030      -572.843      -579.069        0.013        1.471        1.095        0.014     -448.253
    50     30.000        0.049      -575.543      -513.776        0.013        0.901        0.671        0.016     -448.669
    51     30.000        0.035      -252.439      -599.969        0.013        1.255        0.935        0.016     -448.669
    52     30.000        0.031        55.271      -610.752        0.013        1.409        1.049        0.012     -448.669
    53     30.000        0.028      -434.762      -534.787        0.013        1.562        1.163        0.016     -448.669
       magilla    MFPRT(31DEC13)     745               09-NOV-2015   22:15:34               Page    2
 Row #      Plane     Peak int      X-offset      Y-offset     Err peak    Err X-off    Err Y-off    Resid rms     Velocity
           pixels      Jy/beam           mas           mas      Jy/beam          mas          mas           Jy         km/s
 
    54     31.000        0.075       441.019      -181.479        0.013        0.593        0.441        0.016     -449.084
    55     31.000        0.041      -588.876      -613.045        0.013        1.089        0.811        0.016     -449.084
    56     31.000        0.026       575.051      -455.981        0.013        1.689        1.258        0.015     -449.084
    57     32.000        0.082       407.489      -613.011        0.013        0.540        0.402        0.016     -449.500
    58     32.000        0.040       530.911      -613.567        0.013        1.095        0.815        0.017     -449.500
    59     32.000        0.037      -520.093      -572.621        0.013        1.196        0.891        0.017     -449.500
    60     33.000        0.038       305.656      -595.971        0.013        1.152        0.858        0.015     -449.915
    61     33.000        0.034       325.548      -612.720        0.013        1.269        0.945        0.015     -449.915
    62     33.000        0.030       293.674      -598.421        0.013        1.461        1.088        0.012     -449.915
    63     34.000        0.056      -590.439      -612.673        0.014        0.828        0.616        0.016     -450.330
    64     35.000        0.029       515.173      -607.849        0.013        1.496        1.114        0.014     -450.746
    65     36.000        0.075      -254.195      -612.719        0.013        0.605        0.451        0.013     -451.161
    66     36.000        0.044       533.376      -569.918        0.013        1.021        0.760        0.017     -451.161
    67     36.000        0.024       100.843      -553.936        0.013        1.920        1.429        0.014     -451.161
    68     36.000        0.023      -404.706      -604.331        0.013        1.971        1.468        0.016     -451.161
    69     37.000        0.027       381.974      -576.147        0.012        1.564        1.165        0.013     -451.577
    70     37.000        0.025       594.932      -601.885        0.012        1.687        1.256        0.016     -451.577
    71     38.000        0.042        41.114      -610.813        0.013        1.026        0.764        0.015     -451.992
    72     38.000        0.032      -105.098      -609.317        0.013        1.359        1.012        0.016     -451.992
    73     39.000        0.037      -423.563      -606.303        0.013        1.220        0.908        0.015     -452.408
    74     39.000        0.029       236.766      -612.326        0.013        1.574        1.172        0.012     -452.408
    75     42.000        0.048        11.935      -610.466        0.012        0.855        0.637        0.013     -453.654
    76     42.000        0.046      -593.042      -610.497        0.012        0.909        0.677        0.016     -453.654
    77     42.000        0.031      -598.110      -604.150        0.012        1.317        0.981        0.016     -453.654
    78     43.000        0.086       614.067       301.461        0.013        0.498        0.371        0.013     -454.069
    79     43.000        0.034       429.881      -536.980        0.013        1.275        0.949        0.015     -454.069
    80     44.000        0.042      -523.409      -602.177        0.013        1.088        0.810        0.017     -454.485
    81     45.000        0.041        86.388      -589.148        0.013        1.094        0.814        0.014     -454.900
    82     45.000        0.039      -563.640      -611.782        0.013        1.125        0.838        0.018     -454.900
    83     45.000        0.033      -551.795      -609.250        0.013        1.333        0.993        0.015     -454.900
    84     45.000        0.031      -567.396      -606.041        0.013        1.446        1.077        0.015     -454.900
    85     45.000        0.026      -252.769      -475.224        0.013        1.675        1.247        0.015     -454.900
    86     46.000        0.034       122.271      -551.312        0.012        1.247        0.928        0.013     -455.316
    87     47.000        0.049      -604.267      -542.798        0.014        0.955        0.711        0.019     -455.731
    88     47.000        0.041        26.371      -603.762        0.014        1.126        0.839        0.014     -455.731
    89     47.000        0.034      -611.540      -548.379        0.014        1.370        1.020        0.018     -455.731
    90     48.000        0.035       111.117      -603.794        0.013        1.255        0.935        0.017     -456.147
    91     50.000        0.061      -342.383      -614.257        0.013        0.734        0.547        0.019     -456.978
    92     50.000        0.032       577.542      -609.172        0.013        1.418        1.056        0.014     -456.978
    93     50.000        0.026      -476.450      -606.943        0.013        1.703        1.268        0.014     -456.978
    94     51.000        0.028      -253.641      -605.624        0.013        1.586        1.181        0.017     -457.393
    95     52.000        0.047      -313.325      -613.875        0.012        0.901        0.671        0.015     -457.809
    96     52.000        0.040       306.005      -577.970        0.012        1.054        0.785        0.017     -457.809
    97     53.000        0.050      -465.708      -572.693        0.013        0.864        0.644        0.013     -458.224
    98     53.000        0.030      -460.253      -601.771        0.013        1.440        1.073        0.014     -458.224
    99     54.000        0.044      -513.324      -607.984        0.012        0.952        0.709        0.015     -458.639
   100     54.000        0.039       329.109      -609.721        0.012        1.074        0.800        0.013     -458.639
   101     54.000        0.037       498.696      -600.235        0.012        1.117        0.832        0.013     -458.639
   102     54.000        0.026      -232.180      -593.049        0.012        1.577        1.174        0.017     -458.639
   103     55.000        0.048      -468.856      -613.070        0.013        0.959        0.714        0.018     -459.055
   104     55.000        0.045      -333.250      -613.157        0.013        1.012        0.754        0.014     -459.055
   105     55.000        0.027      -470.208      -604.168        0.013        1.705        1.269        0.017     -459.055
   106     56.000        0.032        75.568      -583.306        0.014        1.479        1.101        0.017     -459.470
   107     57.000        0.024      -398.472      -542.159        0.013        1.788        1.332        0.015     -459.886
   108     58.000        0.031      -606.827      -606.276        0.013        1.479        1.102        0.015     -460.301
       magilla    MFPRT(31DEC13)     745               09-NOV-2015   22:15:34               Page    3
 Row #      Plane     Peak int      X-offset      Y-offset     Err peak    Err X-off    Err Y-off    Resid rms     Velocity
           pixels      Jy/beam           mas           mas      Jy/beam          mas          mas           Jy         km/s
 
   109     59.000        0.047       282.179      -613.205        0.012        0.911        0.678        0.014     -460.717
   110     59.000        0.037      -501.960      -611.166        0.012        1.156        0.861        0.014     -460.717
   111     59.000        0.031      -352.265      -567.736        0.012        1.367        1.018        0.013     -460.717
   112     60.000        0.041       524.436      -588.535        0.012        1.007        0.750        0.013     -461.132
   113     60.000        0.035      -205.272      -583.794        0.012        1.181        0.879        0.012     -461.132
   114     61.000        0.026       175.275      -472.716        0.013        1.667        1.241        0.013     -461.548
   115     62.000        0.026       108.229      -584.142        0.013        1.748        1.302        0.016     -461.963
   116     63.000        0.047      -249.783      -613.443        0.013        0.965        0.718        0.014     -462.378
   117     63.000        0.034      -505.172      -605.347        0.013        1.315        0.979        0.018     -462.378
   118     63.000        0.032      -499.482      -613.360        0.013        1.421        1.058        0.013     -462.378
   119     63.000        0.026       339.252      -602.304        0.013        1.735        1.292        0.014     -462.378
   120     64.000        0.042       157.178      -604.794        0.013        1.034        0.770        0.016     -462.794
   121     64.000        0.030       160.019      -613.970        0.013        1.441        1.073        0.015     -462.794
   122     64.000        0.024      -283.330      -562.636        0.013        1.830        1.363        0.016     -462.794
   123     65.000        0.088       -68.497       -45.941        0.013        0.560        0.417        0.019     -463.209
   124     65.000        0.059       -76.066       -50.227        0.013        0.761        0.567        0.029     -463.209
   125     65.000        0.052       495.044      -611.402        0.013        0.869        0.647        0.014     -463.209
   126     65.000        0.024      -534.328      -610.164        0.013        1.846        1.375        0.014     -463.209
   127     66.000        0.125       -74.364       -50.352        0.013        0.364        0.271        0.036     -463.625
   128     66.000        0.102       -68.301       -44.954        0.013        0.446        0.332        0.018     -463.625
   129     66.000        0.037       340.355      -609.014        0.013        1.224        0.911        0.016     -463.625
   130     66.000        0.034      -511.164      -608.236        0.013        1.344        1.001        0.015     -463.625
   131     67.000        0.256       -73.059       -49.238        0.013        0.196        0.146        0.016     -464.040
   132     67.000        0.160       -68.676       -44.782        0.013        0.288        0.214        0.017     -464.040
   133     67.000        0.099       -77.375       -56.068        0.013        0.463        0.345        0.016     -464.040
   134     67.000        0.026       310.153      -603.528        0.013        1.746        1.300        0.017     -464.040
   135     68.000        0.032       305.064      -611.680        0.012        1.295        0.964        0.018     -464.456
   136     69.000        0.620       -73.429       -49.503        0.013        0.079        0.059        0.018     -464.871
   137     69.000        0.206       -68.606       -44.512        0.013        0.218        0.163        0.015     -464.871
   138     69.000        0.043       -54.022      -609.268        0.013        1.042        0.776        0.017     -464.871
   139     70.000        0.669       -73.463       -49.081        0.014        0.076        0.057        0.013     -465.287
   140     70.000        0.153       -70.165       -45.457        0.014        0.306        0.228        0.012     -465.287
   141     70.000        0.074      -612.772      -611.591        0.014        0.633        0.471        0.017     -465.287
   142     70.000        0.037      -602.509      -605.578        0.014        1.379        1.027        0.015     -465.287
   143     70.000        0.026       285.706      -602.010        0.014        1.782        1.327        0.015     -465.287
   144     71.000        0.754       -72.876       -48.683        0.014        0.062        0.046        0.029     -465.702
   145     71.000        0.052       500.415      -612.418        0.014        0.896        0.667        0.017     -465.702
   146     71.000        0.037      -313.153      -604.831        0.014        1.272        0.947        0.017     -465.702
   147     71.000        0.029       494.839      -605.133        0.014        1.607        1.196        0.019     -465.702
   148     72.000        0.617       -72.588       -48.164        0.014        0.075        0.056        0.027     -466.117
   149     72.000        0.041       609.647      -591.492        0.014        1.126        0.839        0.019     -466.117
   150     72.000        0.033      -471.599      -606.580        0.014        1.406        1.047        0.016     -466.117
   151     72.000        0.032       598.324      -595.851        0.014        1.436        1.069        0.018     -466.117
   152     73.000        0.493       -72.374       -48.069        0.013        0.094        0.070        0.022     -466.533
   153     73.000        0.029      -507.400      -539.256        0.013        1.603        1.193        0.014     -466.533
   154     73.000        0.029       114.815      -473.744        0.013        1.606        1.196        0.014     -466.533
   155     74.000        0.342       -72.055       -47.827        0.014        0.138        0.103        0.015     -466.948
   156     74.000        0.032        46.666      -603.642        0.014        1.455        1.083        0.015     -466.948
   157     75.000        0.245       -27.090       -35.694        0.013        0.187        0.139        0.020     -467.364
   158     75.000        0.161       -72.030       -47.164        0.013        0.284        0.212        0.017     -467.364
   159     75.000        0.034        66.066      -582.072        0.013        1.367        1.018        0.016     -467.364
   160     76.000        0.585       -26.832       -35.430        0.014        0.080        0.059        0.034     -467.779
   161     77.000        1.734       -26.834       -35.462        0.014        0.027        0.020        0.038     -468.195
   162     77.000        0.019       485.665      -609.301        0.014        2.526        1.881        0.017     -468.195
   163     78.000        3.815       -26.652       -35.347        0.016        0.015        0.011        0.031     -468.610
       magilla    MFPRT(31DEC13)     745               09-NOV-2015   22:15:34               Page    4
 Row #      Plane     Peak int      X-offset      Y-offset     Err peak    Err X-off    Err Y-off    Resid rms     Velocity
           pixels      Jy/beam           mas           mas      Jy/beam          mas          mas           Jy         km/s
 
   164     78.000        0.191       -32.700       -41.688        0.016        0.296        0.221        0.028     -468.610
   165     78.000        0.110       -44.815        -3.965        0.016        0.513        0.382        0.024     -468.610
   166     78.000        0.100        76.850       -60.388        0.016        0.566        0.421        0.022     -468.610
   167     78.000        0.095      -135.916       -14.580        0.016        0.596        0.444        0.018     -468.610
   168     79.000        6.323       -26.510       -35.185        0.021        0.011        0.008        0.047     -469.026
   169     79.000        0.303       -32.786       -42.337        0.021        0.236        0.176        0.039     -469.026
   170     79.000        0.142        75.922       -60.068        0.021        0.505        0.376        0.024     -469.026
   171     79.000        0.108       -80.553      -105.867        0.021        0.667        0.496        0.018     -469.026
   172     79.000        0.097      -606.786       -96.449        0.021        0.741        0.552        0.025     -469.026
   173     79.000        0.080       -73.824      -109.749        0.021        0.896        0.668        0.017     -469.026
   174     79.000        0.073        89.620       -83.259        0.021        0.983        0.732        0.021     -469.026
   175     80.000        8.831       -26.423       -35.061        0.027        0.010        0.008        0.148     -469.441
   176     80.000        0.103       592.969      -597.971        0.027        0.896        0.667        0.027     -469.441
   177     80.000        0.101       587.425      -591.377        0.027        0.913        0.680        0.020     -469.441
   178     80.000        0.073       411.638      -594.414        0.027        1.266        0.943        0.028     -469.441
   179     81.000       11.226       -26.316       -35.034        0.034        0.010        0.008        0.075     -469.857
   180     81.000        1.079       -32.451       -43.261        0.034        0.108        0.080        0.063     -469.857
   181     81.000        0.057      -281.518      -608.515        0.034        2.046        1.524        0.029     -469.857
   182     82.000       13.280       -26.280       -35.038        0.040        0.010        0.008        0.097     -470.272
   183     82.000        2.407       -32.314       -43.547        0.040        0.057        0.042        0.077     -470.272
   184     82.000        0.498        76.754       -60.971        0.040        0.274        0.204        0.059     -470.272
   185     82.000        0.449       -40.283        -8.799        0.040        0.304        0.226        0.061     -470.272
   186     83.000       15.005       -26.232       -35.051        0.045        0.010        0.008        0.117     -470.687
   187     83.000        5.234       -32.205       -43.714        0.045        0.030        0.022        0.102     -470.687
   188     83.000        0.620        76.870       -60.710        0.045        0.249        0.185        0.066     -470.687
   189     83.000        0.573       -40.400        -9.085        0.045        0.269        0.201        0.069     -470.687
   190     83.000        0.128       -80.071      -609.989        0.045        1.211        0.902        0.042     -470.687
   191     83.000        0.079       -69.488      -604.602        0.045        1.967        1.465        0.054     -470.687
   192     84.000       15.997       -26.203       -35.068        0.054        0.011        0.009        0.159     -471.103
   193     84.000        8.365       -32.176       -43.855        0.054        0.022        0.016        0.147     -471.103
   194     84.000        0.727        76.843       -61.253        0.054        0.252        0.188        0.066     -471.103
   195     84.000        0.648       -40.514        -9.168        0.054        0.283        0.211        0.095     -471.103
   196     84.000        0.491        22.146       -42.594        0.053        0.408        0.304        0.072     -471.103
   197     84.000        0.122        25.383       -47.918        0.054        1.510        1.125        0.065     -471.103
   198     85.000       16.253       -26.227       -35.053        0.063        0.013        0.010        0.195     -471.518
   199     85.000       11.637       -32.196       -44.079        0.063        0.019        0.014        0.187     -471.518
   200     85.000        0.790      -141.677       -22.377        0.063        0.275        0.205        0.071     -471.518
   201     85.000        0.647        76.906       -61.308        0.063        0.336        0.250        0.079     -471.518
   202     85.000        0.498        22.428       -43.084        0.063        0.436        0.325        0.077     -471.518
   203     86.000       15.543       -26.229       -35.037        0.066        0.014        0.011        0.216     -471.934
   204     86.000       14.100       -32.223       -44.315        0.066        0.016        0.012        0.241     -471.934
   205     86.000        0.993      -141.732       -22.797        0.066        0.227        0.169        0.071     -471.934
   206     86.000        0.582        22.074       -43.236        0.066        0.387        0.288        0.085     -471.934
   207     86.000        0.575        76.776       -61.334        0.066        0.392        0.292        0.071     -471.934
   208     86.000        0.558       -40.472        -9.337        0.066        0.404        0.301        0.122     -471.934
   209     86.000        0.108       584.552      -605.535        0.066        2.085        1.552        0.088     -471.934
   210     87.000       15.828       -32.260       -44.478        0.072        0.016        0.012        0.277     -472.349
   211     87.000       13.802       -26.152       -34.959        0.072        0.018        0.013        0.219     -472.349
   212     87.000        1.085      -142.011       -23.343        0.072        0.229        0.170        0.078     -472.349
   213     88.000       16.807       -32.251       -44.643        0.074        0.015        0.011        0.330     -472.765
   214     88.000       11.046       -26.113       -34.884        0.074        0.023        0.017        0.239     -472.765
   215     88.000        0.662      -141.769       -22.713        0.074        0.382        0.284        0.066     -472.765
   216     88.000        0.543      -142.964       -24.800        0.073        0.507        0.378        0.077     -472.765
   217     88.000        0.501       137.235       -94.466        0.073        0.550        0.410        0.065     -472.765
   218     88.000        0.482       -14.186      -138.584        0.074        0.525        0.391        0.089     -472.765
       magilla    MFPRT(31DEC13)     745               09-NOV-2015   22:15:34               Page    5
 Row #      Plane     Peak int      X-offset      Y-offset     Err peak    Err X-off    Err Y-off    Resid rms     Velocity
           pixels      Jy/beam           mas           mas      Jy/beam          mas          mas           Jy         km/s
 
   219     88.000        0.361       143.129       -90.446        0.074        0.701        0.522        0.042     -472.765
   220     89.000       15.256       -32.263       -44.839        0.078        0.018        0.013        0.288     -473.180
   221     89.000        7.889       -26.014       -34.691        0.078        0.034        0.025        0.182     -473.180
   222     89.000        1.643       -14.430       -17.748        0.078        0.163        0.121        0.109     -473.180
   223     89.000        1.202        -7.629       -12.172        0.078        0.223        0.166        0.105     -473.180
   224     89.000        0.503       -36.461       -16.023        0.078        0.532        0.396        0.132     -473.180
   225     89.000        0.345        31.799      -102.174        0.078        0.776        0.578        0.112     -473.180
   226     90.000       12.674       -32.235       -44.895        0.080        0.022        0.016        0.247     -473.596
   227     90.000        5.005       -25.930       -34.476        0.080        0.055        0.041        0.162     -473.596
   228     90.000        3.794       -14.467       -17.741        0.080        0.072        0.054        0.107     -473.596
   229     90.000        2.177        -8.022       -12.301        0.080        0.126        0.094        0.094     -473.596
   230     91.000        9.533       -32.239       -44.966        0.076        0.027        0.020        0.208     -474.011
   231     91.000        6.212       -14.301       -17.641        0.076        0.042        0.031        0.120     -474.011
   232     91.000        4.370        -8.461       -12.311        0.076        0.059        0.044        0.123     -474.011
   233     91.000        2.844       -25.887       -34.470        0.076        0.091        0.068        0.147     -474.011
   234     91.000        0.721       -29.649        16.779        0.076        0.360        0.268        0.089     -474.011
   235     91.000        0.576       -14.566       -77.931        0.075        0.492        0.366        0.078     -474.011
   236     91.000        0.526       -92.140        43.451        0.076        0.494        0.368        0.079     -474.011
   237     91.000        0.386       -26.929        18.209        0.075        0.734        0.547        0.096     -474.011
   238     91.000        0.160        -7.583       -82.338        0.076        1.619        1.206        0.085     -474.011
   239     92.000        7.613       -14.126       -17.490        0.063        0.028        0.021        0.075     -474.426
   240     92.000        6.255        -8.620       -12.335        0.063        0.034        0.026        0.083     -474.426
   241     92.000        5.927       -32.286       -45.025        0.063        0.036        0.027        0.172     -474.426
   242     92.000        1.336       -25.928       -34.360        0.063        0.161        0.120        0.111     -474.426
   243     92.000        0.598        46.737      -105.426        0.063        0.359        0.268        0.068     -474.426
   244     92.000        0.543       -14.973       -78.261        0.063        0.396        0.295        0.072     -474.426
   245     92.000        0.119       585.625      -603.388        0.063        1.802        1.342        0.069     -474.426
   246     92.000        0.105       594.596      -607.765        0.063        2.052        1.528        0.067     -474.426
   247     92.000        0.077       366.225      -609.467        0.063        2.799        2.084        0.037     -474.426
   248     93.000        8.439       -13.911       -17.417        0.048        0.019        0.014        0.090     -474.842
   249     93.000        8.045        -8.708       -12.457        0.048        0.020        0.015        0.082     -474.842
   250     93.000        2.007       -32.282       -44.789        0.048        0.081        0.061        0.126     -474.842
   251     93.000        0.753       -28.453        17.306        0.048        0.217        0.162        0.073     -474.842
   252     93.000        0.722       -14.760       -78.405        0.048        0.226        0.169        0.057     -474.842
   253     93.000        0.661       -33.160       -47.589        0.047        0.270        0.201        0.109     -474.842
   254     93.000        0.570        96.382       -36.228        0.048        0.287        0.214        0.053     -474.842
   255     93.000        0.144       542.288      -606.854        0.048        1.137        0.847        0.056     -474.842
   256     93.000        0.144       313.998      -610.751        0.048        1.139        0.848        0.049     -474.842
   257     93.000        0.104       322.718      -606.314        0.048        1.573        1.171        0.050     -474.842
   258     93.000        0.069       596.058      -608.955        0.048        2.369        1.764        0.043     -474.842
   259     93.000        0.063       587.943      -604.633        0.048        2.594        1.932        0.045     -474.842
   260     93.000        0.059       536.083      -613.198        0.048        2.781        2.071        0.053     -474.842
   261     94.000        8.562        -8.702       -12.464        0.039        0.016        0.012        0.079     -475.257
   262     94.000        8.227       -13.451       -17.265        0.039        0.016        0.012        0.082     -475.257
   263     94.000        0.714       -32.584       -45.018        0.039        0.189        0.141        0.068     -475.257
   264     94.000        0.439       -28.061        17.245        0.039        0.308        0.229        0.047     -475.257
   265     94.000        0.203       -33.168       -47.956        0.039        0.726        0.541        0.064     -475.257
   266     94.000        0.153       -25.916        17.996        0.039        0.965        0.719        0.049     -475.257
   267     94.000        0.114       320.967      -613.774        0.039        1.189        0.886        0.022     -475.257
   268     94.000        0.069       329.639      -610.722        0.039        1.955        1.456        0.027     -475.257
   269     94.000        0.068       320.734      -605.472        0.039        1.985        1.478        0.026     -475.257
   270     95.000        7.635        -8.870       -12.719        0.032        0.016        0.012        0.163     -475.673
   271     95.000        6.737       -13.161       -17.262        0.032        0.016        0.012        0.144     -475.673
   272     95.000        0.095       124.182      -608.000        0.032        1.161        0.864        0.035     -475.673
   273     95.000        0.073       116.140      -613.472        0.032        1.507        1.123        0.029     -475.673
       magilla    MFPRT(31DEC13)     745               09-NOV-2015   22:15:34               Page    6
 Row #      Plane     Peak int      X-offset      Y-offset     Err peak    Err X-off    Err Y-off    Resid rms     Velocity
           pixels      Jy/beam           mas           mas      Jy/beam          mas          mas           Jy         km/s
 
   274     96.000        5.825       -12.490       -16.743        0.028        0.018        0.013        0.136     -476.088
   275     96.000        5.701        -8.483       -12.348        0.028        0.017        0.013        0.134     -476.088
   276     96.000        0.107        98.031      -611.411        0.028        0.894        0.666        0.028     -476.088
   277     96.000        0.074      -321.302      -611.148        0.028        1.304        0.971        0.027     -476.088
   278     96.000        0.052       107.167      -609.639        0.028        2.025        1.508        0.029     -476.088
   279     97.000        4.077       -12.327       -16.604        0.022        0.020        0.015        0.105     -476.504
   280     97.000        3.892        -8.387       -12.308        0.022        0.019        0.014        0.104     -476.504
   281     97.000        0.105       102.066       -30.184        0.022        0.719        0.535        0.024     -476.504
   282     97.000        0.093        96.929       -34.867        0.022        0.816        0.608        0.023     -476.504
   283     98.000        2.380        -8.548       -12.568        0.016        0.026        0.019        0.063     -476.919
   284     98.000        2.091       -12.550       -16.808        0.017        0.027        0.020        0.042     -476.919
   285     98.000        0.077        24.823        84.911        0.017        0.741        0.552        0.017     -476.919
   286     98.000        0.073       -23.472       171.318        0.017        0.773        0.576        0.019     -476.919
   287     98.000        0.065        31.486        88.527        0.016        0.954        0.711        0.015     -476.919
   288     98.000        0.040       607.178      -608.977        0.017        1.417        1.055        0.023     -476.919
   289     99.000        1.150        -8.251       -12.002        0.015        0.049        0.036        0.036     -477.335
   290     99.000        0.943       -12.276       -16.511        0.015        0.054        0.040        0.033     -477.335
   291     99.000        0.542        -3.665        -4.482        0.015        0.095        0.070        0.031     -477.335
   292     99.000        0.046      -564.561      -614.123        0.015        1.120        0.834        0.017     -477.335
   293     99.000        0.042      -570.825      -606.259        0.015        1.230        0.916        0.017     -477.335
   294    100.000        1.251        -4.335        -4.711        0.014        0.039        0.029        0.019     -477.750
   295    100.000        0.432        -8.422       -11.322        0.014        0.123        0.091        0.021     -477.750
   296    100.000        0.265       -12.466       -16.488        0.014        0.183        0.136        0.022     -477.750
   297    101.000        2.129        -4.384        -4.618        0.014        0.023        0.017        0.030     -478.165
   298    101.000        0.147        -8.722       -10.968        0.014        0.335        0.249        0.025     -478.165
   299    102.000        3.458        -4.383        -4.391        0.016        0.015        0.012        0.054     -478.581
   300    103.000        4.489        -4.474        -4.488        0.019        0.014        0.011        0.022     -478.996
   301    103.000        0.675        -0.462        -0.315        0.019        0.104        0.077        0.023     -478.996
   302    103.000        0.283         9.589         7.233        0.019        0.248        0.185        0.028     -478.996
   303    103.000        0.125       611.545       148.606        0.019        0.516        0.384        0.014     -478.996
   304    103.000        0.058         4.306         4.003        0.019        1.118        0.832        0.026     -478.996
   305    104.000        4.419        -3.813        -3.765        0.027        0.021        0.016        0.088     -479.412
   306    104.000        1.522        -5.350        -5.380        0.027        0.067        0.050        0.079     -479.412
   307    104.000        1.461         1.619         1.250        0.027        0.064        0.048        0.184     -479.412
   308    105.000        5.683        -4.137        -4.101        0.031        0.021        0.015        0.116     -479.827
   309    105.000        2.979         0.554         0.255        0.031        0.036        0.027        0.112     -479.827
   310    105.000        1.024         8.513         6.747        0.031        0.105        0.078        0.068     -479.827
   311    105.000        0.313        12.064         7.805        0.031        0.374        0.279        0.056     -479.827
   312    106.000        6.773        -0.083        -0.355        0.034        0.019        0.014        0.092     -480.243
   313    106.000        4.400        -4.437        -4.333        0.034        0.026        0.020        0.092     -480.243
   314    106.000        1.372         9.145         7.151        0.034        0.085        0.063        0.073     -480.243
   315    107.000       11.398        -0.268        -0.515        0.045        0.015        0.011        0.191     -480.658
   316    107.000        2.497        -4.679        -4.457        0.045        0.062        0.046        0.186     -480.658
   317    107.000        1.000         9.501         7.263        0.045        0.155        0.116        0.084     -480.658
   318    107.000        0.164      -101.100      -612.803        0.045        0.947        0.705        0.031     -480.658
   319    107.000        0.120       -99.175      -601.065        0.045        1.297        0.966        0.037     -480.658
   320    107.000        0.118      -105.876      -606.577        0.045        1.315        0.979        0.021     -480.658
   321    107.000        0.115       -53.494      -602.877        0.045        1.350        1.006        0.045     -480.658
   322    107.000        0.113       -47.696      -610.431        0.045        1.504        1.120        0.036     -480.658
   323    107.000        0.090       -55.725      -613.841        0.045        1.732        1.290        0.025     -480.658
   324    107.000        0.084      -107.448      -598.557        0.045        1.840        1.370        0.027     -480.658
   325    107.000        0.081       461.815      -612.048        0.045        1.908        1.421        0.025     -480.658
   326    108.000       18.838        -0.333        -0.542        0.052        0.010        0.007        0.417     -481.074
   327    108.000        0.779         4.739         3.541        0.052        0.231        0.172        0.248     -481.074
   328    108.000        0.519        10.495         8.533        0.052        0.347        0.258        0.112     -481.074
       magilla    MFPRT(31DEC13)     745               09-NOV-2015   22:15:34               Page    7
 Row #      Plane     Peak int      X-offset      Y-offset     Err peak    Err X-off    Err Y-off    Resid rms     Velocity
           pixels      Jy/beam           mas           mas      Jy/beam          mas          mas           Jy         km/s
 
   329    108.000        0.121       -45.307      -611.238        0.052        1.482        1.104        0.030     -481.074
   330    108.000        0.109       613.688      -606.444        0.052        1.654        1.232        0.051     -481.074
   331    108.000        0.105       -45.398      -603.742        0.052        1.714        1.276        0.042     -481.074
   332    108.000        0.093       326.168      -606.388        0.052        1.944        1.447        0.043     -481.074
   333    109.000       23.863        -0.150        -0.325        0.055        0.008        0.006        0.400     -481.489
   334    109.000        0.269       523.362      -612.872        0.055        0.703        0.523        0.040     -481.489
   335    110.000       28.009        -0.035        -0.138        0.060        0.007        0.005        0.436     -481.904
   336    110.000        0.188       464.957      -614.017        0.060        1.084        0.808        0.033     -481.904
   337    110.000        0.096       467.452      -605.566        0.060        2.126        1.583        0.042     -481.904
   338    110.000        0.079       456.899      -608.147        0.060        2.597        1.934        0.044     -481.904
   339    111.000       30.953         0.049         0.012        0.061        0.007        0.005        0.497     -482.320
   340    111.000        0.215       523.314      -612.414        0.061        0.971        0.723        0.055     -482.320
   341    112.000       30.952         0.084         0.090        0.062        0.007        0.005        0.418     -482.735
   342    112.000        0.201       523.631      -611.886        0.062        1.059        0.788        0.055     -482.735
   343    113.000       26.769         0.073         0.115        0.054        0.007        0.005        0.291     -483.151
   344    113.000        0.220       524.565      -611.225        0.054        0.845        0.629        0.047     -483.151
   345    113.000        0.200       465.460      -614.244        0.054        0.927        0.690        0.037     -483.151
   346    113.000        0.095       536.448      -613.215        0.054        1.959        1.458        0.042     -483.151
   347    113.000        0.061       456.716      -608.520        0.054        3.020        2.249        0.045     -483.151
   348    114.000       18.471         0.078         0.118        0.042        0.008        0.006        0.191     -483.566
   349    114.000        0.104       -42.645      -612.005        0.041        1.509        1.124        0.032     -483.566
   350    114.000        0.088       -45.462      -605.323        0.042        1.638        1.219        0.033     -483.566
   351    115.000        9.108         0.020         0.075        0.025        0.009        0.007        0.106     -483.982
   352    115.000        0.078      -609.243      -601.849        0.025        1.079        0.804        0.035     -483.982
   353    116.000        3.044         0.072         0.088        0.015        0.017        0.013        0.032     -484.397
   354    116.000        0.037      -172.991      -611.791        0.015        1.426        1.062        0.014     -484.397
   355    116.000        0.023       383.998      -610.820        0.015        2.300        1.713        0.020     -484.397
   356    117.000        0.810         0.087         0.110        0.013        0.056        0.042        0.019     -484.813
   357    117.000        0.029      -324.464      -612.300        0.013        1.563        1.164        0.015     -484.813
   358    118.000        0.287         0.025         0.041        0.013        0.160        0.119        0.013     -485.228
   359    118.000        0.017       -52.254      -585.232        0.013        2.682        1.997        0.015     -485.228
   360    120.000        0.037      -553.005      -572.169        0.013        1.192        0.888        0.016     -486.059
   361    121.000        0.026       340.621      -605.412        0.013        1.723        1.283        0.013     -486.474
   362    122.000        0.039      -612.114      -559.993        0.013        1.126        0.839        0.017     -486.890
   363    123.000        0.050       180.072      -610.040        0.013        0.859        0.639        0.017     -487.305
   364    126.000        0.051      -386.767      -606.111        0.013        0.858        0.639        0.016     -488.552
   365    126.000        0.024       173.807      -513.063        0.013        1.813        1.350        0.013     -488.552
   366    127.000        0.076      -613.704      -603.580        0.012        0.535        0.398        0.017     -488.967
   367    127.000        0.055       610.948      -610.196        0.012        0.744        0.554        0.019     -488.967
   368    127.000        0.041       105.984      -606.524        0.012        0.997        0.742        0.015     -488.967
   369    128.000        0.048      -599.117      -598.686        0.013        0.967        0.720        0.015     -489.383
   370    128.000        0.034      -607.388      -592.586        0.013        1.369        1.020        0.017     -489.383
   371    129.000        0.043       312.913      -592.182        0.013        1.032        0.769        0.014     -489.798
   372    129.000        0.035       279.078      -606.333        0.013        1.276        0.950        0.016     -489.798
   373    130.000        0.037       592.302      -540.018        0.012        1.123        0.836        0.013     -490.213
   374    130.000        0.032      -420.749      -594.562        0.012        1.305        0.972        0.013     -490.213
   375    131.000        0.036      -493.591      -613.026        0.012        1.162        0.866        0.014     -490.629
   376    131.000        0.033       462.071      -438.624        0.012        1.278        0.952        0.015     -490.629
   377    132.000        0.038      -326.311      -613.155        0.013        1.162        0.865        0.013     -491.044
   378    132.000        0.034       366.603      -610.859        0.013        1.287        0.958        0.019     -491.044
   379    134.000        0.037      -535.392      -589.711        0.012        1.167        0.869        0.016     -491.875
   380    134.000        0.029      -492.842      -597.624        0.012        1.486        1.107        0.015     -491.875
   381    135.000        0.034      -190.741      -610.015        0.013        1.279        0.952        0.014     -492.291
   382    136.000        0.049       408.107      -609.753        0.013        0.915        0.682        0.012     -492.706
   383    136.000        0.034       440.475      -552.523        0.013        1.314        0.979        0.017     -492.706
       magilla    MFPRT(31DEC13)     745               09-NOV-2015   22:15:34               Page    8
 Row #      Plane     Peak int      X-offset      Y-offset     Err peak    Err X-off    Err Y-off    Resid rms     Velocity
           pixels      Jy/beam           mas           mas      Jy/beam          mas          mas           Jy         km/s
 
   384    137.000        0.031      -405.837      -607.559        0.013        1.444        1.075        0.016     -493.122
   385    138.000        0.046       532.871      -454.788        0.012        0.904        0.673        0.013     -493.537
   386    138.000        0.034        52.320      -526.339        0.012        1.225        0.912        0.011     -493.537
   387    140.000        0.045       195.929      -586.952        0.012        0.901        0.671        0.014     -494.368
   388    140.000        0.034       610.590      -599.617        0.012        1.185        0.882        0.020     -494.368
   389    142.000        0.091      -612.985       137.793        0.013        0.496        0.369        0.021     -495.199
   390    142.000        0.065       373.116      -612.453        0.013        0.696        0.518        0.011     -495.199
   391    143.000        0.050       606.547      -585.880        0.013        0.867        0.645        0.016     -495.614
   392    143.000        0.040       466.412      -608.621        0.013        1.083        0.807        0.015     -495.614
   393    143.000        0.022        86.286      -556.931        0.013        1.927        1.435        0.015     -495.614
   394    143.000        0.020      -225.881      -612.125        0.013        2.211        1.646        0.017     -495.614
   395    144.000        0.041      -141.615      -559.394        0.013        1.079        0.804        0.012     -496.030
   396    144.000        0.036      -603.767      -613.089        0.013        1.252        0.932        0.015     -496.030
   397    145.000        0.048      -377.670      -574.397        0.013        0.909        0.677        0.014     -496.445
   398    146.000        0.035       207.056      -612.412        0.012        1.230        0.916        0.016     -496.861
   399    147.000        0.040      -290.831      -584.486        0.013        1.125        0.838        0.013     -497.276
   400    147.000        0.031      -473.031      -599.652        0.013        1.447        1.078        0.015     -497.276
   401    148.000        0.030      -204.847      -403.086        0.012        1.362        1.014        0.015     -497.692
   402    148.000        0.026      -536.120      -603.669        0.012        1.567        1.167        0.015     -497.692
   403    150.000        0.053       471.352      -590.789        0.012        0.789        0.588        0.013     -498.522
   404    150.000        0.044      -608.659      -597.965        0.012        0.952        0.709        0.016     -498.522
   405    150.000        0.033       119.342      -609.730        0.012        1.253        0.933        0.014     -498.522
   406    150.000        0.032       -52.924      -574.687        0.012        1.292        0.962        0.016     -498.522
   407    150.000        0.032       612.445      -605.790        0.012        1.309        0.975        0.016     -498.522
   408    151.000        0.055        79.598      -596.309        0.013        0.779        0.580        0.018     -498.938
   409    151.000        0.050        85.623      -602.812        0.013        0.864        0.643        0.016     -498.938
   410    152.000        0.026       294.988      -607.033        0.012        1.590        1.184        0.016     -499.353
   411    153.000        0.047        94.066      -610.698        0.013        0.915        0.682        0.015     -499.769
   412    153.000        0.046       105.530      -609.618        0.013        0.939        0.699        0.013     -499.769
   413    153.000        0.032      -442.221      -525.695        0.013        1.354        1.008        0.015     -499.769
   414    154.000        0.056       470.602      -612.327        0.012        0.770        0.573        0.013     -500.184
   415    154.000        0.035       129.831      -614.367        0.012        1.235        0.920        0.014     -500.184
   416    154.000        0.032       193.352      -610.433        0.012        1.335        0.994        0.015     -500.184
   417    155.000        0.055       387.098      -594.981        0.012        0.770        0.574        0.014     -500.600
   418    156.000        0.045       -94.164      -602.753        0.012        0.944        0.703        0.017     -501.015
   419    156.000        0.037      -612.419      -603.281        0.012        1.151        0.857        0.017     -501.015
   420    156.000        0.036       -85.472      -590.502        0.012        1.186        0.883        0.015     -501.015
   421    156.000        0.027       -89.100      -610.105        0.012        1.559        1.161        0.017     -501.015
   422    156.000        0.026       -99.902      -610.612        0.012        1.601        1.192        0.015     -501.015
   423    157.000        0.037       460.033      -610.362        0.013        1.193        0.888        0.017     -501.431
   424    158.000        0.042       596.970      -611.478        0.013        1.045        0.778        0.015     -501.846
   425    159.000        0.090      -534.847        13.115        0.014        0.515        0.384        0.018     -502.261
   426    159.000        0.057       -85.029      -610.067        0.014        0.819        0.610        0.013     -502.261
   427    159.000        0.036       562.376      -608.329        0.014        1.281        0.954        0.016     -502.261
   428    161.000        0.079        32.199      -609.690        0.013        0.585        0.436        0.017     -503.092
   429    161.000        0.056       600.686      -610.655        0.013        0.829        0.617        0.018     -503.092
   430    161.000        0.043       609.080      -602.840        0.013        1.077        0.802        0.027     -503.092
   431    163.000        0.041      -603.477      -581.142        0.013        1.088        0.810        0.013     -503.923
   432    163.000        0.035       440.866      -550.362        0.013        1.273        0.948        0.015     -503.923
   433    163.000        0.029      -169.406      -612.219        0.013        1.535        1.143        0.016     -503.923
   434    163.000        0.025      -563.088      -552.253        0.013        1.752        1.305        0.014     -503.923
   435    164.000        0.034        92.265      -402.206        0.012        1.240        0.923        0.013     -504.339
   436    165.000        0.054       311.812      -612.629        0.013        0.803        0.598        0.013     -504.754
   437    165.000        0.043      -390.193      -609.164        0.013        0.994        0.740        0.017     -504.754
   438    165.000        0.037      -454.080      -612.767        0.013        1.156        0.861        0.013     -504.754
       magilla    MFPRT(31DEC13)     745               09-NOV-2015   22:15:34               Page    9
 Row #      Plane     Peak int      X-offset      Y-offset     Err peak    Err X-off    Err Y-off    Resid rms     Velocity
           pixels      Jy/beam           mas           mas      Jy/beam          mas          mas           Jy         km/s
 
   439    165.000        0.033      -114.524      -611.522        0.013        1.315        0.980        0.012     -504.754
   440    165.000        0.025       587.303      -605.604        0.013        1.720        1.281        0.014     -504.754
   441    166.000        0.050      -531.981      -570.223        0.013        0.899        0.669        0.013     -505.170
   442    167.000        0.029       433.251      -582.641        0.013        1.547        1.152        0.015     -505.585
   443    167.000        0.026      -371.026      -594.039        0.013        1.735        1.292        0.017     -505.585
   444    167.000        0.019        79.686      -588.369        0.013        2.399        1.787        0.015     -505.585
   445    168.000        0.028       -30.971      -571.160        0.013        1.562        1.164        0.013     -506.000
   446    169.000        0.053       548.590      -611.720        0.013        0.857        0.638        0.018     -506.416
   447    170.000        0.057      -492.355      -612.982        0.012        0.742        0.553        0.017     -506.831
   448    170.000        0.026       -47.127      -610.266        0.012        1.608        1.197        0.015     -506.831
   449    171.000        0.060      -611.891      -610.022        0.013        0.717        0.534        0.010     -507.247
   450    171.000        0.041      -167.003      -519.292        0.013        1.046        0.779        0.014     -507.247
   451    171.000        0.035        76.573      -489.255        0.013        1.239        0.923        0.015     -507.247
   452    172.000        0.044       381.678      -613.945        0.013        1.013        0.754        0.014     -507.662
   453    172.000        0.037       397.749      -564.256        0.013        1.193        0.889        0.014     -507.662
   454    172.000        0.022      -350.985      -432.858        0.013        2.036        1.516        0.016     -507.662
   455    173.000        0.053       594.226      -612.552        0.013        0.832        0.620        0.016     -508.078
   456    174.000        0.034      -546.784      -578.591        0.012        1.200        0.894        0.013     -508.493
   457    174.000        0.032      -237.385      -466.574        0.012        1.290        0.960        0.017     -508.493
   458    174.000        0.026       119.808      -565.952        0.012        1.557        1.160        0.015     -508.493
   459    175.000        0.030      -420.171      -552.507        0.012        1.417        1.055        0.015     -508.909
   460    175.000        0.029      -386.416      -529.403        0.012        1.475        1.098        0.014     -508.909
   461    176.000        0.036      -589.915      -559.293        0.012        1.179        0.878        0.012     -509.324
   462    176.000        0.028       382.883      -503.408        0.012        1.517        1.130        0.014     -509.324
   463    178.000        0.037       368.027      -611.968        0.013        1.209        0.901        0.015     -510.155
   464    179.000        0.032      -236.000      -607.524        0.012        1.305        0.972        0.017     -510.570
   465    182.000        0.036       318.461      -608.435        0.013        1.242        0.925        0.018     -511.817
   466    184.000        0.042       600.308      -595.676        0.012        1.012        0.754        0.017     -512.648
   467    184.000        0.039       105.552      -485.934        0.012        1.085        0.808        0.014     -512.648
   468    185.000        0.102      -613.681       320.008        0.013        0.432        0.322        0.015     -513.063
   469    185.000        0.082       609.632       392.822        0.013        0.533        0.397        0.015     -513.063
   470    185.000        0.045      -601.859      -500.351        0.013        0.975        0.726        0.019     -513.063
   471    185.000        0.038      -609.460      -493.973        0.013        1.159        0.863        0.019     -513.063
   472    186.000        0.103       613.774        17.990        0.013        0.424        0.315        0.014     -513.479
   473    187.000        0.034       467.992      -605.842        0.013        1.257        0.936        0.016     -513.894
   474    188.000        0.032       -50.880      -472.005        0.012        1.345        1.001        0.014     -514.309
   475    189.000        0.029       568.961      -517.812        0.013        1.521        1.132        0.015     -514.725
   476    190.000        0.037       601.180      -598.502        0.012        1.126        0.839        0.020     -515.140
   477    191.000        0.094       126.446      -493.123        0.012        0.451        0.336        0.015     -515.556
   478    191.000        0.045       132.589      -499.315        0.012        1.041        0.775        0.015     -515.556
   479    191.000        0.029      -321.258      -596.698        0.012        1.489        1.109        0.013     -515.556
   480    191.000        0.027       295.848      -546.914        0.012        1.577        1.174        0.015     -515.556
   481    192.000        0.192       128.745      -493.393        0.013        0.225        0.167        0.013     -515.971
   482    192.000        0.034      -315.117      -610.155        0.013        1.266        0.943        0.015     -515.971
   483    193.000        0.372       128.126      -493.134        0.013        0.121        0.090        0.014     -516.387
   484    193.000        0.025       469.883      -598.951        0.013        1.769        1.318        0.016     -516.387
   485    193.000        0.022      -347.689      -607.691        0.013        2.014        1.500        0.014     -516.387
   486    194.000        0.822       127.532      -493.085        0.014        0.057        0.042        0.022     -516.802
   487    194.000        0.081       478.647      -614.044        0.014        0.576        0.429        0.011     -516.802
   488    194.000        0.043       472.286      -607.685        0.014        1.085        0.808        0.014     -516.802
   489    195.000        1.263       127.502      -492.860        0.014        0.038        0.028        0.013     -517.218
   490    195.000        0.156        -3.967      -375.240        0.014        0.335        0.250        0.008     -517.218
   491    195.000        0.156       120.271      -496.671        0.014        0.336        0.250        0.012     -517.218
   492    195.000        0.080      -348.071      -274.689        0.014        0.598        0.445        0.015     -517.218
   493    195.000        0.068        -0.392      -379.878        0.014        0.702        0.523        0.009     -517.218
       magilla    MFPRT(31DEC13)     745               09-NOV-2015   22:15:34               Page   10
 Row #      Plane     Peak int      X-offset      Y-offset     Err peak    Err X-off    Err Y-off    Resid rms     Velocity
           pixels      Jy/beam           mas           mas      Jy/beam          mas          mas           Jy         km/s
 
   494    195.000        0.066       252.784      -613.833        0.014        0.729        0.543        0.014     -517.218
   495    195.000        0.040       529.083      -614.349        0.014        1.217        0.906        0.017     -517.218
   496    195.000        0.030      -206.007      -614.144        0.014        1.579        1.176        0.015     -517.218
   497    196.000        1.738       127.280      -492.687        0.014        0.027        0.020        0.018     -517.633
   498    196.000        0.211       120.503      -496.567        0.014        0.242        0.180        0.017     -517.633
   499    196.000        0.209        -3.830      -375.867        0.014        0.224        0.167        0.017     -517.633
   500    196.000        0.041       596.684      -612.802        0.014        1.147        0.854        0.017     -517.633
   501    197.000        2.270       126.967      -492.666        0.015        0.022        0.016        0.045     -518.048
   502    197.000        0.062       249.725      -613.109        0.015        0.810        0.603        0.013     -518.048
   503    197.000        0.023       -40.557      -606.473        0.015        2.194        1.634        0.021     -518.048
   504    198.000        2.622       126.779      -492.502        0.015        0.019        0.014        0.041     -518.464
   505    198.000        0.175       119.911      -497.396        0.015        0.286        0.213        0.030     -518.464
   506    198.000        0.071       243.547      -609.755        0.015        0.708        0.527        0.014     -518.464
   507    198.000        0.054       250.160      -612.770        0.015        0.936        0.697        0.013     -518.464
   508    199.000        2.656       126.821      -492.377        0.015        0.019        0.014        0.065     -518.879
   509    199.000        0.073       527.921      -613.953        0.015        0.705        0.525        0.012     -518.879
   510    199.000        0.047       514.622      -614.007        0.015        1.108        0.825        0.012     -518.879
   511    200.000        2.357       126.875      -492.170        0.015        0.021        0.016        0.087     -519.295
   512    200.000        0.039      -131.978      -609.856        0.015        1.311        0.976        0.013     -519.295
   513    201.000        1.505       126.160      -492.350        0.014        0.034        0.026        0.035     -519.710
   514    201.000        0.599       131.351      -490.546        0.014        0.079        0.059        0.032     -519.710
   515    201.000        0.029      -192.654      -612.341        0.014        1.663        1.238        0.018     -519.710
   516    201.000        0.027      -544.963      -609.523        0.014        1.768        1.317        0.014     -519.710
   517    202.000        0.049       570.879      -613.660        0.014        0.999        0.744        0.015     -520.126
   518    202.000        0.036       341.927      -613.495        0.014        1.371        1.021        0.015     -520.126
   519    202.000        0.033      -324.168      -606.948        0.014        1.468        1.093        0.016     -520.126
   520    202.000        0.033      -331.525      -613.702        0.014        1.473        1.097        0.015     -520.126
   521    203.000        0.977       131.443      -490.474        0.013        0.051        0.038        0.024     -520.541
   522    203.000        0.490       125.737      -492.694        0.013        0.093        0.069        0.023     -520.541
   523    203.000        0.098       164.789      -395.752        0.013        0.468        0.349        0.010     -520.541
   524    204.000        0.914       131.896      -490.290        0.013        0.055        0.041        0.027     -520.957
   525    204.000        0.286       125.486      -492.277        0.014        0.162        0.121        0.024     -520.957
   526    205.000        0.816       132.016      -490.261        0.013        0.058        0.043        0.024     -521.372
   527    205.000        0.220       125.835      -492.760        0.013        0.198        0.147        0.021     -521.372
   528    205.000        0.033      -330.656      -610.523        0.013        1.336        0.995        0.015     -521.372
   529    206.000        0.706       131.937      -489.980        0.013        0.070        0.052        0.022     -521.787
   530    206.000        0.200       125.293      -492.244        0.013        0.227        0.169        0.023     -521.787
   531    206.000        0.037       144.929      -593.023        0.013        1.233        0.918        0.015     -521.787
   532    206.000        0.033       296.267      -604.705        0.013        1.381        1.028        0.014     -521.787
   533    206.000        0.032       408.604      -569.956        0.013        1.415        1.053        0.016     -521.787
   534    206.000        0.020      -481.841      -607.418        0.013        2.312        1.722        0.018     -521.787
   535    207.000        0.630       131.963      -489.842        0.013        0.068        0.051        0.030     -522.203
   536    207.000        0.084      -613.615       224.350        0.013        0.510        0.380        0.015     -522.203
   537    207.000        0.031      -439.200      -613.518        0.013        1.384        1.031        0.011     -522.203
   538    207.000        0.027       -31.797      -511.286        0.013        1.583        1.179        0.011     -522.203
   539    208.000        0.349       132.488      -489.757        0.013        0.139        0.104        0.015     -522.618
   540    208.000        0.080       125.262      -492.605        0.013        0.562        0.418        0.014     -522.618
   541    208.000        0.055       118.751      -487.506        0.013        0.815        0.607        0.015     -522.618
   542    208.000        0.035       -65.897      -601.623        0.013        1.267        0.943        0.013     -522.618
   543    208.000        0.035      -128.560      -529.555        0.013        1.291        0.961        0.016     -522.618
   544    208.000        0.032       577.194      -447.371        0.013        1.411        1.050        0.015     -522.618
   545    209.000        0.262       132.639      -489.451        0.012        0.180        0.134        0.013     -523.034
   546    209.000        0.084       609.137       567.793        0.013        0.517        0.385        0.016     -523.034
   547    209.000        0.075       126.025      -491.590        0.013        0.577        0.430        0.014     -523.034
   548    209.000        0.039       470.168      -587.991        0.013        1.111        0.828        0.013     -523.034
       magilla    MFPRT(31DEC13)     745               09-NOV-2015   22:15:34               Page   11
 Row #      Plane     Peak int      X-offset      Y-offset     Err peak    Err X-off    Err Y-off    Resid rms     Velocity
           pixels      Jy/beam           mas           mas      Jy/beam          mas          mas           Jy         km/s
 
   549    209.000        0.029      -460.978      -600.463        0.013        1.488        1.108        0.016     -523.034
   550    210.000        0.147       131.916      -489.325        0.012        0.284        0.212        0.016     -523.449
   551    212.000        0.083      -612.830        84.642        0.013        0.528        0.393        0.014     -524.280
   552    212.000        0.050       -92.624      -611.614        0.013        0.872        0.650        0.016     -524.280
   553    212.000        0.046       430.101      -612.455        0.013        0.962        0.717        0.012     -524.280
   554    212.000        0.030        83.067      -610.678        0.013        1.462        1.089        0.014     -524.280
   555    213.000        0.033      -589.032      -607.231        0.012        1.242        0.925        0.017     -524.696
   556    213.000        0.025       111.214      -346.261        0.012        1.632        1.216        0.014     -524.696
   557    214.000        0.045      -281.408      -514.273        0.012        0.933        0.695        0.014     -525.111
   558    214.000        0.045      -545.800      -575.489        0.012        0.934        0.695        0.010     -525.111
   559    214.000        0.036      -502.294      -554.248        0.012        1.154        0.859        0.016     -525.111
   560    214.000        0.029       -42.658      -554.985        0.012        1.427        1.063        0.013     -525.111
   561    215.000        0.097       612.216       382.784        0.013        0.473        0.352        0.021     -525.527
   562    215.000        0.087      -345.839       609.996        0.013        0.529        0.394        0.015     -525.527
   563    215.000        0.050       457.513      -611.406        0.013        0.913        0.680        0.018     -525.527
   564    215.000        0.041       446.009      -609.674        0.013        1.127        0.839        0.017     -525.527
   565    215.000        0.030       -51.044      -614.020        0.013        1.514        1.128        0.013     -525.527
   566    218.000        0.058      -603.142      -608.212        0.012        0.731        0.544        0.013     -526.773
   567    218.000        0.050       115.100      -505.626        0.012        0.853        0.636        0.012     -526.773
   568    218.000        0.046       336.648      -508.040        0.012        0.925        0.689        0.014     -526.773
   569    218.000        0.034       609.867      -498.451        0.012        1.242        0.925        0.014     -526.773
   570    219.000        0.091        41.105       610.844        0.013        0.497        0.370        0.017     -527.188
   571    219.000        0.035       142.764      -609.484        0.013        1.292        0.962        0.017     -527.188
   572    222.000        0.053       487.339      -613.644        0.013        0.832        0.619        0.016     -528.435
   573    223.000        0.048      -305.310      -614.254        0.013        0.901        0.671        0.014     -528.850
   574    223.000        0.044      -608.357      -613.299        0.013        0.988        0.736        0.014     -528.850
   575    225.000        0.070      -291.249      -610.481        0.013        0.660        0.491        0.017     -529.681
   576    225.000        0.042      -298.009      -604.778        0.013        1.089        0.811        0.019     -529.681
   577    226.000        0.046       471.773      -604.287        0.012        0.914        0.680        0.013     -530.096
   578    227.000        0.027       348.391      -613.499        0.013        1.657        1.234        0.015     -530.512
   579    227.000        0.025      -424.984      -500.211        0.013        1.749        1.303        0.015     -530.512
   580    229.000        0.045      -229.489      -610.848        0.013        1.008        0.751        0.012     -531.343
   581    229.000        0.040       -42.386      -606.509        0.013        1.137        0.847        0.016     -531.343
   582    229.000        0.033       521.001      -609.888        0.013        1.373        1.023        0.018     -531.343
   583    229.000        0.025       -50.409      -611.303        0.013        1.769        1.317        0.017     -531.343
   584    230.000        0.038      -105.788      -527.120        0.012        1.116        0.831        0.017     -531.758
   585    230.000        0.030      -564.965      -591.766        0.012        1.437        1.070        0.014     -531.758
   586    231.000        0.063      -611.839      -608.904        0.014        0.757        0.564        0.021     -532.174
   587    231.000        0.054      -183.253      -610.165        0.014        0.889        0.662        0.012     -532.174
   588    231.000        0.036       255.133      -613.119        0.014        1.314        0.978        0.018     -532.174
   589    232.000        0.039      -503.415      -523.537        0.013        1.143        0.851        0.014     -532.589
   590    233.000        0.053        84.523      -610.623        0.013        0.850        0.633        0.015     -533.005
   591    233.000        0.047       -68.720      -609.612        0.013        0.945        0.703        0.016     -533.005
   592    233.000        0.024      -443.411      -602.952        0.013        1.842        1.372        0.018     -533.005
   593    234.000        0.054       596.684      -614.398        0.013        0.840        0.625        0.011     -533.420
   594    234.000        0.028      -221.793      -614.121        0.013        1.614        1.202        0.015     -533.420
   595    235.000        0.039       277.357      -604.952        0.012        1.095        0.815        0.015     -533.835
   596    235.000        0.034       285.020      -610.256        0.012        1.255        0.934        0.015     -533.835
   597    235.000        0.033       -57.047      -596.274        0.012        1.267        0.944        0.016     -533.835
   598    235.000        0.029       453.974      -597.941        0.012        1.446        1.077        0.016     -533.835
   599    237.000        0.050        14.137      -565.851        0.012        0.849        0.633        0.014     -534.666
   600    237.000        0.037       502.685      -609.053        0.012        1.151        0.857        0.014     -534.666
   601    237.000        0.036      -612.275      -492.893        0.012        1.186        0.883        0.018     -534.666
   602    237.000        0.033      -613.509      -467.404        0.012        1.314        0.978        0.019     -534.666
   603    237.000        0.031      -602.602      -489.056        0.012        1.373        1.022        0.017     -534.666
       magilla    MFPRT(31DEC13)     745               09-NOV-2015   22:15:34               Page   12
 Row #      Plane     Peak int      X-offset      Y-offset     Err peak    Err X-off    Err Y-off    Resid rms     Velocity
           pixels      Jy/beam           mas           mas      Jy/beam          mas          mas           Jy         km/s
 
   604    238.000        0.032       120.841      -608.388        0.013        1.354        1.008        0.015     -535.082
   605    238.000        0.028        95.752      -447.323        0.013        1.562        1.163        0.013     -535.082
   606    238.000        0.027      -236.103      -512.299        0.013        1.585        1.180        0.013     -535.082
   607    238.000        0.027       600.599      -572.343        0.013        1.604        1.194        0.018     -535.082
   608    239.000        0.031       357.051      -503.761        0.013        1.389        1.034        0.016     -535.497
   609    240.000        0.044      -548.289      -501.529        0.012        0.960        0.715        0.015     -535.913
   610    241.000        0.039      -612.872      -508.644        0.012        1.095        0.815        0.015     -536.328
   611    241.000        0.037      -518.148      -518.538        0.012        1.167        0.869        0.016     -536.328
   612    241.000        0.030      -588.350      -601.848        0.012        1.404        1.046        0.017     -536.328
   613    244.000        0.050      -509.596      -608.075        0.013        0.927        0.691        0.019     -537.575
   614    245.000        0.069       332.962       612.520        0.013        0.623        0.464        0.019     -537.990
   615    245.000        0.048       540.370      -595.428        0.013        0.890        0.663        0.014     -537.990
   616    245.000        0.034        90.612      -604.581        0.013        1.276        0.950        0.013     -537.990
   617    245.000        0.027       -94.187      -602.312        0.013        1.605        1.195        0.015     -537.990
   618    245.000        0.026       457.988      -600.361        0.013        1.656        1.233        0.015     -537.990
   619    246.000        0.061        90.943      -608.030        0.013        0.745        0.555        0.015     -538.405
   620    246.000        0.027       329.464      -613.366        0.013        1.666        1.241        0.021     -538.405
   621    247.000        0.049        24.155      -610.497        0.013        0.902        0.672        0.016     -538.821
   622    247.000        0.046        35.017      -605.615        0.013        0.954        0.711        0.015     -538.821
   623    247.000        0.036       304.764      -595.132        0.013        1.222        0.910        0.016     -538.821
   624    247.000        0.035       184.370      -603.175        0.013        1.249        0.930        0.015     -538.821
   625    247.000        0.035       505.593      -604.215        0.013        1.253        0.933        0.016     -538.821
   626    247.000        0.028      -355.892      -600.812        0.013        1.607        1.197        0.013     -538.821
   627    248.000        0.046       250.477      -613.923        0.013        0.973        0.724        0.012     -539.236
   628    248.000        0.030      -563.175      -613.250        0.013        1.477        1.100        0.013     -539.236
   629    248.000        0.021      -272.034      -596.839        0.013        2.140        1.594        0.016     -539.236
   630    249.000        0.136       610.399      -614.386        0.013        0.332        0.247        0.020     -539.652
   631    249.000        0.100       204.947      -611.464        0.013        0.453        0.337        0.017     -539.652
   632    250.000        0.036       123.028      -607.870        0.013        1.222        0.910        0.014     -540.067
   633    250.000        0.027       277.508      -609.485        0.013        1.624        1.209        0.013     -540.067
   634    250.000        0.024       443.247      -566.767        0.013        1.838        1.369        0.016     -540.067
   635    251.000        0.157       -69.555      -170.969        0.012        0.268        0.199        0.013     -540.483
   636    251.000        0.036       593.935      -611.391        0.012        1.153        0.858        0.017     -540.483
   637    251.000        0.032        10.197      -606.678        0.012        1.326        0.988        0.014     -540.483
   638    251.000        0.029        72.373      -603.223        0.012        1.466        1.092        0.013     -540.483
   639    251.000        0.026      -348.404      -424.479        0.012        1.599        1.191        0.013     -540.483
   640    252.000        0.065      -604.092      -614.275        0.013        0.659        0.491        0.018     -540.898
   641    252.000        0.038       596.433      -599.133        0.013        1.142        0.850        0.014     -540.898
   642    252.000        0.026      -608.218      -606.350        0.013        1.673        1.246        0.019     -540.898
   643    253.000        0.043       287.811      -507.991        0.012        0.974        0.725        0.014     -541.314
   644    253.000        0.040       -91.420      -605.986        0.012        1.046        0.779        0.015     -541.314
   645    253.000        0.032         2.300      -611.723        0.012        1.314        0.979        0.014     -541.314
   646    253.000        0.032       427.706      -298.744        0.012        1.319        0.983        0.016     -541.314
   647    254.000        0.036       477.362      -612.703        0.013        1.259        0.937        0.012     -541.729
   648    255.000        0.039       610.167      -609.536        0.012        1.108        0.825        0.022     -542.144
   649    255.000        0.030      -437.405      -610.825        0.012        1.434        1.068        0.018     -542.144
   650    256.000        0.057       402.564      -613.930        0.013        0.761        0.567        0.018     -542.560
   651    257.000        0.034      -259.379      -569.469        0.012        1.236        0.920        0.015     -542.975
   652    260.000        0.033      -403.614      -596.382        0.012        1.285        0.957        0.016     -544.222
   653    260.000        0.029       108.319      -607.844        0.012        1.452        1.081        0.017     -544.222
   654    261.000        0.038       602.279      -613.038        0.013        1.126        0.839        0.016     -544.637
   655    262.000        0.058      -375.352      -613.547        0.013        0.746        0.555        0.018     -545.053
   656    262.000        0.053      -207.198      -609.084        0.013        0.805        0.599        0.017     -545.053
   657    262.000        0.045       -37.856      -609.504        0.013        0.956        0.712        0.018     -545.053
   658    262.000        0.032        17.052      -613.390        0.013        1.343        1.000        0.016     -545.053
       magilla    MFPRT(31DEC13)     745               09-NOV-2015   22:15:34               Page   13
 Row #      Plane     Peak int      X-offset      Y-offset     Err peak    Err X-off    Err Y-off    Resid rms     Velocity
           pixels      Jy/beam           mas           mas      Jy/beam          mas          mas           Jy         km/s
 
   659    265.000        0.040        60.050      -606.846        0.012        1.060        0.789        0.017     -546.299
   660    266.000        0.105       356.152      -613.841        0.012        0.403        0.300        0.012     -546.714
   661    266.000        0.034      -289.772      -614.082        0.012        1.245        0.927        0.015     -546.714
   662    266.000        0.032      -542.943      -389.605        0.012        1.332        0.992        0.013     -546.714
   663    267.000        0.068      -578.842      -612.779        0.013        0.648        0.482        0.010     -547.130
   664    267.000        0.027      -319.233      -538.976        0.013        1.620        1.207        0.017     -547.130
   665    267.000        0.023      -469.821      -501.354        0.013        1.882        1.401        0.018     -547.130
   666    268.000        0.046       168.064      -575.046        0.013        0.971        0.723        0.015     -547.545
   667    268.000        0.040      -197.771      -609.231        0.013        1.092        0.813        0.015     -547.545
   668    268.000        0.035      -564.165      -531.325        0.013        1.267        0.944        0.014     -547.545
   669    268.000        0.023       487.488      -592.853        0.013        1.882        1.401        0.015     -547.545
   670    269.000        0.040       609.829      -584.818        0.013        1.116        0.831        0.016     -547.961
   671    269.000        0.030      -221.694      -608.139        0.013        1.462        1.089        0.016     -547.961
   672    270.000        0.097       302.763       612.433        0.013        0.469        0.349        0.015     -548.376
   673    270.000        0.037        23.338      -613.072        0.013        1.214        0.904        0.014     -548.376
   674    270.000        0.034       310.043       606.889        0.013        1.435        1.069        0.017     -548.376
   675    270.000        0.032        15.123      -608.494        0.013        1.408        1.049        0.015     -548.376
   676    271.000        0.050      -502.980      -609.476        0.013        0.876        0.652        0.013     -548.792
   677    271.000        0.032      -373.708      -610.640        0.013        1.390        1.035        0.012     -548.792
   678    272.000        0.051      -600.845      -608.622        0.013        0.851        0.634        0.015     -549.207
   679    273.000        0.030       530.391      -543.228        0.013        1.448        1.078        0.018     -549.622
   680    274.000        0.041        39.168      -612.638        0.012        1.040        0.774        0.013     -550.038
   681    275.000        0.067      -608.202      -551.196        0.012        0.635        0.473        0.021     -550.453
   682    275.000        0.048       178.213      -611.176        0.012        0.887        0.660        0.015     -550.453
   683    275.000        0.032       578.625      -571.075        0.012        1.354        1.009        0.014     -550.453
   684    276.000        0.048       279.841      -608.872        0.012        0.894        0.666        0.016     -550.869
   685    276.000        0.033      -115.529      -607.655        0.012        1.303        0.970        0.019     -550.869
   686    276.000        0.027        21.160      -613.291        0.012        1.571        1.170        0.015     -550.869
   687    277.000        0.055        86.955      -612.258        0.013        0.787        0.586        0.009     -551.284
   688    278.000        0.047      -458.852      -611.432        0.013        0.962        0.717        0.014     -551.700
   689    279.000        0.055      -446.205      -603.169        0.012        0.765        0.569        0.014     -552.115
   690    279.000        0.040      -377.756      -596.087        0.012        1.059        0.789        0.014     -552.115
   691    279.000        0.040      -444.255      -611.680        0.012        1.059        0.789        0.012     -552.115
