     1    784.000       13.175      -578.004       237.255        0.074        0.020        0.015        0.127     -497.640
     2    785.000       17.868      -578.006       237.150        0.096        0.019        0.014        0.160     -498.277
     3    786.000       21.928      -577.915       237.006        0.129        0.022        0.016        0.213     -498.913
     4    787.000       25.103      -577.884       236.857        0.151        0.023        0.016        0.245     -499.550
     5    788.000       26.606      -577.699       236.712        0.180        0.027        0.018        0.310     -500.187
     6    789.000       26.565      -577.175       236.506        0.197        0.031        0.020        0.429     -500.824
     7    790.000       25.394      -576.291       236.247        0.217        0.039        0.023        0.488     -501.461
     8    790.000       14.987      -530.514       222.603        0.221        0.054        0.044        1.237     -501.461
     9    791.000       24.576      -574.826       235.936        0.235        0.046        0.027        0.341     -502.097
    10    791.000       22.377      -530.474       222.462        0.242        0.038        0.032        1.644     -502.097
    11    792.000       31.895      -530.554       222.480        0.270        0.029        0.024        1.702     -502.734
    12    792.000       24.942      -573.707       235.634        0.264        0.047        0.030        0.446     -502.734
    13    793.000       41.753      -530.594       222.499        0.312        0.025        0.021        1.868     -503.371
    14    793.000       25.130      -572.903       235.370        0.306        0.049        0.035        0.616     -503.371
    15    794.000       50.521      -530.640       222.541        0.341        0.022        0.019        1.901     -504.008
    16    794.000       25.581      -572.439       235.107        0.334        0.050        0.039        0.769     -504.008
    17    795.000       57.328      -530.681       222.605        0.367        0.021        0.017        1.551     -504.645
    18    795.000       23.687      -572.029       234.749        0.358        0.059        0.046        1.030     -504.645
    19    796.000       59.560      -530.739       222.632        0.369        0.020        0.017        1.443     -505.281
    20    796.000       21.373      -571.396       234.289        0.358        0.067        0.053        1.377     -505.281
    21    797.000       56.971      -530.799       222.652        0.354        0.021        0.017        1.323     -505.918
    22    797.000       16.728      -570.629       233.900        0.341        0.087        0.065        1.658     -505.918
    23    798.000       51.135      -530.965       222.644        0.333        0.022        0.017        1.411     -506.555
    24    798.000       11.363      -569.932       233.808        0.318        0.127        0.091        1.580     -506.555
    25    799.000       44.488      -531.312       222.680        0.289        0.024        0.018        1.351     -507.192
    26    799.000       10.830      -546.132       225.388        0.269        0.196        0.113        0.604     -507.192
    27    800.000       37.036      -531.910       222.758        0.243        0.026        0.018        1.193     -507.829
    28    800.000       13.292      -545.510       225.201        0.233        0.100        0.065        0.717     -507.829
    29    801.000       30.411      -533.110       222.966        0.219        0.035        0.021        0.926     -508.465
    30    801.000       12.606      -545.037       224.912        0.219        0.073        0.062        0.875     -508.465
    31    802.000       31.379      -534.097       222.854        0.214        0.034        0.021        1.311     -509.102
    32    803.000       35.169      -533.378       222.098        0.208        0.028        0.020        1.194     -509.739
    33    804.000       43.819      -532.280       221.203        0.222        0.023        0.017        0.899     -510.376
    34    805.000       55.689      -531.586       220.609        0.264        0.020        0.015        0.704     -511.013
    35    806.000       63.573      -531.229       220.314        0.307        0.020        0.015        0.673     -511.649
    36    807.000       66.504      -531.048       220.136        0.332        0.020        0.015        0.632     -512.286
    37    808.000       60.959      -530.762       219.961        0.341        0.022        0.017        0.570     -512.923
    38    808.000       16.531      -510.511       217.844        0.345        0.072        0.057        0.639     -512.923
    39    809.000       49.643      -530.523       219.784        0.360        0.028        0.021        0.544     -513.560
    40    809.000       24.394      -510.587       217.802        0.364        0.051        0.041        0.494     -513.560
    41    810.000       36.436      -530.030       219.514        0.354        0.037        0.028        0.528     -514.197
    42    810.000       28.836      -510.494       217.616        0.355        0.043        0.035        0.531     -514.197
    43    810.000       11.427      -494.000       213.617        0.347        0.123        0.092        0.697     -514.197
    44    811.000       29.185      -510.365       217.323        0.338        0.044        0.034        0.738     -514.833
    45    811.000       22.281      -529.398       219.186        0.342        0.055        0.043        0.468     -514.833
    46    811.000       17.153      -493.607       213.649        0.332        0.081        0.058        0.843     -514.833
    47    812.000       25.678      -510.139       216.937        0.335        0.055        0.041        0.851     -515.470
    48    812.000       23.908      -492.937       213.773        0.330        0.063        0.041        0.937     -515.470
    49    812.000       11.993      -528.631       218.818        0.342        0.101        0.081        0.458     -515.470
    50    813.000       28.202      -492.190       214.022        0.366        0.075        0.038        0.947     -516.107
    51    813.000       18.041      -509.628       216.433        0.374        0.094        0.068        0.929     -516.107
    52    814.000       36.636      -490.906       214.153        0.492        0.074        0.039        1.310     -516.744
    53    814.000       12.238      -508.068       215.202        0.494        0.210        0.154        0.994     -516.744
    54    815.000       52.337      -489.735       214.193        0.684        0.055        0.038        1.736     -517.381
    55    816.000       70.248      -489.064       214.152        0.881        0.046        0.036        1.531     -518.017
    56    817.000       82.674      -488.585       214.120        0.974        0.041        0.034        1.517     -518.654
    57    818.000       82.618      -488.198       214.021        1.037        0.045        0.036        2.334     -519.291
    58    819.000       76.527      -487.949       213.897        1.020        0.048        0.039        3.018     -519.928
    59    820.000       62.147      -487.697       213.621        0.947        0.058        0.045        3.354     -520.565
    60    820.000        8.263      -460.321       198.180        0.909        0.561        0.410        2.054     -520.565
    61    821.000       51.700      -487.652       213.442        0.743        0.055        0.043        2.818     -521.201
    62    821.000        9.539      -460.627       198.300        0.726        0.327        0.258        1.760     -521.201
    63    822.000       42.833      -487.751       213.191        0.496        0.044        0.034        2.053     -521.838
    64    823.000       34.828      -487.938       212.978        0.303        0.032        0.025        1.252     -522.475
    65    824.000       26.810      -488.152       212.831        0.184        0.024        0.019        0.702     -523.112
    66    825.000       19.311      -488.147       212.708        0.128        0.023        0.019        0.409     -523.749
    67    826.000       13.422      -488.278       212.708        0.111        0.028        0.023        0.233     -524.386
    68    829.000       13.870         0.054         0.005        0.106        0.024        0.020        0.104     -526.296
    69    830.000       32.701         0.015        -0.030        0.148        0.014        0.012        0.150     -526.933
    70    831.000       71.946        -0.003        -0.040        0.252        0.011        0.009        0.279     -527.570
    71    832.000      135.309        -0.005        -0.034        0.456        0.010        0.009        0.544     -528.206
    72    833.000      210.708        -0.006        -0.013        0.689        0.010        0.008        0.781     -528.843
    73    834.000      269.887        -0.012         0.004        0.880        0.010        0.008        0.920     -529.480
    74    835.000      285.491        -0.013         0.037        0.911        0.010        0.008        0.910     -530.117
    75    836.000      249.829        -0.018         0.071        0.815        0.010        0.008        0.789     -530.754
    76    837.000      175.741        -0.021         0.106        0.587        0.010        0.009        0.594     -531.390
    77    838.000       97.236        -0.025         0.142        0.399        0.013        0.011        0.379     -532.027
    78    839.000       42.708        -0.025         0.176        0.312        0.023        0.019        0.265     -532.664
    79    840.000       15.709        -0.039         0.230        0.286        0.058        0.048        0.244     -533.301
    80    850.000       18.791        42.890       -97.070        0.999        0.212        0.182        1.852     -539.669
    81    851.000       35.806        42.840       -97.129        0.913        0.095        0.085        2.444     -540.306
    82    852.000       58.679        42.822       -97.147        0.849        0.051        0.046        1.348     -540.942
    83    852.000       11.089        49.238      -104.152        0.866        0.271        0.172        1.158     -540.942
    84    853.000       80.006        42.867       -97.294        0.820        0.036        0.033        1.593     -541.579
    85    853.000       13.171        48.821      -104.308        0.836        0.206        0.131        1.397     -541.579
    86    854.000       92.917        43.017       -97.586        0.798        0.031        0.029        2.087     -542.216
    87    854.000       14.176        48.951      -104.533        0.817        0.187        0.115        1.723     -542.216
    88    855.000       95.392        43.209       -97.991        0.781        0.030        0.029        3.630     -542.853
    89    856.000       90.285        43.422       -98.415        0.762        0.033        0.031        3.315     -543.490
    90    856.000       26.500       367.586      -349.344        0.759        0.124        0.093        0.754     -543.490
    91    857.000       82.038        43.776       -98.962        0.727        0.038        0.034        2.640     -544.126
    92    857.000       49.542       367.369      -349.349        0.735        0.060        0.046        0.821     -544.126
    93    858.000       74.253        44.126       -99.447        0.730        0.043        0.038        1.880     -544.763
    94    858.000       71.881       367.330      -349.481        0.741        0.041        0.032        0.972     -544.763
    95    859.000       80.514       367.164      -349.544        0.711        0.036        0.027        1.189     -545.400
    96    859.000       65.524        44.514       -99.903        0.703        0.047        0.041        1.410     -545.400
    97    860.000       78.561       367.154      -349.718        0.626        0.032        0.025        1.094     -546.037
    98    860.000       55.311        44.793      -100.272        0.619        0.049        0.043        1.051     -546.037
    99    861.000       63.025       367.042      -349.898        0.550        0.036        0.027        0.912     -546.674
   100    861.000       44.499        44.945      -100.482        0.546        0.053        0.046        0.830     -546.674
   101    862.000       43.501       366.614      -349.926        0.406        0.039        0.030        0.819     -547.310
   102    862.000       34.328        44.830      -100.564        0.405        0.051        0.044        0.583     -547.310
   103    863.000       25.396        44.513      -100.486        0.317        0.054        0.047        0.430     -547.947
   104    863.000       23.631       366.100      -349.976        0.316        0.058        0.045        0.669     -547.947
   105    864.000       18.662        44.008      -100.326        0.300        0.069        0.061        0.354     -548.584
   106    864.000       11.237       364.977      -349.902        0.297        0.117        0.097        0.740     -548.584
   107    865.000       13.780        43.584      -100.340        0.285        0.087        0.076        0.311     -549.221
   108    866.000       10.379        43.117      -100.486        0.308        0.125        0.106        0.355     -549.858
   109    867.000       11.854        59.516      -119.207        0.311        0.105        0.099        0.290     -550.494
   110    868.000       20.127        59.440      -119.434        0.335        0.063        0.058        0.464     -551.131
   111    869.000       34.657        59.359      -119.832        0.347        0.036        0.032        0.650     -551.768
   112    870.000       57.876        59.351      -120.224        0.375        0.022        0.019        0.845     -552.405
   113    871.000       91.878        59.347      -120.499        0.444        0.016        0.013        0.870     -553.042
   114    872.000      132.495        59.318      -120.679        0.564        0.014        0.012        0.629     -553.679
   115    873.000      173.345        59.284      -120.803        0.665        0.012        0.010        0.687     -554.315
   116    874.000      205.282        59.257      -120.897        0.797        0.012        0.011        1.020     -554.952
   117    875.000      225.504        59.240      -121.036        0.854        0.012        0.010        1.052     -555.589
   118    876.000      232.432        59.255      -121.214        0.897        0.012        0.011        1.036     -556.226
   119    877.000      229.404        59.315      -121.463        0.901        0.013        0.011        1.060     -556.863
   120    878.000      215.732        59.376      -121.755        0.843        0.012        0.011        0.894     -557.499
   121    878.000       10.509       279.023      -241.582        0.820        0.320        0.213        1.563     -557.499
   122    879.000      192.470        59.456      -122.026        0.822        0.014        0.012        1.377     -558.136
   123    879.000       12.181       278.849      -241.502        0.802        0.266        0.175        1.760     -558.136
   124    880.000      156.428        59.528      -122.315        0.659        0.013        0.012        1.089     -558.773
   125    880.000       14.126       278.317      -241.719        0.641        0.180        0.128        1.791     -558.773
   126    881.000      111.987        59.550      -122.558        0.523        0.015        0.013        0.832     -559.410
   127    881.000       13.258       278.215      -242.020        0.507        0.153        0.111        1.696     -559.410
   128    882.000       67.664        59.425      -122.776        0.405        0.020        0.017        0.810     -560.047
   129    882.000       10.876       277.771      -242.762        0.396        0.141        0.107        1.214     -560.047
   130    883.000       36.192        59.184      -122.930        0.381        0.038        0.031        0.845     -560.683
   131    883.000       10.174       267.973      -257.065        0.377        0.144        0.114        0.898     -560.683
   132    884.000       23.630       267.256      -256.675        0.372        0.065        0.048        0.997     -561.320
   133    884.000       17.503        58.958      -123.179        0.371        0.092        0.064        0.598     -561.320
   134    885.000       38.685       266.338      -256.488        0.361        0.041        0.028        0.920     -561.957
   135    886.000       50.552       264.909      -256.230        0.403        0.038        0.024        0.856     -562.594
   136    887.000       62.297       263.249      -256.007        0.453        0.035        0.023        1.156     -563.231
   137    888.000       76.438       261.702      -255.894        0.513        0.030        0.021        1.753     -563.867
   138    889.000       85.930       260.498      -255.971        0.565        0.027        0.020        1.989     -564.504
   139    890.000       87.506       259.486      -256.011        0.558        0.025        0.019        1.796     -565.141
   140    891.000       79.208       258.671      -256.061        0.521        0.025        0.020        1.142     -565.778
   141    891.000       10.467       150.522      -185.738        0.515        0.200        0.167        1.403     -565.778
   142    892.000       59.823       257.962      -256.077        0.446        0.028        0.023        0.972     -566.415
   143    892.000       12.461       151.332      -186.344        0.446        0.131        0.116        1.539     -566.415
   144    892.000       10.709       238.543      -229.527        0.441        0.162        0.136        0.408     -566.415
   145    893.000       35.592       257.227      -256.308        0.424        0.046        0.036        0.917     -567.051
   146    893.000       12.747       151.387      -186.782        0.428        0.124        0.101        1.066     -567.051
   147    893.000       10.430       238.465      -229.364        0.420        0.162        0.139        0.448     -567.051
   148    894.000       11.962       257.034      -256.845        0.503        0.179        0.146        1.116     -567.688
   149    895.000       12.182       116.799      -199.514        0.426        0.157        0.119        0.778     -568.325
   150    896.000       19.764       116.144      -199.549        0.379        0.088        0.063        0.783     -568.962
   151    897.000       25.388       115.663      -199.505        0.451        0.078        0.060        1.222     -569.599
   152    898.000       28.545       115.105      -199.689        0.549        0.086        0.065        1.303     -570.235
   153    899.000       27.633       114.211      -199.541        0.631        0.103        0.083        1.188     -570.872
   154    899.000        9.823       162.553      -220.463        0.626        0.327        0.219        0.530     -570.872
   155    900.000       23.347       113.293      -199.192        0.635        0.138        0.111        1.173     -571.509
   156    900.000       13.278       151.865      -217.690        0.636        0.200        0.185        0.705     -571.509
   157    900.000       12.038       162.545      -220.500        0.654        0.220        0.171        0.363     -571.509
   158    901.000       29.374        92.810      -191.869        0.638        0.113        0.082        1.409     -572.146
   159    901.000       21.163       154.089      -218.882        0.647        0.135        0.114        1.237     -572.146
   160    902.000       92.073        88.161      -191.972        0.802        0.038        0.028        3.204     -572.783
   161    902.000       21.143       153.268      -218.157        0.785        0.193        0.142        1.484     -572.783
   162    903.000      174.926        86.502      -191.898        1.075        0.027        0.020        5.008     -573.419
   163    903.000       21.500       151.996      -216.854        1.045        0.245        0.204        1.495     -573.419
   164    903.000       12.952       129.846      -184.171        1.061        0.406        0.286        1.213     -573.419
   165    904.000      228.210        84.983      -191.602        1.382        0.030        0.020        6.525     -574.056
   166    904.000       18.283       127.729      -183.138        1.356        0.397        0.283        1.497     -574.056
   167    904.000       16.971       150.060      -215.328        1.328        0.466        0.413        1.984     -574.056
   168    905.000      226.289        82.585      -190.949        1.446        0.035        0.021        6.483     -574.693
   169    905.000       18.819       125.399      -182.016        1.432        0.409        0.286        1.502     -574.693
   170    905.000        9.673       147.462      -214.419        1.383        1.086        0.812        2.391     -574.693
   171    906.000      201.029        79.058      -190.059        1.364        0.040        0.022        5.726     -575.330
   172    906.000       13.620       122.473      -180.961        1.349        0.664        0.344        1.359     -575.330
   173    906.000        9.941        56.094       -76.276        1.402        0.676        0.387        0.879     -575.330
   174    907.000      182.175        75.049      -189.237        1.249        0.040        0.021        5.413     -575.967
   175    907.000        9.742       120.547      -180.113        1.244        0.749        0.394        1.339     -575.967
   176    908.000      177.322        71.238      -188.547        1.098        0.034        0.018        5.748     -576.603
   177    909.000      172.360        68.387      -188.245        0.946        0.026        0.016        4.320     -577.240
   178    909.000       14.683        70.298      -181.923        0.986        0.292        0.157        3.925     -577.240
   179    910.000      151.660        66.154      -188.106        0.781        0.023        0.015        3.433     -577.877
   180    911.000      117.092        63.865      -187.941        0.662        0.026        0.016        2.378     -578.514
   181    912.000       88.185        60.744      -187.828        0.530        0.034        0.017        2.580     -579.151
   182    913.000       86.001        57.881      -187.779        0.466        0.026        0.015        3.278     -579.787
   183    914.000       82.269        56.522      -187.838        0.379        0.018        0.013        2.872     -580.424
   184    915.000       66.776        55.816      -187.823        0.295        0.016        0.012        1.998     -581.061
   185    916.000       44.609        55.233      -187.793        0.217        0.018        0.014        1.023     -581.698
   186    917.000       23.393        54.677      -187.762        0.148        0.025        0.018        0.492     -582.335
