       magilla    MFPRT(31DEC13)     745               09-NOV-2015   22:15:35               Page    1
 Row #      Plane     Peak int      X-offset      Y-offset     Err peak    Err X-off    Err Y-off    Resid rms     Velocity
           pixels      Jy/beam           mas           mas      Jy/beam          mas          mas           Jy         km/s
 
*****   MF file version = 1    V255X LINE2 .ICL001. 1   *****
 
     1      1.000        0.057      -507.192      -614.214        0.013        0.971        0.680        0.013     -477.379
     2      3.000        0.037       610.936      -598.643        0.013        1.474        1.032        0.018     -478.284
     3      4.000        0.046      -152.770      -605.572        0.014        1.305        0.914        0.013     -478.736
     4      4.000        0.041      -144.618      -613.976        0.014        1.477        1.034        0.014     -478.736
     5      4.000        0.037      -140.543      -606.196        0.014        1.613        1.129        0.014     -478.736
     6      4.000        0.034      -155.677      -611.304        0.014        1.747        1.223        0.016     -478.736
     7      4.000        0.025       137.592      -610.879        0.014        2.366        1.657        0.012     -478.736
     8      5.000        0.096      -611.150      -612.708        0.015        0.654        0.458        0.018     -479.189
     9      5.000        0.054      -599.940      -611.408        0.015        1.165        0.816        0.014     -479.189
    10      5.000        0.035      -576.369      -611.238        0.015        1.793        1.256        0.018     -479.189
    11      5.000        0.032      -588.606      -612.016        0.015        1.959        1.372        0.013     -479.189
    12      6.000        0.032      -357.378      -612.873        0.013        1.786        1.250        0.012     -479.641
    13      7.000        0.062      -267.159      -611.301        0.013        0.868        0.608        0.018     -480.094
    14      7.000        0.022      -234.225      -611.592        0.013        2.451        1.716        0.013     -480.094
    15      9.000        0.087      -593.678      -612.420        0.013        0.668        0.467        0.014     -480.999
    16      9.000        0.075       501.233      -614.026        0.013        0.770        0.539        0.016     -480.999
    17      9.000        0.063      -467.559      -608.325        0.013        0.920        0.644        0.015     -480.999
    18      9.000        0.046      -456.739      -612.353        0.013        1.249        0.875        0.016     -480.999
    19      9.000        0.046      -604.124      -610.051        0.013        1.257        0.880        0.021     -480.999
    20      9.000        0.030      -457.639      -603.919        0.013        1.906        1.335        0.015     -480.999
    21     10.000        0.027      -507.207      -609.366        0.013        2.145        1.502        0.012     -481.452
    22     11.000        0.036       -52.727      -609.691        0.012        1.438        1.007        0.018     -481.904
    23     12.000        0.057       462.596      -613.710        0.014        1.045        0.732        0.013     -482.357
    24     12.000        0.053       608.991      -612.989        0.014        1.121        0.785        0.016     -482.357
    25     12.000        0.037      -252.149      -614.215        0.014        1.580        1.106        0.012     -482.357
    26     12.000        0.028       447.450      -608.638        0.014        2.143        1.501        0.013     -482.357
    27     13.000        0.073       517.322      -612.652        0.013        0.771        0.540        0.014     -482.809
    28     13.000        0.048       330.449      -613.056        0.013        1.185        0.830        0.012     -482.809
    29     13.000        0.037       332.984      -603.341        0.013        1.511        1.058        0.014     -482.809
    30     14.000        0.041      -475.930      -607.885        0.012        1.236        0.865        0.014     -483.262
    31     14.000        0.036       533.598      -530.900        0.012        1.424        0.997        0.015     -483.262
    32     14.000        0.033      -593.400      -595.864        0.012        1.539        1.077        0.015     -483.262
    33     14.000        0.027      -486.428      -608.339        0.012        1.856        1.300        0.014     -483.262
    34     15.000        0.045       595.572      -600.358        0.013        1.266        0.886        0.017     -483.714
    35     15.000        0.026       595.658      -609.079        0.013        2.151        1.506        0.017     -483.714
    36     16.000        0.039       154.373      -607.737        0.013        1.396        0.977        0.013     -484.167
    37     16.000        0.039       167.563      -613.207        0.013        1.414        0.990        0.014     -484.167
    38     16.000        0.026       143.752      -612.749        0.013        2.273        1.591        0.014     -484.167
    39     16.000        0.026      -362.021      -604.439        0.013        2.088        1.462        0.016     -484.167
    40     19.000        0.073      -417.840      -610.328        0.013        0.786        0.550        0.013     -485.524
    41     19.000        0.070      -271.761      -614.207        0.013        0.825        0.577        0.016     -485.524
    42     19.000        0.045      -406.895      -610.141        0.013        1.273        0.892        0.016     -485.524
    43     19.000        0.040      -429.705      -611.492        0.013        1.420        0.995        0.013     -485.524
    44     20.000        0.068      -611.761      -425.767        0.013        0.840        0.588        0.020     -485.977
    45     20.000        0.050      -518.142      -610.112        0.013        1.147        0.803        0.014     -485.977
    46     20.000        0.042       556.130      -601.676        0.013        1.356        0.949        0.017     -485.977
    47     20.000        0.039       544.577      -606.873        0.013        1.457        1.020        0.017     -485.977
    48     20.000        0.028      -502.623      -611.354        0.013        2.025        1.418        0.014     -485.977
    49     21.000        0.019      -557.794      -608.600        0.013        2.844        1.992        0.013     -486.429
    50     22.000        0.037       -98.035      -613.704        0.012        1.410        0.987        0.013     -486.882
    51     23.000        0.026       224.568      -573.111        0.012        2.077        1.454        0.013     -487.334
    52     25.000        0.054      -468.886      -613.278        0.013        1.043        0.730        0.016     -488.240
    53     25.000        0.043       111.392      -612.330        0.013        1.329        0.931        0.012     -488.240
       magilla    MFPRT(31DEC13)     745               09-NOV-2015   22:15:35               Page    2
 Row #      Plane     Peak int      X-offset      Y-offset     Err peak    Err X-off    Err Y-off    Resid rms     Velocity
           pixels      Jy/beam           mas           mas      Jy/beam          mas          mas           Jy         km/s
 
    54     25.000        0.030       450.530      -608.657        0.013        1.903        1.332        0.013     -488.240
    55     25.000        0.028      -479.783      -609.620        0.013        2.059        1.441        0.014     -488.240
    56     26.000        0.030        25.443      -544.774        0.013        1.772        1.241        0.015     -488.692
    57     28.000        0.034      -160.766      -610.946        0.014        1.783        1.249        0.016     -489.597
    58     29.000        0.039       504.111      -610.972        0.012        1.370        0.959        0.012     -490.050
    59     29.000        0.039      -326.740      -596.961        0.012        1.375        0.963        0.014     -490.050
    60     30.000        0.051       613.467      -599.615        0.014        1.187        0.831        0.023     -490.502
    61     30.000        0.037      -386.257      -613.454        0.014        1.632        1.143        0.011     -490.502
    62     30.000        0.037       600.472      -598.379        0.014        1.642        1.150        0.020     -490.502
    63     31.000        0.077      -479.879      -613.259        0.013        0.724        0.507        0.011     -490.955
    64     31.000        0.053       301.246      -614.015        0.013        1.040        0.728        0.011     -490.955
    65     31.000        0.042       204.497      -613.643        0.013        1.324        0.927        0.014     -490.955
    66     31.000        0.039      -474.396      -608.203        0.013        1.439        1.008        0.015     -490.955
    67     31.000        0.033      -486.844      -607.391        0.013        1.699        1.189        0.012     -490.955
    68     32.000        0.033       240.099      -611.181        0.013        1.755        1.229        0.016     -491.407
    69     33.000        0.041       574.195      -588.920        0.014        1.427        0.999        0.017     -491.860
    70     33.000        0.025       587.932      -591.991        0.014        2.313        1.620        0.018     -491.860
    71     33.000        0.023       424.476      -565.663        0.014        2.562        1.794        0.017     -491.860
    72     33.000        0.018       608.751      -602.908        0.014        3.216        2.252        0.016     -491.860
    73     34.000        0.029       464.233      -602.130        0.014        2.073        1.452        0.017     -492.312
    74     35.000        0.050       403.053      -611.222        0.013        1.109        0.776        0.011     -492.765
    75     37.000        0.061       551.106      -614.318        0.013        0.890        0.623        0.013     -493.670
    76     37.000        0.051      -447.706      -610.657        0.013        1.061        0.743        0.016     -493.670
    77     37.000        0.029       -76.394      -610.784        0.013        1.874        1.312        0.012     -493.670
    78     38.000        0.064       -83.622      -612.958        0.013        0.888        0.622        0.017     -494.122
    79     40.000        0.040       335.343      -582.232        0.013        1.441        1.009        0.014     -495.028
    80     40.000        0.012      -377.888      -608.007        0.013        4.721        3.306        0.018     -495.028
    81     41.000        0.027      -209.200      -611.179        0.014        2.165        1.516        0.014     -495.480
    82     41.000        0.026       341.358      -606.894        0.013        2.421        1.695        0.017     -495.480
    83     41.000        0.025       333.136      -612.013        0.014        2.302        1.612        0.016     -495.480
    84     42.000        0.039      -250.518      -465.804        0.013        1.436        1.006        0.014     -495.933
    85     42.000        0.032      -239.283      -459.394        0.013        1.789        1.253        0.014     -495.933
    86     43.000        0.061       279.090       611.398        0.013        0.923        0.646        0.018     -496.385
    87     44.000        0.029       475.733      -570.613        0.013        1.879        1.316        0.016     -496.838
    88     44.000        0.021       464.251      -572.038        0.013        2.658        1.861        0.016     -496.838
    89     46.000        0.033      -332.174      -611.629        0.012        1.584        1.109        0.013     -497.743
    90     46.000        0.023       284.728      -606.555        0.012        2.274        1.592        0.015     -497.743
    91     47.000        0.030       601.145      -578.643        0.013        1.819        1.274        0.017     -498.195
    92     47.000        0.029      -396.620      -566.042        0.013        1.893        1.326        0.011     -498.195
    93     47.000        0.020       613.611      -583.401        0.013        2.758        1.931        0.023     -498.195
    94     48.000        0.031      -216.482      -613.592        0.013        1.833        1.284        0.013     -498.648
    95     48.000        0.023      -207.422      -614.209        0.013        2.474        1.733        0.014     -498.648
    96     48.000        0.018       277.283      -607.149        0.013        3.217        2.252        0.015     -498.648
    97     49.000        0.058      -434.903      -613.820        0.014        1.034        0.724        0.012     -499.100
    98     51.000        0.064      -535.983      -614.206        0.012        0.827        0.579        0.015     -500.005
    99     51.000        0.055      -606.437      -607.449        0.012        0.958        0.670        0.016     -500.005
   100     53.000        0.044      -571.033      -614.011        0.013        1.251        0.876        0.015     -500.910
   101     53.000        0.041      -583.313      -609.380        0.013        1.344        0.941        0.016     -500.910
   102     53.000        0.041       245.350      -604.996        0.013        1.368        0.958        0.013     -500.910
   103     53.000        0.031       255.072      -609.263        0.013        1.782        1.248        0.012     -500.910
   104     53.000        0.029      -572.984      -604.899        0.013        1.904        1.333        0.017     -500.910
   105     55.000        0.031       454.882      -603.553        0.013        1.795        1.257        0.014     -501.816
   106     56.000        0.037        89.578      -607.158        0.014        1.619        1.134        0.017     -502.268
   107     56.000        0.024        77.645      -603.745        0.014        2.504        1.754        0.014     -502.268
   108     57.000        0.044       456.497      -567.840        0.013        1.281        0.897        0.014     -502.721
       magilla    MFPRT(31DEC13)     745               09-NOV-2015   22:15:35               Page    3
 Row #      Plane     Peak int      X-offset      Y-offset     Err peak    Err X-off    Err Y-off    Resid rms     Velocity
           pixels      Jy/beam           mas           mas      Jy/beam          mas          mas           Jy         km/s
 
   109     57.000        0.031       445.102      -568.605        0.013        1.813        1.270        0.017     -502.721
   110     57.000        0.028       609.765      -607.614        0.013        2.057        1.441        0.017     -502.721
   111     57.000        0.020      -312.393      -612.327        0.013        2.826        1.979        0.013     -502.721
   112     58.000        0.057      -534.035      -613.586        0.012        0.945        0.661        0.018     -503.173
   113     58.000        0.051      -474.669      -613.770        0.012        1.061        0.743        0.011     -503.173
   114     59.000        0.070       485.831       613.516        0.014        0.826        0.578        0.013     -503.626
   115     59.000        0.063      -526.233      -601.310        0.014        0.915        0.641        0.015     -503.626
   116     59.000        0.041        63.506      -611.080        0.014        1.430        1.001        0.015     -503.626
   117     59.000        0.039      -529.654      -608.132        0.014        1.495        1.046        0.014     -503.626
   118     59.000        0.027      -517.407      -608.160        0.014        2.160        1.512        0.017     -503.626
   119     60.000        0.042      -189.311      -614.371        0.014        1.471        1.030        0.015     -504.078
   120     61.000        0.054      -575.602      -613.770        0.013        1.036        0.726        0.016     -504.531
   121     61.000        0.051      -566.172      -609.757        0.013        1.094        0.766        0.015     -504.531
   122     63.000        0.067      -611.471      -558.951        0.013        0.841        0.589        0.015     -505.436
   123     64.000        0.062       -52.602      -612.616        0.013        0.895        0.627        0.014     -505.888
   124     64.000        0.052      -440.410      -612.854        0.013        1.067        0.747        0.015     -505.888
   125     64.000        0.027       516.216      -612.260        0.013        2.041        1.429        0.016     -505.888
   126     64.000        0.027      -446.167      -605.798        0.013        2.067        1.447        0.017     -505.888
   127     65.000        0.029       -42.085      -602.171        0.012        1.838        1.287        0.015     -506.341
   128     65.000        0.026       -46.805      -609.003        0.012        2.030        1.421        0.014     -506.341
   129     66.000        0.120       -75.758       -48.527        0.014        0.566        0.397        0.013     -506.793
   130     66.000        0.072       -65.506       -53.714        0.014        0.861        0.603        0.015     -506.793
   131     68.000        0.415       -74.468       -50.032        0.015        0.168        0.118        0.018     -507.699
   132     68.000        0.141       -66.748       -46.276        0.015        0.452        0.317        0.014     -507.699
   133     68.000        0.053      -144.098      -613.808        0.015        1.204        0.843        0.016     -507.699
   134     68.000        0.053      -457.030      -613.888        0.015        1.210        0.847        0.012     -507.699
   135     68.000        0.045      -447.693      -608.372        0.015        1.429        1.000        0.015     -507.699
   136     68.000        0.032      -459.556      -604.715        0.015        2.005        1.404        0.015     -507.699
   137     68.000        0.018      -134.860      -610.874        0.015        3.613        2.530        0.017     -507.699
   138     69.000        0.673       -73.499       -49.037        0.015        0.096        0.067        0.023     -508.151
   139     69.000        0.041      -599.568      -614.011        0.015        1.566        1.096        0.017     -508.151
   140     70.000        0.817       -73.326       -49.011        0.014        0.074        0.052        0.029     -508.604
   141     70.000        0.077      -610.691      -607.410        0.014        0.788        0.552        0.020     -508.604
   142     70.000        0.074      -613.962      -598.559        0.014        0.823        0.576        0.013     -508.604
   143     70.000        0.034       555.435      -609.699        0.014        1.790        1.253        0.016     -508.604
   144     70.000        0.033      -596.559      -607.944        0.014        1.839        1.288        0.016     -508.604
   145     71.000        0.674       -73.101       -48.637        0.014        0.092        0.064        0.023     -509.056
   146     71.000        0.097       611.806       232.735        0.014        0.635        0.444        0.020     -509.056
   147     71.000        0.082      -398.347      -612.680        0.014        0.752        0.526        0.016     -509.056
   148     71.000        0.071      -577.124      -608.273        0.014        0.866        0.607        0.021     -509.056
   149     71.000        0.043      -388.041      -610.144        0.014        1.424        0.997        0.016     -509.056
   150     71.000        0.033      -398.209      -604.274        0.014        1.876        1.313        0.017     -509.056
   151     71.000        0.029       599.356       233.628        0.014        2.127        1.489        0.015     -509.056
   152     72.000        0.643       -73.197       -48.755        0.014        0.094        0.066        0.022     -509.509
   153     72.000        0.046       436.497      -606.624        0.014        1.319        0.923        0.014     -509.509
   154     72.000        0.043       448.293      -608.478        0.014        1.405        0.983        0.014     -509.509
   155     73.000        0.394       -72.369       -48.069        0.014        0.156        0.109        0.017     -509.961
   156     73.000        0.035      -128.362      -611.657        0.014        1.754        1.228        0.017     -509.961
   157     74.000        0.293       -72.344       -47.796        0.013        0.189        0.133        0.014     -510.414
   158     74.000        0.041        70.266      -607.175        0.013        1.351        0.946        0.015     -510.414
   159     75.000        0.191       -27.479       -36.421        0.013        0.313        0.219        0.012     -510.866
   160     75.000        0.093       -73.025       -48.236        0.013        0.589        0.412        0.010     -510.866
   161     75.000        0.072      -612.980      -367.940        0.013        0.768        0.537        0.017     -510.866
   162     75.000        0.067       -35.613       -38.111        0.013        0.815        0.571        0.012     -510.866
   163     76.000        0.727       -27.432       -36.136        0.014        0.081        0.057        0.032     -511.319
       magilla    MFPRT(31DEC13)     745               09-NOV-2015   22:15:35               Page    4
 Row #      Plane     Peak int      X-offset      Y-offset     Err peak    Err X-off    Err Y-off    Resid rms     Velocity
           pixels      Jy/beam           mas           mas      Jy/beam          mas          mas           Jy         km/s
 
   164     76.000        0.056       567.265      -610.742        0.014        1.047        0.733        0.015     -511.319
   165     77.000        1.824       -27.042       -35.767        0.016        0.038        0.027        0.026     -511.771
   166     77.000        0.081       -36.369       -39.130        0.016        0.862        0.604        0.021     -511.771
   167     77.000        0.070       334.485      -605.279        0.016        0.990        0.693        0.016     -511.771
   168     77.000        0.068       -29.865       -43.132        0.016        1.022        0.715        0.025     -511.771
   169     77.000        0.053       343.337      -611.351        0.016        1.317        0.923        0.017     -511.771
   170     77.000        0.050       327.946      -610.966        0.016        1.398        0.979        0.020     -511.771
   171     78.000        4.036       -26.930       -35.597        0.029        0.031        0.021        0.080     -512.224
   172     78.000        0.100        68.094      -610.489        0.029        1.342        0.940        0.020     -512.224
   173     78.000        0.044        69.695      -602.420        0.029        2.825        1.978        0.028     -512.224
   174     79.000        6.826       -26.791       -35.439        0.048        0.030        0.021        0.142     -512.676
   175     79.000        0.433       147.616       610.732        0.048        0.476        0.333        0.027     -512.676
   176     79.000        0.402       156.447       609.585        0.047        0.559        0.391        0.025     -512.676
   177     79.000        0.129      -264.841      -610.437        0.048        1.596        1.118        0.034     -512.676
   178     79.000        0.107       -52.919      -613.740        0.048        1.918        1.343        0.029     -512.676
   179     79.000        0.098       -63.857      -610.363        0.048        2.096        1.468        0.035     -512.676
   180     80.000        9.247       -26.738       -35.381        0.063        0.029        0.020        0.148     -513.129
   181     80.000        0.636       -33.451       -40.235        0.063        0.425        0.298        0.137     -513.129
   182     80.000        0.437       155.990       609.018        0.062        0.675        0.473        0.038     -513.129
   183     80.000        0.354       148.453       611.211        0.063        0.763        0.534        0.031     -513.129
   184     80.000        0.130       492.572      -609.945        0.063        2.076        1.453        0.048     -513.129
   185     80.000        0.120       224.806      -613.468        0.063        2.257        1.581        0.028     -513.129
   186     80.000        0.095       287.964      -611.784        0.063        2.840        1.989        0.035     -513.129
   187     80.000        0.095       505.141      -613.755        0.063        2.860        2.003        0.047     -513.129
   188     80.000        0.084       215.926      -606.534        0.063        3.236        2.266        0.050     -513.129
   189     80.000        0.058       276.992      -613.798        0.062        5.092        3.566        0.030     -513.129
   190     81.000       11.333       -26.741       -35.495        0.077        0.029        0.020        0.409     -513.581
   191     81.000        0.590       155.897       608.956        0.076        0.608        0.425        0.039     -513.581
   192     81.000        0.350       148.622       611.070        0.077        0.942        0.659        0.040     -513.581
   193     81.000        0.181       507.268      -612.133        0.077        1.817        1.272        0.049     -513.581
   194     81.000        0.179       430.177      -613.539        0.077        1.837        1.286        0.033     -513.581
   195     81.000        0.126       413.978      -602.697        0.077        2.622        1.836        0.049     -513.581
   196     81.000        0.105       424.383      -605.681        0.077        3.144        2.201        0.035     -513.581
   197     82.000       11.741       -26.719       -35.595        0.098        0.039        0.028        0.334     -514.034
   198     82.000        2.929       -30.874       -42.998        0.099        0.145        0.102        0.295     -514.034
   199     82.000        0.497       612.442      -368.733        0.098        0.932        0.653        0.096     -514.034
   200     82.000        0.205       599.739      -366.727        0.099        2.072        1.450        0.075     -514.034
   201     83.000       12.855       -26.961       -35.768        0.123        0.045        0.032        0.444     -514.487
   202     83.000        6.525       -31.154       -43.313        0.124        0.082        0.057        0.414     -514.487
   203     83.000        0.684       611.498      -489.808        0.124        0.779        0.546        0.118     -514.487
   204     83.000        0.677      -611.771      -491.918        0.124        0.787        0.551        0.087     -514.487
   205     83.000        0.531       609.404         7.760        0.124        1.003        0.702        0.116     -514.487
   206     83.000        0.410       598.396        10.947        0.123        1.415        0.991        0.123     -514.487
   207     83.000        0.141       601.019         5.131        0.124        3.780        2.646        0.099     -514.487
   208     84.000       14.161       -26.813       -35.765        0.149        0.045        0.032        0.644     -514.939
   209     84.000       11.259       -30.997       -43.427        0.149        0.057        0.040        0.636     -514.939
   210     84.000        0.710       610.674      -489.979        0.149        0.905        0.633        0.142     -514.939
   211     84.000        0.658      -611.562      -492.435        0.149        0.976        0.684        0.102     -514.939
   212     84.000        0.464      -612.749      -452.036        0.149        1.383        0.968        0.124     -514.939
   213     84.000        0.396       612.367      -567.348        0.149        1.620        1.134        0.130     -514.939
   214     84.000        0.350       603.165      -561.141        0.148        1.997        1.398        0.129     -514.939
   215     84.000        0.341      -602.348      -456.862        0.148        2.050        1.435        0.122     -514.939
   216     85.000       15.635       -31.115       -43.636        0.169        0.046        0.032        0.764     -515.392
   217     85.000       13.718       -26.755       -35.839        0.169        0.053        0.037        0.787     -515.392
   218     85.000        0.812      -612.120      -493.053        0.169        0.893        0.626        0.126     -515.392
       magilla    MFPRT(31DEC13)     745               09-NOV-2015   22:15:35               Page    5
 Row #      Plane     Peak int      X-offset      Y-offset     Err peak    Err X-off    Err Y-off    Resid rms     Velocity
           pixels      Jy/beam           mas           mas      Jy/beam          mas          mas           Jy         km/s
 
   219     85.000        0.479       426.090      -611.407        0.169        1.516        1.062        0.142     -515.392
   220     85.000        0.419       212.565      -609.074        0.169        1.730        1.211        0.111     -515.392
   221     85.000        0.343       204.193      -607.257        0.167        2.308        1.616        0.125     -515.392
   222     85.000        0.200       198.650      -612.721        0.169        3.628        2.540        0.120     -515.392
   223     86.000       17.938       -31.195       -43.796        0.171        0.041        0.029        0.860     -515.844
   224     86.000       12.254       -26.960       -35.972        0.171        0.060        0.042        0.863     -515.844
   225     86.000        0.573       508.494      -589.352        0.171        1.284        0.899        0.141     -515.844
   226     86.000        0.531       520.117      -595.055        0.171        1.386        0.971        0.097     -515.844
   227     86.000        0.440       204.973      -608.812        0.171        1.675        1.173        0.136     -515.844
   228     86.000        0.328       214.744      -609.376        0.171        2.248        1.574        0.125     -515.844
   229     86.000        0.274       518.947      -587.737        0.171        2.692        1.885        0.167     -515.844
   230     87.000       18.914       -31.145       -44.027        0.184        0.042        0.029        0.835     -516.297
   231     87.000        9.806       -26.870       -36.046        0.184        0.081        0.056        0.846     -516.297
   232     87.000        0.906       -46.502       -13.285        0.184        0.872        0.610        0.171     -516.297
   233     87.000        0.684       -15.523       -18.659        0.184        1.156        0.810        0.210     -516.297
   234     87.000        0.455       209.049      -609.717        0.184        1.738        1.217        0.135     -516.297
   235     87.000        0.447       198.345      -609.283        0.184        1.767        1.237        0.133     -516.297
   236     88.000       19.187       -31.300       -44.214        0.176        0.039        0.028        0.800     -516.749
   237     88.000        7.083       -26.667       -36.309        0.176        0.107        0.075        0.817     -516.749
   238     88.000        1.739       -14.658       -18.032        0.176        0.435        0.305        0.172     -516.749
   239     88.000        0.268       -24.061       -19.993        0.175        3.080        2.156        0.258     -516.749
   240     89.000       18.524       -31.330       -44.504        0.192        0.045        0.031        0.597     -517.202
   241     89.000        4.746       -26.295       -35.809        0.192        0.174        0.122        0.618     -517.202
   242     89.000        4.185       -14.562       -17.585        0.192        0.197        0.138        0.173     -517.202
   243     89.000        0.557       445.733      -554.450        0.192        1.480        1.037        0.162     -517.202
   244     89.000        0.476       588.643      -519.010        0.192        1.732        1.213        0.160     -517.202
   245     89.000        0.456       435.537      -547.809        0.190        1.975        1.383        0.186     -517.202
   246     89.000        0.416       598.449      -525.635        0.192        1.984        1.389        0.140     -517.202
   247     89.000        0.349       607.215      -529.963        0.192        2.368        1.658        0.147     -517.202
   248     89.000        0.273       433.615      -553.259        0.192        3.018        2.114        0.184     -517.202
   249     90.000       15.603       -31.412       -44.754        0.172        0.047        0.033        0.380     -517.654
   250     90.000        7.280       -14.173       -17.182        0.172        0.102        0.071        0.258     -517.654
   251     90.000        2.958       -26.402       -35.697        0.172        0.250        0.175        0.402     -517.654
   252     90.000        0.684      -610.191      -496.108        0.172        1.082        0.758        0.179     -517.654
   253     91.000       11.802       -31.408       -44.970        0.167        0.061        0.043        0.239     -518.107
   254     91.000        8.457       -14.111       -17.076        0.166        0.093        0.065        0.166     -518.107
   255     91.000        2.186        -8.514       -12.713        0.167        0.328        0.230        0.179     -518.107
   256     91.000        1.397       -26.191       -36.054        0.167        0.514        0.360        0.259     -518.107
   257     91.000        0.916       -40.332        82.086        0.167        0.784        0.549        0.092     -518.107
   258     91.000        0.835      -613.679      -456.749        0.166        0.937        0.656        0.100     -518.107
   259     91.000        0.516      -610.580      -496.475        0.167        1.391        0.974        0.159     -518.107
   260     91.000        0.462       -33.103        81.591        0.166        1.695        1.187        0.108     -518.107
   261     91.000        0.303      -602.006      -462.106        0.167        2.372        1.661        0.122     -518.107
   262     92.000        9.943       -13.926       -17.005        0.151        0.072        0.050        0.200     -518.559
   263     92.000        7.370       -31.347       -45.121        0.152        0.089        0.062        0.207     -518.559
   264     92.000        3.812        -8.479       -12.764        0.152        0.172        0.120        0.202     -518.559
   265     92.000        1.035       -37.607        81.474        0.152        0.631        0.442        0.090     -518.559
   266     92.000        0.894      -613.328      -456.937        0.151        0.797        0.558        0.143     -518.559
   267     92.000        0.505         7.132      -499.329        0.151        1.411        0.988        0.120     -518.559
   268     92.000        0.446       182.356      -598.369        0.151        1.598        1.119        0.142     -518.559
   269     92.000        0.413       173.149      -595.000        0.152        1.581        1.107        0.133     -518.559
   270     92.000        0.413      -601.742      -461.119        0.152        1.583        1.108        0.136     -518.559
   271     92.000        0.301        16.950      -503.141        0.152        2.171        1.520        0.099     -518.559
   272     92.000        0.284       -30.380        80.751        0.151        2.513        1.759        0.103     -518.559
   273     93.000        9.935       -13.528       -16.931        0.127        0.060        0.042        0.194     -519.012
       magilla    MFPRT(31DEC13)     745               09-NOV-2015   22:15:35               Page    6
 Row #      Plane     Peak int      X-offset      Y-offset     Err peak    Err X-off    Err Y-off    Resid rms     Velocity
           pixels      Jy/beam           mas           mas      Jy/beam          mas          mas           Jy         km/s
 
   274     93.000        5.618        -8.567       -12.741        0.128        0.098        0.068        0.195     -519.012
   275     93.000        2.101       -29.714       -45.477        0.128        0.261        0.183        0.118     -519.012
   276     93.000        1.665       -33.240       -45.029        0.127        0.359        0.251        0.105     -519.012
   277     93.000        0.871       -37.419        81.078        0.128        0.630        0.441        0.066     -519.012
   278     93.000        0.665       613.264      -151.590        0.127        0.899        0.629        0.087     -519.012
   279     93.000        0.584       612.279      -454.938        0.127        1.024        0.717        0.104     -519.012
   280     93.000        0.506         0.374      -306.658        0.127        1.183        0.828        0.094     -519.012
   281     93.000        0.462        29.966      -400.411        0.127        1.294        0.906        0.097     -519.012
   282     93.000        0.434        22.196      -398.079        0.128        1.264        0.885        0.089     -519.012
   283     93.000        0.307       599.678      -450.264        0.128        1.790        1.253        0.122     -519.012
   284     93.000        0.242       600.902      -148.264        0.128        2.271        1.590        0.085     -519.012
   285     93.000        0.227        -7.865      -303.516        0.128        2.414        1.690        0.099     -519.012
   286     93.000        0.205       -31.724        80.407        0.127        2.912        2.039        0.079     -519.012
   287     94.000        8.710       -13.033       -16.858        0.111        0.060        0.042        0.166     -519.464
   288     94.000        6.501        -8.525       -12.821        0.112        0.074        0.052        0.168     -519.464
   289     94.000        0.589      -612.468      -113.210        0.111        0.889        0.623        0.094     -519.464
   290     94.000        0.587      -614.221        38.918        0.111        0.892        0.624        0.119     -519.464
   291     94.000        0.347      -600.119      -117.935        0.112        1.385        0.970        0.120     -519.464
   292     94.000        0.223      -601.854        36.177        0.112        2.159        1.512        0.084     -519.464
   293     95.000        0.228       257.210      -600.653        0.088        1.645        1.152        0.053     -519.917
   294     95.000        0.207       270.448      -604.745        0.088        1.816        1.272        0.053     -519.917
   295     95.000        0.194       278.052      -612.000        0.088        1.932        1.353        0.047     -519.917
   296     95.000        0.163       262.735      -608.754        0.088        2.311        1.618        0.034     -519.917
   297     96.000        0.142       553.857      -611.087        0.063        1.895        1.327        0.048     -520.369
   298     96.000        0.128       412.573      -612.157        0.063        2.106        1.475        0.045     -520.369
   299     96.000        0.124       403.248      -606.857        0.063        2.174        1.523        0.043     -520.369
   300     97.000        3.778        -8.552       -12.959        0.043        0.054        0.038        0.069     -520.822
   301     97.000        2.988       -12.512       -16.946        0.044        0.063        0.044        0.066     -520.822
   302     97.000        0.099      -274.658      -611.983        0.044        1.897        1.328        0.028     -520.822
   303     97.000        0.095      -473.697      -613.032        0.044        1.987        1.391        0.027     -520.822
   304     98.000        2.302        -8.255       -12.851        0.023        0.047        0.033        0.035     -521.275
   305     98.000        1.212       -12.555       -16.925        0.023        0.082        0.057        0.032     -521.275
   306     98.000        0.085        -2.916        -3.142        0.023        1.160        0.812        0.035     -521.275
   307     98.000        0.082      -607.328      -155.337        0.023        1.208        0.846        0.026     -521.275
   308     98.000        0.056       474.452      -609.679        0.023        1.923        1.347        0.018     -521.275
   309     98.000        0.054       474.285      -600.903        0.023        1.813        1.270        0.020     -521.275
   310     98.000        0.033      -596.276      -156.842        0.023        3.283        2.298        0.019     -521.275
   311     99.000        0.106       -19.582      -108.728        0.018        0.712        0.498        0.014     -521.727
   312     99.000        0.094      -135.115       614.015        0.018        0.808        0.565        0.016     -521.727
   313     99.000        0.090      -611.542      -225.604        0.017        0.919        0.644        0.021     -521.727
   314     99.000        0.043      -605.745      -234.049        0.018        1.775        1.243        0.020     -521.727
   315    100.000        1.057        -4.754        -4.860        0.014        0.062        0.044        0.031     -522.180
   316    100.000        0.269       -10.211       -10.427        0.014        0.225        0.158        0.037     -522.180
   317    101.000        2.049        -4.787        -4.405        0.017        0.035        0.025        0.030     -522.632
   318    101.000        0.053       210.409      -605.208        0.017        1.368        0.958        0.020     -522.632
   319    101.000        0.049      -117.230      -613.343        0.017        1.479        1.035        0.014     -522.632
   320    101.000        0.048      -331.133      -613.867        0.017        1.498        1.049        0.014     -522.632
   321    101.000        0.045       216.695      -612.377        0.017        1.602        1.122        0.014     -522.632
   322    101.000        0.044      -124.498      -602.325        0.017        1.644        1.151        0.014     -522.632
   323    101.000        0.040       220.418      -603.673        0.017        1.784        1.249        0.014     -522.632
   324    101.000        0.034       226.350      -612.984        0.017        2.147        1.503        0.015     -522.632
   325    102.000        3.297        -4.662        -4.239        0.024        0.031        0.022        0.055     -523.085
   326    102.000        0.105      -611.680      -442.016        0.024        0.969        0.678        0.023     -523.085
   327    102.000        0.092       611.368      -438.820        0.024        1.104        0.773        0.020     -523.085
   328    102.000        0.048       597.077      -436.312        0.023        2.322        1.626        0.021     -523.085
       magilla    MFPRT(31DEC13)     745               09-NOV-2015   22:15:35               Page    7
 Row #      Plane     Peak int      X-offset      Y-offset     Err peak    Err X-off    Err Y-off    Resid rms     Velocity
           pixels      Jy/beam           mas           mas      Jy/beam          mas          mas           Jy         km/s
 
   329    103.000        4.582        -4.442        -4.008        0.030        0.028        0.020        0.094     -523.537
   330    103.000        0.601        10.689         6.475        0.030        0.234        0.164        0.046     -523.537
   331    103.000        0.428         2.119         0.115        0.030        0.301        0.211        0.080     -523.537
   332    103.000        0.111       207.302      -610.377        0.030        1.270        0.889        0.025     -523.537
   333    103.000        0.089        30.268      -612.473        0.030        1.448        1.014        0.021     -523.537
   334    103.000        0.076       214.156      -603.462        0.030        1.686        1.181        0.037     -523.537
   335    103.000        0.057        18.904      -608.537        0.030        2.460        1.723        0.024     -523.537
   336    104.000        0.222       205.224      -610.377        0.032        0.612        0.429        0.025     -523.990
   337    104.000        0.110       214.301      -606.621        0.032        1.233        0.863        0.029     -523.990
   338    105.000        0.284       205.127      -610.328        0.043        0.643        0.450        0.025     -524.442
   339    105.000        0.159       220.565      -603.303        0.043        1.151        0.806        0.044     -524.442
   340    105.000        0.114       213.146      -605.825        0.043        1.607        1.125        0.032     -524.442
   341    105.000        0.081       217.464      -612.571        0.043        2.254        1.578        0.033     -524.442
   342    106.000        0.173       528.329      -613.448        0.058        1.441        1.009        0.059     -524.895
   343    106.000        0.161       514.853      -610.317        0.058        1.549        1.084        0.051     -524.895
   344    106.000        0.158       433.450      -606.363        0.058        1.725        1.208        0.051     -524.895
   345    106.000        0.131       446.572      -609.736        0.058        1.900        1.330        0.041     -524.895
   346    106.000        0.053       440.032      -602.983        0.058        4.705        3.294        0.059     -524.895
   347    107.000       11.581         0.109        -0.243        0.081        0.030        0.021        0.097     -525.347
   348    107.000        3.711        -3.718        -2.725        0.081        0.094        0.066        0.101     -525.347
   349    107.000        1.050        10.214         6.526        0.081        0.332        0.233        0.091     -525.347
   350    107.000        0.470       -15.456        98.385        0.081        0.809        0.566        0.052     -525.347
   351    107.000        0.303        -6.778        94.209        0.081        1.152        0.807        0.081     -525.347
   352    107.000        0.220       496.187      -602.134        0.081        1.590        1.113        0.054     -525.347
   353    107.000        0.193       507.520      -605.759        0.081        1.809        1.267        0.059     -525.347
   354    107.000        0.182       517.705      -611.079        0.081        1.920        1.344        0.075     -525.347
   355    107.000        0.141       587.310      -612.955        0.081        2.482        1.738        0.017     -525.347
   356    107.000        0.122       576.740      -605.959        0.081        2.857        2.001        0.037     -525.347
   357    107.000        0.118       593.070      -610.229        0.081        2.960        2.072        0.043     -525.347
   358    107.000        0.102       583.928      -603.593        0.081        3.424        2.398        0.036     -525.347
   359    108.000       19.660        -0.380        -0.482        0.112        0.025        0.017        0.251     -525.800
   360    108.000        0.696      -612.088       -58.566        0.111        0.755        0.528        0.072     -525.800
   361    108.000        0.678       613.617       -58.169        0.111        0.775        0.543        0.089     -525.800
   362    108.000        0.590         6.434         3.646        0.112        0.818        0.573        0.151     -525.800
   363    108.000        0.372        12.909         8.483        0.112        1.295        0.907        0.106     -525.800
   364    108.000        0.225      -600.254       -57.792        0.112        2.147        1.503        0.066     -525.800
   365    108.000        0.221       601.809       -54.258        0.112        2.180        1.526        0.104     -525.800
   366    109.000       24.754        -0.215        -0.270        0.146        0.025        0.018        0.256     -526.252
   367    110.000       29.038        -0.103        -0.117        0.181        0.027        0.019        0.333     -526.705
   368    111.000       31.463        -0.036        -0.002        0.195        0.027        0.019        0.352     -527.157
   369    111.000        1.062       -19.696       257.781        0.193        0.859        0.601        0.165     -527.157
   370    111.000        0.291       -27.602       260.941        0.195        2.878        2.015        0.115     -527.157
   371    112.000       30.518        -0.002         0.042        0.189        0.027        0.019        0.288     -527.610
   372    112.000        1.184       185.553      -613.184        0.189        0.685        0.480        0.116     -527.610
   373    112.000        0.508       518.531      -607.502        0.187        1.740        1.218        0.148     -527.610
   374    112.000        0.504       507.093      -602.605        0.189        1.609        1.127        0.134     -527.610
   375    112.000        0.422       496.800      -600.249        0.189        1.920        1.344        0.157     -527.610
   376    112.000        0.222       506.305      -609.885        0.189        3.653        2.558        0.090     -527.610
   377    113.000       25.328        -0.011         0.029        0.161        0.027        0.019        0.241     -528.063
   378    114.000       16.858         0.034         0.035        0.117        0.030        0.021        0.159     -528.515
   379    115.000        7.971        -0.001        -0.013        0.052        0.028        0.020        0.095     -528.968
   380    115.000        0.141       523.409      -610.601        0.052        1.583        1.108        0.053     -528.968
   381    115.000        0.141       593.119      -613.694        0.052        1.585        1.110        0.034     -528.968
   382    115.000        0.114       583.817      -606.742        0.052        1.956        1.370        0.035     -528.968
   383    115.000        0.107       449.640      -612.593        0.052        2.283        1.598        0.038     -528.968
       magilla    MFPRT(31DEC13)     745               09-NOV-2015   22:15:35               Page    8
 Row #      Plane     Peak int      X-offset      Y-offset     Err peak    Err X-off    Err Y-off    Resid rms     Velocity
           pixels      Jy/beam           mas           mas      Jy/beam          mas          mas           Jy         km/s
 
   384    115.000        0.097       444.443      -605.134        0.052        2.297        1.608        0.047     -528.968
   385    116.000        2.538        -0.026        -0.052        0.018        0.030        0.021        0.051     -529.420
   386    116.000        0.176      -175.705       612.234        0.018        0.428        0.300        0.016     -529.420
   387    117.000        0.562         0.078        -0.161        0.013        0.109        0.076        0.016     -529.873
   388    117.000        0.129        -6.714        -4.620        0.013        0.436        0.305        0.017     -529.873
   389    117.000        0.066      -305.154      -610.255        0.013        0.853        0.598        0.014     -529.873
   390    118.000        0.042       595.182      -534.037        0.013        1.342        0.939        0.014     -530.325
   391    118.000        0.032       586.837      -530.234        0.013        1.752        1.226        0.014     -530.325
   392    118.000        0.027        18.998      -487.988        0.013        2.096        1.468        0.017     -530.325
   393    119.000        0.062      -610.337       396.633        0.014        0.997        0.698        0.019     -530.778
   394    119.000        0.035       217.280      -612.134        0.014        1.762        1.234        0.017     -530.778
   395    120.000        0.135         0.313        -0.573        0.014        0.453        0.317        0.014     -531.230
   396    120.000        0.040       556.692      -609.811        0.014        1.529        1.070        0.015     -531.230
   397    121.000        0.054       476.088      -612.737        0.014        1.127        0.789        0.017     -531.683
   398    121.000        0.051       612.406      -608.351        0.014        1.191        0.834        0.013     -531.683
   399    121.000        0.044       605.200      -600.605        0.014        1.379        0.966        0.012     -531.683
   400    121.000        0.039       597.302      -605.742        0.014        1.569        1.099        0.013     -531.683
   401    121.000        0.030        50.332      -614.257        0.014        2.032        1.423        0.012     -531.683
   402    122.000        0.054       603.008      -555.219        0.013        1.006        0.704        0.016     -532.135
   403    122.000        0.038       540.432      -604.956        0.013        1.448        1.014        0.016     -532.135
   404    123.000        0.057       443.490      -613.315        0.014        1.086        0.760        0.019     -532.588
   405    123.000        0.038      -168.581      -611.442        0.014        1.649        1.154        0.015     -532.588
   406    123.000        0.017       115.586      -607.136        0.014        3.606        2.525        0.018     -532.588
   407    124.000        0.038      -428.460      -601.857        0.013        1.513        1.059        0.016     -533.040
   408    124.000        0.035      -439.692      -605.146        0.013        1.625        1.138        0.016     -533.040
   409    125.000        0.069      -453.892      -612.499        0.013        0.824        0.577        0.017     -533.493
   410    125.000        0.022      -223.102      -610.738        0.013        2.575        1.803        0.016     -533.493
   411    125.000        0.014        54.747      -611.993        0.013        3.960        2.773        0.016     -533.493
   412    126.000        0.061       -40.513      -610.410        0.013        0.899        0.629        0.013     -533.945
   413    126.000        0.044       -52.204      -614.137        0.013        1.259        0.881        0.013     -533.945
   414    127.000        0.033       476.989      -611.211        0.013        1.628        1.140        0.017     -534.398
   415    128.000        0.031       146.134      -605.117        0.013        1.807        1.265        0.017     -534.851
   416    129.000        0.051       -27.849      -610.972        0.014        1.151        0.806        0.010     -535.303
   417    129.000        0.045       -28.173      -602.379        0.014        1.320        0.924        0.011     -535.303
   418    129.000        0.035       -38.326      -603.963        0.014        1.706        1.194        0.018     -535.303
   419    130.000        0.031        95.512      -610.157        0.013        1.769        1.239        0.012     -535.756
   420    130.000        0.026       604.363      -577.586        0.013        2.086        1.461        0.017     -535.756
   421    130.000        0.020       540.927      -611.090        0.013        2.823        1.977        0.015     -535.756
   422    131.000        0.049       599.965      -592.895        0.014        1.192        0.835        0.014     -536.208
   423    131.000        0.037       613.267      -597.287        0.014        1.605        1.124        0.018     -536.208
   424    131.000        0.035       -84.247      -613.634        0.014        1.680        1.176        0.015     -536.208
   425    132.000        0.156      -612.566      -611.338        0.014        0.393        0.275        0.017     -536.661
   426    132.000        0.058      -298.418      -271.350        0.014        1.058        0.741        0.016     -536.661
   427    132.000        0.047        57.848      -614.090        0.014        1.308        0.916        0.014     -536.661
   428    133.000        0.086       613.532       518.406        0.013        0.635        0.445        0.022     -537.113
   429    134.000        0.065       527.836      -606.200        0.014        0.896        0.627        0.016     -537.566
   430    134.000        0.027      -343.503      -598.297        0.014        2.124        1.487        0.013     -537.566
   431    135.000        0.041      -291.757      -610.717        0.013        1.370        0.959        0.013     -538.018
   432    136.000        0.045       436.722      -612.193        0.014        1.333        0.934        0.015     -538.471
   433    136.000        0.033       422.326      -612.730        0.014        1.821        1.275        0.014     -538.471
   434    138.000        0.051       420.670      -591.352        0.014        1.175        0.822        0.017     -539.376
   435    138.000        0.040      -494.453      -600.392        0.014        1.496        1.048        0.018     -539.376
   436    138.000        0.038       431.442      -595.460        0.014        1.566        1.096        0.013     -539.376
   437    138.000        0.036      -508.804      -599.122        0.014        1.681        1.177        0.016     -539.376
   438    138.000        0.033       433.474      -590.162        0.014        1.818        1.273        0.013     -539.376
       magilla    MFPRT(31DEC13)     745               09-NOV-2015   22:15:35               Page    9
 Row #      Plane     Peak int      X-offset      Y-offset     Err peak    Err X-off    Err Y-off    Resid rms     Velocity
           pixels      Jy/beam           mas           mas      Jy/beam          mas          mas           Jy         km/s
 
   439    140.000        0.088      -611.126      -612.716        0.014        0.697        0.488        0.015     -540.281
   440    140.000        0.026      -600.756      -610.309        0.014        2.368        1.658        0.015     -540.281
   441    141.000        0.031       263.095      -586.998        0.013        1.750        1.226        0.013     -540.734
   442    142.000        0.041      -506.063      -614.177        0.012        1.274        0.892        0.012     -541.186
   443    143.000        0.063      -475.629      -606.673        0.014        0.915        0.641        0.013     -541.639
   444    143.000        0.023      -462.261      -610.379        0.014        2.492        1.745        0.016     -541.639
   445    144.000        0.041       133.587      -612.089        0.013        1.361        0.953        0.014     -542.091
   446    146.000        0.038       564.072      -611.612        0.012        1.429        1.000        0.015     -542.996
   447    146.000        0.035       -87.693      -438.129        0.012        1.517        1.062        0.012     -542.996
   448    146.000        0.033       590.525      -613.610        0.012        1.627        1.139        0.014     -542.996
   449    146.000        0.032       613.971      -462.670        0.012        1.651        1.156        0.015     -542.996
   450    146.000        0.022       574.409      -607.928        0.012        2.696        1.888        0.014     -542.996
   451    147.000        0.071       384.942      -613.870        0.014        0.846        0.593        0.010     -543.449
   452    147.000        0.056      -584.731      -610.191        0.014        1.072        0.751        0.017     -543.449
   453    147.000        0.050      -571.700      -610.924        0.014        1.212        0.849        0.015     -543.449
   454    147.000        0.039      -271.457      -611.406        0.014        1.549        1.084        0.017     -543.449
   455    147.000        0.039      -578.976      -602.792        0.014        1.567        1.097        0.013     -543.449
   456    148.000        0.041        20.212      -611.078        0.013        1.420        0.994        0.015     -543.901
   457    149.000        0.044       527.285      -611.383        0.013        1.298        0.909        0.016     -544.354
   458    149.000        0.039       343.518      -604.044        0.013        1.468        1.028        0.015     -544.354
   459    149.000        0.026       536.872      -606.838        0.013        2.171        1.520        0.015     -544.354
   460    149.000        0.025       356.403      -606.101        0.013        2.445        1.712        0.017     -544.354
   461    151.000        0.036       557.953      -604.981        0.013        1.547        1.083        0.016     -545.259
   462    151.000        0.034       609.454      -600.336        0.013        1.657        1.160        0.019     -545.259
   463    152.000        0.039       573.093      -613.915        0.013        1.442        1.010        0.014     -545.711
   464    153.000        0.041       342.477      -607.564        0.013        1.369        0.958        0.016     -546.164
   465    153.000        0.027       329.483      -609.649        0.013        2.134        1.494        0.014     -546.164
   466    154.000        0.060       551.441      -606.435        0.013        0.936        0.655        0.015     -546.616
   467    154.000        0.060      -217.289      -611.685        0.013        0.946        0.662        0.016     -546.616
   468    154.000        0.029      -410.691      -608.640        0.013        1.939        1.358        0.012     -546.616
   469    154.000        0.015       337.125      -590.274        0.013        3.807        2.665        0.017     -546.616
   470    156.000        0.046      -109.572      -613.640        0.012        1.152        0.807        0.014     -547.522
   471    156.000        0.035      -363.328      -610.297        0.012        1.504        1.053        0.015     -547.522
   472    157.000        0.053       580.502      -613.289        0.013        1.087        0.761        0.011     -547.974
   473    157.000        0.044       569.675      -609.541        0.013        1.299        0.909        0.014     -547.974
   474    157.000        0.043       433.248      -613.015        0.013        1.338        0.937        0.011     -547.974
   475    157.000        0.025       198.123      -603.649        0.013        2.259        1.582        0.018     -547.974
   476    158.000        0.018       267.228      -571.437        0.013        2.990        2.094        0.015     -548.427
   477    161.000        0.032      -118.522      -594.055        0.013        1.743        1.220        0.016     -549.784
   478    162.000        0.044       252.908      -331.041        0.012        1.123        0.786        0.013     -550.237
   479    163.000        0.045       438.475      -612.208        0.013        1.221        0.855        0.010     -550.689
   480    163.000        0.023       608.763      -599.959        0.013        2.437        1.706        0.015     -550.689
   481    163.000        0.019      -235.829      -606.408        0.013        2.924        2.047        0.015     -550.689
   482    164.000        0.089      -481.875      -611.065        0.013        0.619        0.433        0.014     -551.142
   483    164.000        0.023       -78.732      -605.192        0.013        2.451        1.716        0.016     -551.142
   484    166.000        0.040      -556.593      -614.097        0.013        1.392        0.975        0.016     -552.047
   485    166.000        0.033      -565.857      -612.161        0.013        1.706        1.194        0.010     -552.047
   486    167.000        0.047      -453.113      -610.086        0.012        1.134        0.794        0.012     -552.499
   487    167.000        0.038      -424.037      -613.879        0.012        1.389        0.973        0.012     -552.499
   488    167.000        0.035       151.328      -609.590        0.012        1.622        1.135        0.017     -552.499
   489    167.000        0.032       138.200      -614.148        0.012        1.664        1.165        0.016     -552.499
   490    168.000        0.040      -611.958      -567.477        0.013        1.342        0.939        0.011     -552.952
   491    168.000        0.028      -536.219      -610.374        0.013        1.942        1.360        0.013     -552.952
   492    168.000        0.020      -528.021      -606.594        0.013        2.705        1.894        0.014     -552.952
   493    169.000        0.068       609.094       380.797        0.014        0.866        0.606        0.020     -553.404
       magilla    MFPRT(31DEC13)     745               09-NOV-2015   22:15:35               Page   10
 Row #      Plane     Peak int      X-offset      Y-offset     Err peak    Err X-off    Err Y-off    Resid rms     Velocity
           pixels      Jy/beam           mas           mas      Jy/beam          mas          mas           Jy         km/s
 
   494    169.000        0.055      -272.310      -612.340        0.014        1.071        0.750        0.015     -553.404
   495    169.000        0.026       595.796       384.144        0.014        2.486        1.740        0.015     -553.404
   496    170.000        0.100      -612.241      -179.414        0.013        0.576        0.403        0.020     -553.857
   497    170.000        0.059      -610.102      -592.665        0.013        0.973        0.682        0.014     -553.857
   498    170.000        0.055       612.814      -598.620        0.013        1.043        0.730        0.021     -553.857
   499    170.000        0.044      -607.572      -601.988        0.013        1.320        0.924        0.015     -553.857
   500    170.000        0.043       -36.898      -614.178        0.013        1.358        0.951        0.014     -553.857
   501    170.000        0.034      -597.466      -598.711        0.013        1.677        1.174        0.013     -553.857
   502    171.000        0.055      -433.424      -614.233        0.012        0.951        0.666        0.011     -554.310
   503    171.000        0.044        44.943      -607.695        0.012        1.200        0.840        0.014     -554.310
   504    172.000        0.031       370.579      -607.218        0.013        1.783        1.249        0.014     -554.762
   505    172.000        0.028      -355.909      -605.889        0.013        2.001        1.401        0.014     -554.762
   506    172.000        0.019       359.815      -600.502        0.013        2.989        2.092        0.015     -554.762
   507    174.000        0.070      -610.631      -565.273        0.014        0.828        0.580        0.023     -555.667
   508    174.000        0.041       230.265      -607.035        0.014        1.412        0.988        0.018     -555.667
   509    174.000        0.022       220.279      -608.197        0.014        2.658        1.861        0.020     -555.667
   510    175.000        0.040       -36.249      -448.765        0.012        1.286        0.901        0.010     -556.120
   511    175.000        0.034       598.275      -421.532        0.012        1.536        1.075        0.014     -556.120
   512    175.000        0.028      -119.016      -468.834        0.012        1.872        1.311        0.013     -556.120
   513    176.000        0.033       609.588      -571.312        0.013        1.638        1.147        0.013     -556.572
   514    176.000        0.025        45.967      -610.909        0.013        2.169        1.519        0.014     -556.572
   515    176.000        0.023       191.138      -599.652        0.013        2.384        1.669        0.019     -556.572
   516    177.000        0.022      -190.161      -610.093        0.013        2.528        1.770        0.019     -557.025
   517    180.000        0.042       610.964      -613.358        0.012        1.267        0.887        0.013     -558.382
   518    180.000        0.031       599.217      -607.058        0.012        1.744        1.221        0.014     -558.382
   519    181.000        0.036       459.579      -602.183        0.012        1.439        1.008        0.015     -558.835
   520    182.000        0.063       174.648      -613.446        0.014        0.936        0.656        0.014     -559.287
   521    182.000        0.031       162.562      -608.533        0.014        1.909        1.337        0.017     -559.287
   522    183.000        0.031      -594.421      -603.611        0.013        1.759        1.231        0.018     -559.740
   523    183.000        0.030       513.190      -613.823        0.013        1.772        1.241        0.012     -559.740
   524    183.000        0.025      -605.238      -602.824        0.013        2.175        1.523        0.020     -559.740
   525    183.000        0.021      -176.995      -609.471        0.013        2.561        1.793        0.016     -559.740
   526    184.000        0.018       309.967      -598.224        0.013        3.195        2.237        0.017     -560.192
   527    186.000        0.034       545.546      -607.629        0.012        1.478        1.035        0.015     -561.098
   528    186.000        0.023       558.570      -534.298        0.012        2.170        1.519        0.014     -561.098
   529    187.000        0.049         2.746      -611.344        0.013        1.122        0.786        0.012     -561.550
   530    187.000        0.021      -441.206      -606.503        0.013        2.652        1.857        0.019     -561.550
   531    188.000        0.056       123.517      -614.148        0.013        1.006        0.705        0.014     -562.003
   532    188.000        0.049      -231.182      -613.560        0.013        1.134        0.794        0.012     -562.003
   533    188.000        0.036      -466.091      -610.577        0.013        1.553        1.087        0.016     -562.003
   534    188.000        0.034      -475.798      -602.929        0.013        1.632        1.142        0.017     -562.003
   535    188.000        0.028       132.365      -611.713        0.013        2.028        1.420        0.016     -562.003
   536    189.000        0.040      -337.598      -610.839        0.013        1.431        1.002        0.014     -562.455
   537    189.000        0.039       579.972      -605.222        0.013        1.470        1.029        0.014     -562.455
   538    189.000        0.037      -486.224      -611.714        0.013        1.548        1.084        0.015     -562.455
   539    190.000        0.048       343.526      -611.870        0.013        1.175        0.823        0.014     -562.908
   540    190.000        0.031       341.917      -602.492        0.013        1.782        1.248        0.013     -562.908
   541    191.000        0.087       127.084      -493.778        0.013        0.657        0.460        0.011     -563.360
   542    192.000        0.240       127.927      -493.594        0.014        0.259        0.181        0.013     -563.813
   543    192.000        0.020       454.146      -595.144        0.014        3.133        2.194        0.016     -563.813
   544    193.000        0.441       128.325      -493.746        0.015        0.144        0.101        0.018     -564.265
   545    193.000        0.068       561.628      -612.770        0.015        0.940        0.658        0.015     -564.265
   546    193.000        0.035      -400.900      -605.777        0.015        1.803        1.262        0.020     -564.265
   547    193.000        0.029      -389.501      -610.523        0.015        2.206        1.544        0.014     -564.265
   548    194.000        0.787       127.774      -493.739        0.014        0.078        0.055        0.023     -564.718
       magilla    MFPRT(31DEC13)     745               09-NOV-2015   22:15:35               Page   11
 Row #      Plane     Peak int      X-offset      Y-offset     Err peak    Err X-off    Err Y-off    Resid rms     Velocity
           pixels      Jy/beam           mas           mas      Jy/beam          mas          mas           Jy         km/s
 
   549    194.000        0.116       425.850      -611.362        0.014        0.531        0.372        0.016     -564.718
   550    194.000        0.103        -4.214      -375.863        0.014        0.601        0.421        0.014     -564.718
   551    194.000        0.064      -200.199      -611.343        0.014        0.966        0.676        0.015     -564.718
   552    195.000        1.286       127.652      -493.395        0.019        0.062        0.043        0.034     -565.170
   553    195.000        0.163        -4.626      -375.038        0.019        0.489        0.343        0.019     -565.170
   554    195.000        0.071       428.937      -610.843        0.019        1.127        0.789        0.014     -565.170
   555    195.000        0.069       419.281      -609.087        0.019        1.152        0.806        0.017     -565.170
   556    196.000        1.806       127.550      -493.311        0.016        0.039        0.027        0.033     -565.623
   557    196.000        0.060       436.210      -613.034        0.016        1.167        0.817        0.015     -565.623
   558    196.000        0.054       425.173      -607.729        0.016        1.294        0.906        0.017     -565.623
   559    196.000        0.042       564.137      -609.518        0.016        1.674        1.172        0.018     -565.623
   560    196.000        0.036       578.329      -613.151        0.016        1.920        1.344        0.020     -565.623
   561    197.000        2.268       127.291      -493.256        0.020        0.038        0.026        0.059     -566.075
   562    197.000        0.099       432.027      -612.078        0.020        0.863        0.604        0.018     -566.075
   563    197.000        0.098      -612.589       357.049        0.020        0.875        0.613        0.015     -566.075
   564    197.000        0.091       190.352       -53.588        0.020        0.946        0.662        0.015     -566.075
   565    197.000        0.089       613.477      -481.765        0.020        1.050        0.735        0.018     -566.075
   566    197.000        0.071      -161.440       450.915        0.020        1.319        0.924        0.021     -566.075
   567    197.000        0.046       601.630      -476.063        0.020        1.870        1.309        0.018     -566.075
   568    197.000        0.034      -169.052       446.726        0.020        2.496        1.748        0.019     -566.075
   569    198.000        2.707       126.864      -493.002        0.022        0.035        0.025        0.045     -566.528
   570    198.000        0.143      -612.173      -291.267        0.022        0.668        0.468        0.015     -566.528
   571    198.000        0.134       126.403      -499.802        0.022        0.711        0.498        0.043     -566.528
   572    198.000        0.107       610.909      -289.012        0.022        0.890        0.623        0.021     -566.528
   573    198.000        0.104       420.431      -608.938        0.022        0.993        0.696        0.017     -566.528
   574    198.000        0.098       565.651      -379.371        0.022        0.972        0.681        0.020     -566.528
   575    198.000        0.096       572.647      -383.093        0.022        0.988        0.692        0.023     -566.528
   576    198.000        0.089      -226.523      -430.410        0.022        1.162        0.814        0.021     -566.528
   577    198.000        0.066      -215.999      -435.200        0.022        1.450        1.015        0.026     -566.528
   578    198.000        0.046       415.124      -601.627        0.022        2.073        1.451        0.019     -566.528
   579    199.000        2.732       126.570      -492.791        0.022        0.035        0.024        0.050     -566.980
   580    199.000        0.103       118.076      -495.785        0.022        0.929        0.651        0.033     -566.980
   581    199.000        0.083       131.333      -499.764        0.022        1.145        0.802        0.044     -566.980
   582    200.000        2.584       126.830      -492.752        0.021        0.035        0.025        0.052     -567.433
   583    200.000        0.150       119.622      -203.835        0.021        0.605        0.423        0.019     -567.433
   584    200.000        0.108       119.064      -496.617        0.021        0.835        0.585        0.036     -567.433
   585    200.000        0.108       130.999      -499.866        0.021        0.841        0.589        0.050     -567.433
   586    200.000        0.099       426.492      -611.847        0.021        0.996        0.697        0.021     -567.433
   587    200.000        0.099       220.414       197.698        0.021        0.916        0.642        0.022     -567.433
   588    200.000        0.072       212.142       199.363        0.021        1.260        0.882        0.019     -567.433
   589    200.000        0.067       418.743      -606.440        0.021        1.347        0.943        0.018     -567.433
   590    201.000        2.111       127.316      -492.405        0.020        0.041        0.029        0.077     -567.886
   591    201.000        0.138       119.517      -494.837        0.020        0.624        0.437        0.039     -567.886
   592    201.000        0.104      -612.737      -252.569        0.020        0.828        0.580        0.024     -567.886
   593    201.000        0.070       128.786      -500.488        0.020        1.228        0.860        0.079     -567.886
   594    201.000        0.061       449.832       607.901        0.020        1.406        0.985        0.023     -567.886
   595    201.000        0.059       458.241       606.523        0.020        1.590        1.113        0.020     -567.886
   596    202.000        0.106       122.422      -364.352        0.015        0.628        0.440        0.015     -568.338
   597    202.000        0.105       226.316       197.831        0.015        0.635        0.444        0.015     -568.338
   598    203.000        0.088       111.339      -299.236        0.016        0.780        0.546        0.014     -568.791
   599    203.000        0.047       611.300      -608.156        0.016        1.471        1.030        0.016     -568.791
   600    204.000        0.975       131.576      -491.245        0.015        0.072        0.051        0.026     -569.243
   601    204.000        0.252       126.414      -493.389        0.015        0.257        0.180        0.025     -569.243
   602    205.000        0.833       131.892      -490.552        0.014        0.080        0.056        0.026     -569.696
   603    205.000        0.199       125.873      -493.560        0.014        0.308        0.215        0.025     -569.696
       magilla    MFPRT(31DEC13)     745               09-NOV-2015   22:15:35               Page   12
 Row #      Plane     Peak int      X-offset      Y-offset     Err peak    Err X-off    Err Y-off    Resid rms     Velocity
           pixels      Jy/beam           mas           mas      Jy/beam          mas          mas           Jy         km/s
 
   604    205.000        0.071       444.737      -613.802        0.014        0.865        0.605        0.019     -569.696
   605    205.000        0.039       433.986      -609.387        0.014        1.577        1.104        0.018     -569.696
   606    205.000        0.038        73.612      -612.293        0.014        1.636        1.146        0.012     -569.696
   607    206.000        0.668       132.003      -490.687        0.015        0.105        0.074        0.018     -570.148
   608    206.000        0.147       124.654      -492.716        0.015        0.440        0.308        0.016     -570.148
   609    206.000        0.061      -613.102      -551.493        0.015        1.060        0.742        0.015     -570.148
   610    207.000        0.059      -585.289      -612.736        0.014        0.991        0.694        0.012     -570.601
   611    208.000        0.020       490.216      -611.396        0.013        2.843        1.990        0.016     -571.053
   612    209.000        0.026        79.809      -607.284        0.013        2.130        1.491        0.014     -571.506
   613    210.000        0.059        85.517      -611.502        0.015        1.112        0.778        0.013     -571.958
   614    210.000        0.046       -54.447      -614.246        0.015        1.434        1.004        0.014     -571.958
   615    210.000        0.027        81.651      -604.388        0.015        2.438        1.707        0.014     -571.958
   616    211.000        0.046      -612.879      -570.896        0.013        1.200        0.840        0.019     -572.411
   617    211.000        0.026      -288.528      -610.082        0.013        2.106        1.474        0.017     -572.411
   618    211.000        0.025        62.185      -613.273        0.013        2.210        1.547        0.013     -572.411
   619    211.000        0.019      -179.026      -611.580        0.013        2.898        2.029        0.017     -572.411
   620    213.000        0.066       523.630      -612.961        0.014        0.905        0.634        0.015     -573.316
   621    213.000        0.032       531.061      -609.364        0.014        1.871        1.310        0.015     -573.316
   622    214.000        0.071       101.044      -608.544        0.012        0.748        0.524        0.015     -573.769
   623    214.000        0.061        90.737      -602.029        0.012        0.875        0.613        0.015     -573.769
   624    214.000        0.058       243.337      -611.485        0.012        0.912        0.639        0.014     -573.769
   625    214.000        0.035       224.112      -609.647        0.012        1.526        1.069        0.012     -573.769
   626    214.000        0.021       232.048      -606.188        0.012        2.535        1.775        0.014     -573.769
   627    215.000        0.041      -532.808      -597.977        0.013        1.322        0.926        0.016     -574.221
   628    215.000        0.024      -507.699      -603.982        0.013        2.321        1.625        0.017     -574.221
   629    215.000        0.015      -547.740      -586.063        0.013        3.749        2.625        0.018     -574.221
   630    217.000        0.027       141.312      -608.345        0.013        2.036        1.425        0.015     -575.126
   631    218.000        0.052       516.115      -610.548        0.013        1.074        0.752        0.013     -575.579
   632    218.000        0.026       507.239      -604.056        0.013        2.130        1.491        0.014     -575.579
   633    219.000        0.055      -511.560      -609.497        0.013        0.994        0.696        0.014     -576.031
   634    219.000        0.041       352.586      -611.356        0.013        1.322        0.926        0.011     -576.031
   635    219.000        0.035      -571.646      -609.851        0.013        1.585        1.110        0.012     -576.031
   636    219.000        0.024      -523.940      -605.246        0.013        2.241        1.569        0.014     -576.031
   637    219.000        0.023      -322.319      -610.785        0.013        2.383        1.669        0.013     -576.031
   638    219.000        0.023       341.412      -609.798        0.013        2.384        1.669        0.013     -576.031
   639    220.000        0.048      -542.684      -613.784        0.012        1.081        0.757        0.013     -576.484
   640    221.000        0.031      -317.769      -610.078        0.013        1.875        1.312        0.017     -576.936
   641    222.000        0.026       235.472      -610.416        0.013        2.174        1.522        0.015     -577.389
   642    223.000        0.029      -141.342      -610.559        0.013        1.970        1.379        0.017     -577.841
   643    226.000        0.084       607.334       562.411        0.013        0.664        0.465        0.015     -579.199
   644    226.000        0.058      -115.861      -612.532        0.013        0.957        0.670        0.015     -579.199
   645    227.000        0.091       612.086       579.855        0.013        0.630        0.441        0.027     -579.651
   646    227.000        0.062       285.542      -613.538        0.013        0.925        0.647        0.012     -579.651
   647    228.000        0.032      -188.317      -589.332        0.013        1.711        1.198        0.016     -580.104
   648    230.000        0.103      -602.694      -612.930        0.014        0.574        0.402        0.010     -581.009
   649    230.000        0.081      -217.573       612.777        0.014        0.724        0.507        0.012     -581.009
   650    230.000        0.055       539.460      -604.202        0.014        1.063        0.744        0.016     -581.009
   651    230.000        0.028       537.319      -613.275        0.014        2.135        1.495        0.014     -581.009
   652    231.000        0.061      -605.699        62.414        0.013        0.901        0.631        0.015     -581.462
   653    231.000        0.045       535.355      -613.992        0.013        1.233        0.863        0.012     -581.462
   654    231.000        0.041        42.940      -609.592        0.013        1.365        0.956        0.017     -581.462
   655    231.000        0.016        28.608      -603.086        0.013        3.778        2.645        0.018     -581.462
   656    232.000        0.033      -342.288      -609.995        0.013        1.652        1.157        0.013     -581.914
   657    232.000        0.025      -586.579      -528.321        0.013        2.171        1.520        0.015     -581.914
   658    232.000        0.018       -38.192      -554.188        0.013        3.076        2.154        0.013     -581.914
       magilla    MFPRT(31DEC13)     745               09-NOV-2015   22:15:35               Page   13
 Row #      Plane     Peak int      X-offset      Y-offset     Err peak    Err X-off    Err Y-off    Resid rms     Velocity
           pixels      Jy/beam           mas           mas      Jy/beam          mas          mas           Jy         km/s
 
   659    235.000        0.027       607.262      -611.563        0.014        2.188        1.532        0.016     -583.272
   660    236.000        0.041      -247.850      -613.463        0.013        1.335        0.935        0.016     -583.724
   661    236.000        0.028       592.964      -601.917        0.013        1.975        1.383        0.015     -583.724
   662    238.000        0.094      -613.102      -420.510        0.012        0.552        0.386        0.017     -584.629
   663    238.000        0.062       610.427      -613.362        0.012        0.837        0.586        0.012     -584.629
   664    240.000        0.055       325.780      -614.267        0.013        1.047        0.733        0.014     -585.534
   665    241.000        0.046       416.000      -611.493        0.014        1.270        0.889        0.016     -585.987
   666    241.000        0.045       424.487      -612.392        0.014        1.296        0.908        0.014     -585.987
   667    241.000        0.041       562.104      -612.470        0.014        1.440        1.008        0.011     -585.987
   668    241.000        0.036      -401.340      -611.268        0.014        1.627        1.139        0.012     -585.987
   669    242.000        0.034       594.894      -585.527        0.013        1.656        1.159        0.014     -586.439
   670    242.000        0.032       372.028      -612.387        0.013        1.789        1.253        0.015     -586.439
   671    242.000        0.026       378.134      -607.166        0.013        2.195        1.537        0.016     -586.439
   672    243.000        0.078       610.850      -603.841        0.013        0.732        0.513        0.014     -586.892
   673    243.000        0.067      -607.064      -604.335        0.013        0.846        0.592        0.022     -586.892
   674    243.000        0.058      -594.042      -607.128        0.013        1.072        0.751        0.019     -586.892
   675    243.000        0.053       248.656      -608.940        0.013        1.065        0.746        0.014     -586.892
   676    243.000        0.036       256.909      -602.787        0.013        1.566        1.096        0.016     -586.892
   677    243.000        0.036       604.556      -609.831        0.013        1.571        1.100        0.013     -586.892
   678    244.000        0.029       435.951      -590.447        0.013        1.917        1.342        0.015     -587.345
   679    245.000        0.024        73.219      -613.280        0.013        2.387        1.671        0.016     -587.797
   680    246.000        0.073       611.515      -294.884        0.013        0.782        0.547        0.018     -588.250
   681    246.000        0.035       602.341      -300.352        0.013        1.780        1.246        0.014     -588.250
   682    249.000        0.084      -565.334      -613.969        0.014        0.690        0.483        0.015     -589.607
   683    249.000        0.065      -127.688      -611.727        0.014        0.897        0.628        0.015     -589.607
   684    249.000        0.058      -138.473       606.472        0.014        0.997        0.698        0.019     -589.607
   685    249.000        0.032       599.361      -613.970        0.014        1.825        1.278        0.016     -589.607
   686    251.000        0.040       370.504      -612.843        0.013        1.404        0.983        0.015     -590.512
   687    252.000        0.118       -68.504      -171.081        0.013        0.477        0.334        0.010     -590.965
   688    252.000        0.047       607.254      -611.954        0.013        1.208        0.846        0.016     -590.965
   689    252.000        0.040       558.820      -608.578        0.013        1.394        0.976        0.014     -590.965
   690    252.000        0.032      -119.926      -611.824        0.013        1.766        1.236        0.018     -590.965
   691    252.000        0.030      -118.484      -601.509        0.013        1.866        1.307        0.016     -590.965
   692    253.000        0.070      -491.052      -144.510        0.013        0.791        0.554        0.012     -591.417
   693    254.000        0.073      -347.642      -612.815        0.014        0.808        0.565        0.012     -591.870
   694    254.000        0.070      -611.934      -221.028        0.014        0.842        0.590        0.022     -591.870
   695    254.000        0.060      -182.317      -614.301        0.014        0.980        0.686        0.012     -591.870
   696    256.000        0.050      -336.583      -612.793        0.015        1.256        0.880        0.016     -592.775
   697    256.000        0.050       323.666      -610.328        0.015        1.268        0.888        0.014     -592.775
   698    256.000        0.048       335.676      -612.002        0.015        1.299        0.909        0.018     -592.775
   699    256.000        0.044       541.105      -611.649        0.015        1.422        0.996        0.015     -592.775
   700    256.000        0.041       529.366      -612.469        0.015        1.534        1.074        0.015     -592.775
   701    256.000        0.030       311.758      -608.078        0.015        2.109        1.477        0.015     -592.775
   702    258.000        0.060       202.024      -613.948        0.013        0.919        0.643        0.013     -593.680
   703    259.000        0.039      -379.359      -612.439        0.014        1.509        1.057        0.014     -594.133
   704    260.000        0.026        68.658      -608.169        0.014        2.225        1.558        0.014     -594.585
   705    260.000        0.024        77.760      -609.664        0.014        2.388        1.672        0.014     -594.585
   706    260.000        0.022      -189.081      -612.383        0.014        2.658        1.861        0.013     -594.585
   707    261.000        0.059       602.016      -590.987        0.013        1.034        0.724        0.016     -595.038
   708    261.000        0.050       613.273      -594.418        0.013        1.121        0.785        0.019     -595.038
   709    261.000        0.039       588.510      -592.176        0.013        1.419        0.994        0.017     -595.038
   710    261.000        0.031       598.942      -598.610        0.013        1.812        1.269        0.017     -595.038
   711    262.000        0.054      -610.333      -575.656        0.013        1.012        0.709        0.013     -595.490
   712    262.000        0.046      -339.287      -614.351        0.013        1.185        0.830        0.014     -595.490
   713    264.000        0.047       579.795      -612.699        0.012        1.126        0.788        0.013     -596.395
       magilla    MFPRT(31DEC13)     745               09-NOV-2015   22:15:35               Page   14
 Row #      Plane     Peak int      X-offset      Y-offset     Err peak    Err X-off    Err Y-off    Resid rms     Velocity
           pixels      Jy/beam           mas           mas      Jy/beam          mas          mas           Jy         km/s
 
   714    264.000        0.028      -297.013      -605.094        0.012        1.889        1.322        0.016     -596.395
   715    265.000        0.026       490.568      -608.885        0.013        2.184        1.529        0.016     -596.848
   716    265.000        0.024       475.929      -608.281        0.013        2.592        1.815        0.014     -596.848
   717    267.000        0.075       611.185       122.166        0.013        0.768        0.538        0.022     -597.753
   718    267.000        0.050        38.031      -613.587        0.013        1.162        0.814        0.013     -597.753
   719    268.000        0.032      -480.986      -607.212        0.013        1.735        1.215        0.014     -598.205
   720    268.000        0.026       584.806      -600.458        0.013        2.155        1.509        0.017     -598.205
   721    269.000        0.046      -243.248      -611.792        0.013        1.217        0.852        0.014     -598.658
   722    269.000        0.042       386.685      -612.562        0.013        1.314        0.920        0.016     -598.658
   723    269.000        0.038       402.407      -611.420        0.013        1.469        1.028        0.014     -598.658
   724    269.000        0.034       139.259      -530.700        0.013        1.640        1.148        0.014     -598.658
   725    269.000        0.015       407.121      -599.102        0.013        3.674        2.573        0.015     -598.658
   726    270.000        0.061      -197.548      -598.820        0.014        0.966        0.676        0.016     -599.110
   727    270.000        0.048      -522.973      -613.460        0.014        1.228        0.860        0.012     -599.110
   728    270.000        0.041      -209.832      -596.689        0.014        1.446        1.012        0.018     -599.110
   729    270.000        0.029      -515.784      -610.690        0.014        2.012        1.408        0.016     -599.110
   730    274.000        0.064       486.811      -610.898        0.013        0.902        0.631        0.013     -600.921
   731    274.000        0.050       612.150      -600.807        0.013        1.160        0.812        0.022     -600.921
   732    275.000        0.077       529.459      -611.604        0.013        0.753        0.527        0.015     -601.373
   733    277.000        0.042       243.636      -613.896        0.014        1.455        1.019        0.015     -602.278
   734    278.000        0.050      -573.148      -530.154        0.013        1.100        0.770        0.014     -602.731
   735    278.000        0.040        98.044      -614.373        0.013        1.372        0.960        0.014     -602.731
   736    278.000        0.040        89.087      -607.232        0.013        1.392        0.975        0.018     -602.731
   737    278.000        0.029      -607.165      -573.905        0.013        1.873        1.312        0.014     -602.731
